<?xml version="1.0" encoding="UTF-8"?>
<!-- Generated by org.testng.reporters.JUnitXMLReporter -->
<testsuite hostname="LPT-SKODHA.local" ignored="0" name="Default test" tests="100" failures="100" timestamp="15 Jul 2018 23:33:56 GMT" time="3.668" errors="0">
  <testcase name="finding_search" time="0.178" classname="website_searcher.website_searcher_test">
    <failure type="org.openqa.selenium.WebDriverException" message="java.net.MalformedURLException: no protocol: ihg.com
Build info: version: &amp;apos;3.12.0&amp;apos;, revision: &amp;apos;7c6e0b3&amp;apos;, time: &amp;apos;2018-05-08T15:15:08.936Z&amp;apos;
System info: host: &amp;apos;LPT-SKODHA.local&amp;apos;, ip: &amp;apos;2601:641:300:569b:1838:54c3:28ef:b06d&amp;apos;, os.name: &amp;apos;Mac OS X&amp;apos;, os.arch: &amp;apos;x86_64&amp;apos;, os.version: &amp;apos;10.12.6&amp;apos;, java.version: &amp;apos;1.8.0_121&amp;apos;
Driver info: driver.version: HtmlUnitDriver">
      <![CDATA[org.openqa.selenium.WebDriverException: java.net.MalformedURLException: no protocol: ihg.com
Build info: version: '3.12.0', revision: '7c6e0b3', time: '2018-05-08T15:15:08.936Z'
System info: host: 'LPT-SKODHA.local', ip: '2601:641:300:569b:1838:54c3:28ef:b06d', os.name: 'Mac OS X', os.arch: 'x86_64', os.version: '10.12.6', java.version: '1.8.0_121'
Driver info: driver.version: HtmlUnitDriver
at org.openqa.selenium.htmlunit.HtmlUnitDriver.get(HtmlUnitDriver.java:659)
at website_searcher.website_searcher_test.finding_search(website_searcher_test.java:93)
at sun.reflect.NativeMethodAccessorImpl.invoke0(Native Method)
at sun.reflect.NativeMethodAccessorImpl.invoke(NativeMethodAccessorImpl.java:62)
at sun.reflect.DelegatingMethodAccessorImpl.invoke(DelegatingMethodAccessorImpl.java:43)
at java.lang.reflect.Method.invoke(Method.java:498)
at org.testng.internal.MethodInvocationHelper.invokeMethod(MethodInvocationHelper.java:124)
at org.testng.internal.Invoker.invokeMethod(Invoker.java:580)
at org.testng.internal.Invoker.invokeTestMethod(Invoker.java:716)
at org.testng.internal.Invoker.invokeTestMethods(Invoker.java:988)
at org.testng.internal.TestMethodWorker.invokeTestMethods(TestMethodWorker.java:125)
at org.testng.internal.TestMethodWorker.run(TestMethodWorker.java:109)
at org.testng.internal.thread.ThreadUtil$1.call(ThreadUtil.java:52)
at java.util.concurrent.FutureTask.run(FutureTask.java:266)
at java.util.concurrent.ThreadPoolExecutor.runWorker(ThreadPoolExecutor.java:1142)
at java.util.concurrent.ThreadPoolExecutor$Worker.run(ThreadPoolExecutor.java:617)
at java.lang.Thread.run(Thread.java:745)
Caused by: java.net.MalformedURLException: no protocol: ihg.com
at java.net.URL.<init>(URL.java:593)
at java.net.URL.<init>(URL.java:490)
at java.net.URL.<init>(URL.java:439)
at org.openqa.selenium.htmlunit.HtmlUnitDriver.get(HtmlUnitDriver.java:657)
... 16 more
]]>
    </failure>
  </testcase> <!-- finding_search -->
  <testcase name="finding_search" time="0.177" classname="website_searcher.website_searcher_test">
    <failure type="org.openqa.selenium.WebDriverException" message="java.net.MalformedURLException: no protocol: nsw.gov.au
Build info: version: &amp;apos;3.12.0&amp;apos;, revision: &amp;apos;7c6e0b3&amp;apos;, time: &amp;apos;2018-05-08T15:15:08.936Z&amp;apos;
System info: host: &amp;apos;LPT-SKODHA.local&amp;apos;, ip: &amp;apos;2601:641:300:569b:1838:54c3:28ef:b06d&amp;apos;, os.name: &amp;apos;Mac OS X&amp;apos;, os.arch: &amp;apos;x86_64&amp;apos;, os.version: &amp;apos;10.12.6&amp;apos;, java.version: &amp;apos;1.8.0_121&amp;apos;
Driver info: driver.version: HtmlUnitDriver">
      <![CDATA[org.openqa.selenium.WebDriverException: java.net.MalformedURLException: no protocol: nsw.gov.au
Build info: version: '3.12.0', revision: '7c6e0b3', time: '2018-05-08T15:15:08.936Z'
System info: host: 'LPT-SKODHA.local', ip: '2601:641:300:569b:1838:54c3:28ef:b06d', os.name: 'Mac OS X', os.arch: 'x86_64', os.version: '10.12.6', java.version: '1.8.0_121'
Driver info: driver.version: HtmlUnitDriver
at org.openqa.selenium.htmlunit.HtmlUnitDriver.get(HtmlUnitDriver.java:659)
at website_searcher.website_searcher_test.finding_search(website_searcher_test.java:93)
at sun.reflect.NativeMethodAccessorImpl.invoke0(Native Method)
at sun.reflect.NativeMethodAccessorImpl.invoke(NativeMethodAccessorImpl.java:62)
at sun.reflect.DelegatingMethodAccessorImpl.invoke(DelegatingMethodAccessorImpl.java:43)
at java.lang.reflect.Method.invoke(Method.java:498)
at org.testng.internal.MethodInvocationHelper.invokeMethod(MethodInvocationHelper.java:124)
at org.testng.internal.Invoker.invokeMethod(Invoker.java:580)
at org.testng.internal.Invoker.invokeTestMethod(Invoker.java:716)
at org.testng.internal.Invoker.invokeTestMethods(Invoker.java:988)
at org.testng.internal.TestMethodWorker.invokeTestMethods(TestMethodWorker.java:125)
at org.testng.internal.TestMethodWorker.run(TestMethodWorker.java:109)
at org.testng.internal.thread.ThreadUtil$1.call(ThreadUtil.java:52)
at java.util.concurrent.FutureTask.run(FutureTask.java:266)
at java.util.concurrent.ThreadPoolExecutor.runWorker(ThreadPoolExecutor.java:1142)
at java.util.concurrent.ThreadPoolExecutor$Worker.run(ThreadPoolExecutor.java:617)
at java.lang.Thread.run(Thread.java:745)
Caused by: java.net.MalformedURLException: no protocol: nsw.gov.au
at java.net.URL.<init>(URL.java:593)
at java.net.URL.<init>(URL.java:490)
at java.net.URL.<init>(URL.java:439)
at org.openqa.selenium.htmlunit.HtmlUnitDriver.get(HtmlUnitDriver.java:657)
... 16 more
]]>
    </failure>
  </testcase> <!-- finding_search -->
  <testcase name="finding_search" time="0.178" classname="website_searcher.website_searcher_test">
    <failure type="org.openqa.selenium.WebDriverException" message="java.net.MalformedURLException: no protocol: illinois.edu
Build info: version: &amp;apos;3.12.0&amp;apos;, revision: &amp;apos;7c6e0b3&amp;apos;, time: &amp;apos;2018-05-08T15:15:08.936Z&amp;apos;
System info: host: &amp;apos;LPT-SKODHA.local&amp;apos;, ip: &amp;apos;2601:641:300:569b:1838:54c3:28ef:b06d&amp;apos;, os.name: &amp;apos;Mac OS X&amp;apos;, os.arch: &amp;apos;x86_64&amp;apos;, os.version: &amp;apos;10.12.6&amp;apos;, java.version: &amp;apos;1.8.0_121&amp;apos;
Driver info: driver.version: HtmlUnitDriver">
      <![CDATA[org.openqa.selenium.WebDriverException: java.net.MalformedURLException: no protocol: illinois.edu
Build info: version: '3.12.0', revision: '7c6e0b3', time: '2018-05-08T15:15:08.936Z'
System info: host: 'LPT-SKODHA.local', ip: '2601:641:300:569b:1838:54c3:28ef:b06d', os.name: 'Mac OS X', os.arch: 'x86_64', os.version: '10.12.6', java.version: '1.8.0_121'
Driver info: driver.version: HtmlUnitDriver
at org.openqa.selenium.htmlunit.HtmlUnitDriver.get(HtmlUnitDriver.java:659)
at website_searcher.website_searcher_test.finding_search(website_searcher_test.java:93)
at sun.reflect.NativeMethodAccessorImpl.invoke0(Native Method)
at sun.reflect.NativeMethodAccessorImpl.invoke(NativeMethodAccessorImpl.java:62)
at sun.reflect.DelegatingMethodAccessorImpl.invoke(DelegatingMethodAccessorImpl.java:43)
at java.lang.reflect.Method.invoke(Method.java:498)
at org.testng.internal.MethodInvocationHelper.invokeMethod(MethodInvocationHelper.java:124)
at org.testng.internal.Invoker.invokeMethod(Invoker.java:580)
at org.testng.internal.Invoker.invokeTestMethod(Invoker.java:716)
at org.testng.internal.Invoker.invokeTestMethods(Invoker.java:988)
at org.testng.internal.TestMethodWorker.invokeTestMethods(TestMethodWorker.java:125)
at org.testng.internal.TestMethodWorker.run(TestMethodWorker.java:109)
at org.testng.internal.thread.ThreadUtil$1.call(ThreadUtil.java:52)
at java.util.concurrent.FutureTask.run(FutureTask.java:266)
at java.util.concurrent.ThreadPoolExecutor.runWorker(ThreadPoolExecutor.java:1142)
at java.util.concurrent.ThreadPoolExecutor$Worker.run(ThreadPoolExecutor.java:617)
at java.lang.Thread.run(Thread.java:745)
Caused by: java.net.MalformedURLException: no protocol: illinois.edu
at java.net.URL.<init>(URL.java:593)
at java.net.URL.<init>(URL.java:490)
at java.net.URL.<init>(URL.java:439)
at org.openqa.selenium.htmlunit.HtmlUnitDriver.get(HtmlUnitDriver.java:657)
... 16 more
]]>
    </failure>
  </testcase> <!-- finding_search -->
  <testcase name="finding_search" time="0.177" classname="website_searcher.website_searcher_test">
    <failure type="org.openqa.selenium.WebDriverException" message="java.net.MalformedURLException: no protocol: bloglovin.com
Build info: version: &amp;apos;3.12.0&amp;apos;, revision: &amp;apos;7c6e0b3&amp;apos;, time: &amp;apos;2018-05-08T15:15:08.936Z&amp;apos;
System info: host: &amp;apos;LPT-SKODHA.local&amp;apos;, ip: &amp;apos;2601:641:300:569b:1838:54c3:28ef:b06d&amp;apos;, os.name: &amp;apos;Mac OS X&amp;apos;, os.arch: &amp;apos;x86_64&amp;apos;, os.version: &amp;apos;10.12.6&amp;apos;, java.version: &amp;apos;1.8.0_121&amp;apos;
Driver info: driver.version: HtmlUnitDriver">
      <![CDATA[org.openqa.selenium.WebDriverException: java.net.MalformedURLException: no protocol: bloglovin.com
Build info: version: '3.12.0', revision: '7c6e0b3', time: '2018-05-08T15:15:08.936Z'
System info: host: 'LPT-SKODHA.local', ip: '2601:641:300:569b:1838:54c3:28ef:b06d', os.name: 'Mac OS X', os.arch: 'x86_64', os.version: '10.12.6', java.version: '1.8.0_121'
Driver info: driver.version: HtmlUnitDriver
at org.openqa.selenium.htmlunit.HtmlUnitDriver.get(HtmlUnitDriver.java:659)
at website_searcher.website_searcher_test.finding_search(website_searcher_test.java:93)
at sun.reflect.NativeMethodAccessorImpl.invoke0(Native Method)
at sun.reflect.NativeMethodAccessorImpl.invoke(NativeMethodAccessorImpl.java:62)
at sun.reflect.DelegatingMethodAccessorImpl.invoke(DelegatingMethodAccessorImpl.java:43)
at java.lang.reflect.Method.invoke(Method.java:498)
at org.testng.internal.MethodInvocationHelper.invokeMethod(MethodInvocationHelper.java:124)
at org.testng.internal.Invoker.invokeMethod(Invoker.java:580)
at org.testng.internal.Invoker.invokeTestMethod(Invoker.java:716)
at org.testng.internal.Invoker.invokeTestMethods(Invoker.java:988)
at org.testng.internal.TestMethodWorker.invokeTestMethods(TestMethodWorker.java:125)
at org.testng.internal.TestMethodWorker.run(TestMethodWorker.java:109)
at org.testng.internal.thread.ThreadUtil$1.call(ThreadUtil.java:52)
at java.util.concurrent.FutureTask.run(FutureTask.java:266)
at java.util.concurrent.ThreadPoolExecutor.runWorker(ThreadPoolExecutor.java:1142)
at java.util.concurrent.ThreadPoolExecutor$Worker.run(ThreadPoolExecutor.java:617)
at java.lang.Thread.run(Thread.java:745)
Caused by: java.net.MalformedURLException: no protocol: bloglovin.com
at java.net.URL.<init>(URL.java:593)
at java.net.URL.<init>(URL.java:490)
at java.net.URL.<init>(URL.java:439)
at org.openqa.selenium.htmlunit.HtmlUnitDriver.get(HtmlUnitDriver.java:657)
... 16 more
]]>
    </failure>
  </testcase> <!-- finding_search -->
  <testcase name="finding_search" time="0.177" classname="website_searcher.website_searcher_test">
    <failure type="org.openqa.selenium.WebDriverException" message="java.net.MalformedURLException: no protocol: pcworld.com
Build info: version: &amp;apos;3.12.0&amp;apos;, revision: &amp;apos;7c6e0b3&amp;apos;, time: &amp;apos;2018-05-08T15:15:08.936Z&amp;apos;
System info: host: &amp;apos;LPT-SKODHA.local&amp;apos;, ip: &amp;apos;2601:641:300:569b:1838:54c3:28ef:b06d&amp;apos;, os.name: &amp;apos;Mac OS X&amp;apos;, os.arch: &amp;apos;x86_64&amp;apos;, os.version: &amp;apos;10.12.6&amp;apos;, java.version: &amp;apos;1.8.0_121&amp;apos;
Driver info: driver.version: HtmlUnitDriver">
      <![CDATA[org.openqa.selenium.WebDriverException: java.net.MalformedURLException: no protocol: pcworld.com
Build info: version: '3.12.0', revision: '7c6e0b3', time: '2018-05-08T15:15:08.936Z'
System info: host: 'LPT-SKODHA.local', ip: '2601:641:300:569b:1838:54c3:28ef:b06d', os.name: 'Mac OS X', os.arch: 'x86_64', os.version: '10.12.6', java.version: '1.8.0_121'
Driver info: driver.version: HtmlUnitDriver
at org.openqa.selenium.htmlunit.HtmlUnitDriver.get(HtmlUnitDriver.java:659)
at website_searcher.website_searcher_test.finding_search(website_searcher_test.java:93)
at sun.reflect.NativeMethodAccessorImpl.invoke0(Native Method)
at sun.reflect.NativeMethodAccessorImpl.invoke(NativeMethodAccessorImpl.java:62)
at sun.reflect.DelegatingMethodAccessorImpl.invoke(DelegatingMethodAccessorImpl.java:43)
at java.lang.reflect.Method.invoke(Method.java:498)
at org.testng.internal.MethodInvocationHelper.invokeMethod(MethodInvocationHelper.java:124)
at org.testng.internal.Invoker.invokeMethod(Invoker.java:580)
at org.testng.internal.Invoker.invokeTestMethod(Invoker.java:716)
at org.testng.internal.Invoker.invokeTestMethods(Invoker.java:988)
at org.testng.internal.TestMethodWorker.invokeTestMethods(TestMethodWorker.java:125)
at org.testng.internal.TestMethodWorker.run(TestMethodWorker.java:109)
at org.testng.internal.thread.ThreadUtil$1.call(ThreadUtil.java:52)
at java.util.concurrent.FutureTask.run(FutureTask.java:266)
at java.util.concurrent.ThreadPoolExecutor.runWorker(ThreadPoolExecutor.java:1142)
at java.util.concurrent.ThreadPoolExecutor$Worker.run(ThreadPoolExecutor.java:617)
at java.lang.Thread.run(Thread.java:745)
Caused by: java.net.MalformedURLException: no protocol: pcworld.com
at java.net.URL.<init>(URL.java:593)
at java.net.URL.<init>(URL.java:490)
at java.net.URL.<init>(URL.java:439)
at org.openqa.selenium.htmlunit.HtmlUnitDriver.get(HtmlUnitDriver.java:657)
... 16 more
]]>
    </failure>
  </testcase> <!-- finding_search -->
  <testcase name="finding_search" time="0.973" classname="website_searcher.website_searcher_test">
    <failure type="org.openqa.selenium.WebDriverException" message="java.net.MalformedURLException: no protocol: hao123.com
Build info: version: &amp;apos;3.12.0&amp;apos;, revision: &amp;apos;7c6e0b3&amp;apos;, time: &amp;apos;2018-05-08T15:15:08.936Z&amp;apos;
System info: host: &amp;apos;LPT-SKODHA.local&amp;apos;, ip: &amp;apos;2601:641:300:569b:1838:54c3:28ef:b06d&amp;apos;, os.name: &amp;apos;Mac OS X&amp;apos;, os.arch: &amp;apos;x86_64&amp;apos;, os.version: &amp;apos;10.12.6&amp;apos;, java.version: &amp;apos;1.8.0_121&amp;apos;
Driver info: driver.version: HtmlUnitDriver">
      <![CDATA[org.openqa.selenium.WebDriverException: java.net.MalformedURLException: no protocol: hao123.com
Build info: version: '3.12.0', revision: '7c6e0b3', time: '2018-05-08T15:15:08.936Z'
System info: host: 'LPT-SKODHA.local', ip: '2601:641:300:569b:1838:54c3:28ef:b06d', os.name: 'Mac OS X', os.arch: 'x86_64', os.version: '10.12.6', java.version: '1.8.0_121'
Driver info: driver.version: HtmlUnitDriver
at org.openqa.selenium.htmlunit.HtmlUnitDriver.get(HtmlUnitDriver.java:659)
at website_searcher.website_searcher_test.finding_search(website_searcher_test.java:93)
at sun.reflect.GeneratedMethodAccessor5.invoke(Unknown Source)
at sun.reflect.DelegatingMethodAccessorImpl.invoke(DelegatingMethodAccessorImpl.java:43)
at java.lang.reflect.Method.invoke(Method.java:498)
at org.testng.internal.MethodInvocationHelper.invokeMethod(MethodInvocationHelper.java:124)
at org.testng.internal.Invoker.invokeMethod(Invoker.java:580)
at org.testng.internal.Invoker.invokeTestMethod(Invoker.java:716)
at org.testng.internal.Invoker.invokeTestMethods(Invoker.java:988)
at org.testng.internal.TestMethodWorker.invokeTestMethods(TestMethodWorker.java:125)
at org.testng.internal.TestMethodWorker.run(TestMethodWorker.java:109)
at org.testng.internal.thread.ThreadUtil$1.call(ThreadUtil.java:52)
at java.util.concurrent.FutureTask.run(FutureTask.java:266)
at java.util.concurrent.ThreadPoolExecutor.runWorker(ThreadPoolExecutor.java:1142)
at java.util.concurrent.ThreadPoolExecutor$Worker.run(ThreadPoolExecutor.java:617)
at java.lang.Thread.run(Thread.java:745)
Caused by: java.net.MalformedURLException: no protocol: hao123.com
at java.net.URL.<init>(URL.java:593)
at java.net.URL.<init>(URL.java:490)
at java.net.URL.<init>(URL.java:439)
at org.openqa.selenium.htmlunit.HtmlUnitDriver.get(HtmlUnitDriver.java:657)
... 15 more
]]>
    </failure>
  </testcase> <!-- finding_search -->
  <testcase name="finding_search" time="1.193" classname="website_searcher.website_searcher_test">
    <failure type="org.openqa.selenium.WebDriverException" message="java.net.MalformedURLException: no protocol: arstechnica.com
Build info: version: &amp;apos;3.12.0&amp;apos;, revision: &amp;apos;7c6e0b3&amp;apos;, time: &amp;apos;2018-05-08T15:15:08.936Z&amp;apos;
System info: host: &amp;apos;LPT-SKODHA.local&amp;apos;, ip: &amp;apos;2601:641:300:569b:1838:54c3:28ef:b06d&amp;apos;, os.name: &amp;apos;Mac OS X&amp;apos;, os.arch: &amp;apos;x86_64&amp;apos;, os.version: &amp;apos;10.12.6&amp;apos;, java.version: &amp;apos;1.8.0_121&amp;apos;
Driver info: driver.version: HtmlUnitDriver">
      <![CDATA[org.openqa.selenium.WebDriverException: java.net.MalformedURLException: no protocol: arstechnica.com
Build info: version: '3.12.0', revision: '7c6e0b3', time: '2018-05-08T15:15:08.936Z'
System info: host: 'LPT-SKODHA.local', ip: '2601:641:300:569b:1838:54c3:28ef:b06d', os.name: 'Mac OS X', os.arch: 'x86_64', os.version: '10.12.6', java.version: '1.8.0_121'
Driver info: driver.version: HtmlUnitDriver
at org.openqa.selenium.htmlunit.HtmlUnitDriver.get(HtmlUnitDriver.java:659)
at website_searcher.website_searcher_test.finding_search(website_searcher_test.java:93)
at sun.reflect.NativeMethodAccessorImpl.invoke0(Native Method)
at sun.reflect.NativeMethodAccessorImpl.invoke(NativeMethodAccessorImpl.java:62)
at sun.reflect.DelegatingMethodAccessorImpl.invoke(DelegatingMethodAccessorImpl.java:43)
at java.lang.reflect.Method.invoke(Method.java:498)
at org.testng.internal.MethodInvocationHelper.invokeMethod(MethodInvocationHelper.java:124)
at org.testng.internal.Invoker.invokeMethod(Invoker.java:580)
at org.testng.internal.Invoker.invokeTestMethod(Invoker.java:716)
at org.testng.internal.Invoker.invokeTestMethods(Invoker.java:988)
at org.testng.internal.TestMethodWorker.invokeTestMethods(TestMethodWorker.java:125)
at org.testng.internal.TestMethodWorker.run(TestMethodWorker.java:109)
at org.testng.internal.thread.ThreadUtil$1.call(ThreadUtil.java:52)
at java.util.concurrent.FutureTask.run(FutureTask.java:266)
at java.util.concurrent.ThreadPoolExecutor.runWorker(ThreadPoolExecutor.java:1142)
at java.util.concurrent.ThreadPoolExecutor$Worker.run(ThreadPoolExecutor.java:617)
at java.lang.Thread.run(Thread.java:745)
Caused by: java.net.MalformedURLException: no protocol: arstechnica.com
at java.net.URL.<init>(URL.java:593)
at java.net.URL.<init>(URL.java:490)
at java.net.URL.<init>(URL.java:439)
at org.openqa.selenium.htmlunit.HtmlUnitDriver.get(HtmlUnitDriver.java:657)
... 16 more
]]>
    </failure>
  </testcase> <!-- finding_search -->
  <testcase name="finding_search" time="1.207" classname="website_searcher.website_searcher_test">
    <failure type="org.openqa.selenium.WebDriverException" message="java.net.MalformedURLException: no protocol: unc.edu
Build info: version: &amp;apos;3.12.0&amp;apos;, revision: &amp;apos;7c6e0b3&amp;apos;, time: &amp;apos;2018-05-08T15:15:08.936Z&amp;apos;
System info: host: &amp;apos;LPT-SKODHA.local&amp;apos;, ip: &amp;apos;2601:641:300:569b:1838:54c3:28ef:b06d&amp;apos;, os.name: &amp;apos;Mac OS X&amp;apos;, os.arch: &amp;apos;x86_64&amp;apos;, os.version: &amp;apos;10.12.6&amp;apos;, java.version: &amp;apos;1.8.0_121&amp;apos;
Driver info: driver.version: HtmlUnitDriver">
      <![CDATA[org.openqa.selenium.WebDriverException: java.net.MalformedURLException: no protocol: unc.edu
Build info: version: '3.12.0', revision: '7c6e0b3', time: '2018-05-08T15:15:08.936Z'
System info: host: 'LPT-SKODHA.local', ip: '2601:641:300:569b:1838:54c3:28ef:b06d', os.name: 'Mac OS X', os.arch: 'x86_64', os.version: '10.12.6', java.version: '1.8.0_121'
Driver info: driver.version: HtmlUnitDriver
at org.openqa.selenium.htmlunit.HtmlUnitDriver.get(HtmlUnitDriver.java:659)
at website_searcher.website_searcher_test.finding_search(website_searcher_test.java:93)
at sun.reflect.NativeMethodAccessorImpl.invoke0(Native Method)
at sun.reflect.NativeMethodAccessorImpl.invoke(NativeMethodAccessorImpl.java:62)
at sun.reflect.DelegatingMethodAccessorImpl.invoke(DelegatingMethodAccessorImpl.java:43)
at java.lang.reflect.Method.invoke(Method.java:498)
at org.testng.internal.MethodInvocationHelper.invokeMethod(MethodInvocationHelper.java:124)
at org.testng.internal.Invoker.invokeMethod(Invoker.java:580)
at org.testng.internal.Invoker.invokeTestMethod(Invoker.java:716)
at org.testng.internal.Invoker.invokeTestMethods(Invoker.java:988)
at org.testng.internal.TestMethodWorker.invokeTestMethods(TestMethodWorker.java:125)
at org.testng.internal.TestMethodWorker.run(TestMethodWorker.java:109)
at org.testng.internal.thread.ThreadUtil$1.call(ThreadUtil.java:52)
at java.util.concurrent.FutureTask.run(FutureTask.java:266)
at java.util.concurrent.ThreadPoolExecutor.runWorker(ThreadPoolExecutor.java:1142)
at java.util.concurrent.ThreadPoolExecutor$Worker.run(ThreadPoolExecutor.java:617)
at java.lang.Thread.run(Thread.java:745)
Caused by: java.net.MalformedURLException: no protocol: unc.edu
at java.net.URL.<init>(URL.java:593)
at java.net.URL.<init>(URL.java:490)
at java.net.URL.<init>(URL.java:439)
at org.openqa.selenium.htmlunit.HtmlUnitDriver.get(HtmlUnitDriver.java:657)
... 16 more
]]>
    </failure>
  </testcase> <!-- finding_search -->
  <testcase name="finding_search" time="0.996" classname="website_searcher.website_searcher_test">
    <failure type="org.openqa.selenium.WebDriverException" message="java.net.MalformedURLException: no protocol: cam.ac.uk
Build info: version: &amp;apos;3.12.0&amp;apos;, revision: &amp;apos;7c6e0b3&amp;apos;, time: &amp;apos;2018-05-08T15:15:08.936Z&amp;apos;
System info: host: &amp;apos;LPT-SKODHA.local&amp;apos;, ip: &amp;apos;2601:641:300:569b:1838:54c3:28ef:b06d&amp;apos;, os.name: &amp;apos;Mac OS X&amp;apos;, os.arch: &amp;apos;x86_64&amp;apos;, os.version: &amp;apos;10.12.6&amp;apos;, java.version: &amp;apos;1.8.0_121&amp;apos;
Driver info: driver.version: HtmlUnitDriver">
      <![CDATA[org.openqa.selenium.WebDriverException: java.net.MalformedURLException: no protocol: cam.ac.uk
Build info: version: '3.12.0', revision: '7c6e0b3', time: '2018-05-08T15:15:08.936Z'
System info: host: 'LPT-SKODHA.local', ip: '2601:641:300:569b:1838:54c3:28ef:b06d', os.name: 'Mac OS X', os.arch: 'x86_64', os.version: '10.12.6', java.version: '1.8.0_121'
Driver info: driver.version: HtmlUnitDriver
at org.openqa.selenium.htmlunit.HtmlUnitDriver.get(HtmlUnitDriver.java:659)
at website_searcher.website_searcher_test.finding_search(website_searcher_test.java:93)
at sun.reflect.GeneratedMethodAccessor5.invoke(Unknown Source)
at sun.reflect.DelegatingMethodAccessorImpl.invoke(DelegatingMethodAccessorImpl.java:43)
at java.lang.reflect.Method.invoke(Method.java:498)
at org.testng.internal.MethodInvocationHelper.invokeMethod(MethodInvocationHelper.java:124)
at org.testng.internal.Invoker.invokeMethod(Invoker.java:580)
at org.testng.internal.Invoker.invokeTestMethod(Invoker.java:716)
at org.testng.internal.Invoker.invokeTestMethods(Invoker.java:988)
at org.testng.internal.TestMethodWorker.invokeTestMethods(TestMethodWorker.java:125)
at org.testng.internal.TestMethodWorker.run(TestMethodWorker.java:109)
at org.testng.internal.thread.ThreadUtil$1.call(ThreadUtil.java:52)
at java.util.concurrent.FutureTask.run(FutureTask.java:266)
at java.util.concurrent.ThreadPoolExecutor.runWorker(ThreadPoolExecutor.java:1142)
at java.util.concurrent.ThreadPoolExecutor$Worker.run(ThreadPoolExecutor.java:617)
at java.lang.Thread.run(Thread.java:745)
Caused by: java.net.MalformedURLException: no protocol: cam.ac.uk
at java.net.URL.<init>(URL.java:593)
at java.net.URL.<init>(URL.java:490)
at java.net.URL.<init>(URL.java:439)
at org.openqa.selenium.htmlunit.HtmlUnitDriver.get(HtmlUnitDriver.java:657)
... 15 more
]]>
    </failure>
  </testcase> <!-- finding_search -->
  <testcase name="finding_search" time="1.223" classname="website_searcher.website_searcher_test">
    <failure type="org.openqa.selenium.WebDriverException" message="java.net.MalformedURLException: no protocol: spotify.com
Build info: version: &amp;apos;3.12.0&amp;apos;, revision: &amp;apos;7c6e0b3&amp;apos;, time: &amp;apos;2018-05-08T15:15:08.936Z&amp;apos;
System info: host: &amp;apos;LPT-SKODHA.local&amp;apos;, ip: &amp;apos;2601:641:300:569b:1838:54c3:28ef:b06d&amp;apos;, os.name: &amp;apos;Mac OS X&amp;apos;, os.arch: &amp;apos;x86_64&amp;apos;, os.version: &amp;apos;10.12.6&amp;apos;, java.version: &amp;apos;1.8.0_121&amp;apos;
Driver info: driver.version: HtmlUnitDriver">
      <![CDATA[org.openqa.selenium.WebDriverException: java.net.MalformedURLException: no protocol: spotify.com
Build info: version: '3.12.0', revision: '7c6e0b3', time: '2018-05-08T15:15:08.936Z'
System info: host: 'LPT-SKODHA.local', ip: '2601:641:300:569b:1838:54c3:28ef:b06d', os.name: 'Mac OS X', os.arch: 'x86_64', os.version: '10.12.6', java.version: '1.8.0_121'
Driver info: driver.version: HtmlUnitDriver
at org.openqa.selenium.htmlunit.HtmlUnitDriver.get(HtmlUnitDriver.java:659)
at website_searcher.website_searcher_test.finding_search(website_searcher_test.java:93)
at sun.reflect.NativeMethodAccessorImpl.invoke0(Native Method)
at sun.reflect.NativeMethodAccessorImpl.invoke(NativeMethodAccessorImpl.java:62)
at sun.reflect.DelegatingMethodAccessorImpl.invoke(DelegatingMethodAccessorImpl.java:43)
at java.lang.reflect.Method.invoke(Method.java:498)
at org.testng.internal.MethodInvocationHelper.invokeMethod(MethodInvocationHelper.java:124)
at org.testng.internal.Invoker.invokeMethod(Invoker.java:580)
at org.testng.internal.Invoker.invokeTestMethod(Invoker.java:716)
at org.testng.internal.Invoker.invokeTestMethods(Invoker.java:988)
at org.testng.internal.TestMethodWorker.invokeTestMethods(TestMethodWorker.java:125)
at org.testng.internal.TestMethodWorker.run(TestMethodWorker.java:109)
at org.testng.internal.thread.ThreadUtil$1.call(ThreadUtil.java:52)
at java.util.concurrent.FutureTask.run(FutureTask.java:266)
at java.util.concurrent.ThreadPoolExecutor.runWorker(ThreadPoolExecutor.java:1142)
at java.util.concurrent.ThreadPoolExecutor$Worker.run(ThreadPoolExecutor.java:617)
at java.lang.Thread.run(Thread.java:745)
Caused by: java.net.MalformedURLException: no protocol: spotify.com
at java.net.URL.<init>(URL.java:593)
at java.net.URL.<init>(URL.java:490)
at java.net.URL.<init>(URL.java:439)
at org.openqa.selenium.htmlunit.HtmlUnitDriver.get(HtmlUnitDriver.java:657)
... 16 more
]]>
    </failure>
  </testcase> <!-- finding_search -->
  <testcase name="finding_search" time="1.238" classname="website_searcher.website_searcher_test">
    <failure type="org.openqa.selenium.WebDriverException" message="java.net.MalformedURLException: no protocol: themeforest.net
Build info: version: &amp;apos;3.12.0&amp;apos;, revision: &amp;apos;7c6e0b3&amp;apos;, time: &amp;apos;2018-05-08T15:15:08.936Z&amp;apos;
System info: host: &amp;apos;LPT-SKODHA.local&amp;apos;, ip: &amp;apos;2601:641:300:569b:1838:54c3:28ef:b06d&amp;apos;, os.name: &amp;apos;Mac OS X&amp;apos;, os.arch: &amp;apos;x86_64&amp;apos;, os.version: &amp;apos;10.12.6&amp;apos;, java.version: &amp;apos;1.8.0_121&amp;apos;
Driver info: driver.version: HtmlUnitDriver">
      <![CDATA[org.openqa.selenium.WebDriverException: java.net.MalformedURLException: no protocol: themeforest.net
Build info: version: '3.12.0', revision: '7c6e0b3', time: '2018-05-08T15:15:08.936Z'
System info: host: 'LPT-SKODHA.local', ip: '2601:641:300:569b:1838:54c3:28ef:b06d', os.name: 'Mac OS X', os.arch: 'x86_64', os.version: '10.12.6', java.version: '1.8.0_121'
Driver info: driver.version: HtmlUnitDriver
at org.openqa.selenium.htmlunit.HtmlUnitDriver.get(HtmlUnitDriver.java:659)
at website_searcher.website_searcher_test.finding_search(website_searcher_test.java:93)
at sun.reflect.NativeMethodAccessorImpl.invoke0(Native Method)
at sun.reflect.NativeMethodAccessorImpl.invoke(NativeMethodAccessorImpl.java:62)
at sun.reflect.DelegatingMethodAccessorImpl.invoke(DelegatingMethodAccessorImpl.java:43)
at java.lang.reflect.Method.invoke(Method.java:498)
at org.testng.internal.MethodInvocationHelper.invokeMethod(MethodInvocationHelper.java:124)
at org.testng.internal.Invoker.invokeMethod(Invoker.java:580)
at org.testng.internal.Invoker.invokeTestMethod(Invoker.java:716)
at org.testng.internal.Invoker.invokeTestMethods(Invoker.java:988)
at org.testng.internal.TestMethodWorker.invokeTestMethods(TestMethodWorker.java:125)
at org.testng.internal.TestMethodWorker.run(TestMethodWorker.java:109)
at org.testng.internal.thread.ThreadUtil$1.call(ThreadUtil.java:52)
at java.util.concurrent.FutureTask.run(FutureTask.java:266)
at java.util.concurrent.ThreadPoolExecutor.runWorker(ThreadPoolExecutor.java:1142)
at java.util.concurrent.ThreadPoolExecutor$Worker.run(ThreadPoolExecutor.java:617)
at java.lang.Thread.run(Thread.java:745)
Caused by: java.net.MalformedURLException: no protocol: themeforest.net
at java.net.URL.<init>(URL.java:593)
at java.net.URL.<init>(URL.java:490)
at java.net.URL.<init>(URL.java:439)
at org.openqa.selenium.htmlunit.HtmlUnitDriver.get(HtmlUnitDriver.java:657)
... 16 more
]]>
    </failure>
  </testcase> <!-- finding_search -->
  <testcase name="finding_search" time="1.249" classname="website_searcher.website_searcher_test">
    <failure type="org.openqa.selenium.WebDriverException" message="java.net.MalformedURLException: no protocol: scientificamerican.com
Build info: version: &amp;apos;3.12.0&amp;apos;, revision: &amp;apos;7c6e0b3&amp;apos;, time: &amp;apos;2018-05-08T15:15:08.936Z&amp;apos;
System info: host: &amp;apos;LPT-SKODHA.local&amp;apos;, ip: &amp;apos;2601:641:300:569b:1838:54c3:28ef:b06d&amp;apos;, os.name: &amp;apos;Mac OS X&amp;apos;, os.arch: &amp;apos;x86_64&amp;apos;, os.version: &amp;apos;10.12.6&amp;apos;, java.version: &amp;apos;1.8.0_121&amp;apos;
Driver info: driver.version: HtmlUnitDriver">
      <![CDATA[org.openqa.selenium.WebDriverException: java.net.MalformedURLException: no protocol: scientificamerican.com
Build info: version: '3.12.0', revision: '7c6e0b3', time: '2018-05-08T15:15:08.936Z'
System info: host: 'LPT-SKODHA.local', ip: '2601:641:300:569b:1838:54c3:28ef:b06d', os.name: 'Mac OS X', os.arch: 'x86_64', os.version: '10.12.6', java.version: '1.8.0_121'
Driver info: driver.version: HtmlUnitDriver
at org.openqa.selenium.htmlunit.HtmlUnitDriver.get(HtmlUnitDriver.java:659)
at website_searcher.website_searcher_test.finding_search(website_searcher_test.java:93)
at sun.reflect.NativeMethodAccessorImpl.invoke0(Native Method)
at sun.reflect.NativeMethodAccessorImpl.invoke(NativeMethodAccessorImpl.java:62)
at sun.reflect.DelegatingMethodAccessorImpl.invoke(DelegatingMethodAccessorImpl.java:43)
at java.lang.reflect.Method.invoke(Method.java:498)
at org.testng.internal.MethodInvocationHelper.invokeMethod(MethodInvocationHelper.java:124)
at org.testng.internal.Invoker.invokeMethod(Invoker.java:580)
at org.testng.internal.Invoker.invokeTestMethod(Invoker.java:716)
at org.testng.internal.Invoker.invokeTestMethods(Invoker.java:988)
at org.testng.internal.TestMethodWorker.invokeTestMethods(TestMethodWorker.java:125)
at org.testng.internal.TestMethodWorker.run(TestMethodWorker.java:109)
at org.testng.internal.thread.ThreadUtil$1.call(ThreadUtil.java:52)
at java.util.concurrent.FutureTask.run(FutureTask.java:266)
at java.util.concurrent.ThreadPoolExecutor.runWorker(ThreadPoolExecutor.java:1142)
at java.util.concurrent.ThreadPoolExecutor$Worker.run(ThreadPoolExecutor.java:617)
at java.lang.Thread.run(Thread.java:745)
Caused by: java.net.MalformedURLException: no protocol: scientificamerican.com
at java.net.URL.<init>(URL.java:593)
at java.net.URL.<init>(URL.java:490)
at java.net.URL.<init>(URL.java:439)
at org.openqa.selenium.htmlunit.HtmlUnitDriver.get(HtmlUnitDriver.java:657)
... 16 more
]]>
    </failure>
  </testcase> <!-- finding_search -->
  <testcase name="finding_search" time="1.249" classname="website_searcher.website_searcher_test">
    <failure type="org.openqa.selenium.WebDriverException" message="java.net.MalformedURLException: no protocol: woothemes.com
Build info: version: &amp;apos;3.12.0&amp;apos;, revision: &amp;apos;7c6e0b3&amp;apos;, time: &amp;apos;2018-05-08T15:15:08.936Z&amp;apos;
System info: host: &amp;apos;LPT-SKODHA.local&amp;apos;, ip: &amp;apos;2601:641:300:569b:1838:54c3:28ef:b06d&amp;apos;, os.name: &amp;apos;Mac OS X&amp;apos;, os.arch: &amp;apos;x86_64&amp;apos;, os.version: &amp;apos;10.12.6&amp;apos;, java.version: &amp;apos;1.8.0_121&amp;apos;
Driver info: driver.version: HtmlUnitDriver">
      <![CDATA[org.openqa.selenium.WebDriverException: java.net.MalformedURLException: no protocol: woothemes.com
Build info: version: '3.12.0', revision: '7c6e0b3', time: '2018-05-08T15:15:08.936Z'
System info: host: 'LPT-SKODHA.local', ip: '2601:641:300:569b:1838:54c3:28ef:b06d', os.name: 'Mac OS X', os.arch: 'x86_64', os.version: '10.12.6', java.version: '1.8.0_121'
Driver info: driver.version: HtmlUnitDriver
at org.openqa.selenium.htmlunit.HtmlUnitDriver.get(HtmlUnitDriver.java:659)
at website_searcher.website_searcher_test.finding_search(website_searcher_test.java:93)
at sun.reflect.NativeMethodAccessorImpl.invoke0(Native Method)
at sun.reflect.NativeMethodAccessorImpl.invoke(NativeMethodAccessorImpl.java:62)
at sun.reflect.DelegatingMethodAccessorImpl.invoke(DelegatingMethodAccessorImpl.java:43)
at java.lang.reflect.Method.invoke(Method.java:498)
at org.testng.internal.MethodInvocationHelper.invokeMethod(MethodInvocationHelper.java:124)
at org.testng.internal.Invoker.invokeMethod(Invoker.java:580)
at org.testng.internal.Invoker.invokeTestMethod(Invoker.java:716)
at org.testng.internal.Invoker.invokeTestMethods(Invoker.java:988)
at org.testng.internal.TestMethodWorker.invokeTestMethods(TestMethodWorker.java:125)
at org.testng.internal.TestMethodWorker.run(TestMethodWorker.java:109)
at org.testng.internal.thread.ThreadUtil$1.call(ThreadUtil.java:52)
at java.util.concurrent.FutureTask.run(FutureTask.java:266)
at java.util.concurrent.ThreadPoolExecutor.runWorker(ThreadPoolExecutor.java:1142)
at java.util.concurrent.ThreadPoolExecutor$Worker.run(ThreadPoolExecutor.java:617)
at java.lang.Thread.run(Thread.java:745)
Caused by: java.net.MalformedURLException: no protocol: woothemes.com
at java.net.URL.<init>(URL.java:593)
at java.net.URL.<init>(URL.java:490)
at java.net.URL.<init>(URL.java:439)
at org.openqa.selenium.htmlunit.HtmlUnitDriver.get(HtmlUnitDriver.java:657)
... 16 more
]]>
    </failure>
  </testcase> <!-- finding_search -->
  <testcase name="finding_search" time="0.053" classname="website_searcher.website_searcher_test">
    <failure type="org.openqa.selenium.WebDriverException" message="java.net.MalformedURLException: no protocol: arizona.edu
Build info: version: &amp;apos;3.12.0&amp;apos;, revision: &amp;apos;7c6e0b3&amp;apos;, time: &amp;apos;2018-05-08T15:15:08.936Z&amp;apos;
System info: host: &amp;apos;LPT-SKODHA.local&amp;apos;, ip: &amp;apos;2601:641:300:569b:1838:54c3:28ef:b06d&amp;apos;, os.name: &amp;apos;Mac OS X&amp;apos;, os.arch: &amp;apos;x86_64&amp;apos;, os.version: &amp;apos;10.12.6&amp;apos;, java.version: &amp;apos;1.8.0_121&amp;apos;
Driver info: driver.version: HtmlUnitDriver">
      <![CDATA[org.openqa.selenium.WebDriverException: java.net.MalformedURLException: no protocol: arizona.edu
Build info: version: '3.12.0', revision: '7c6e0b3', time: '2018-05-08T15:15:08.936Z'
System info: host: 'LPT-SKODHA.local', ip: '2601:641:300:569b:1838:54c3:28ef:b06d', os.name: 'Mac OS X', os.arch: 'x86_64', os.version: '10.12.6', java.version: '1.8.0_121'
Driver info: driver.version: HtmlUnitDriver
at org.openqa.selenium.htmlunit.HtmlUnitDriver.get(HtmlUnitDriver.java:659)
at website_searcher.website_searcher_test.finding_search(website_searcher_test.java:93)
at sun.reflect.GeneratedMethodAccessor5.invoke(Unknown Source)
at sun.reflect.DelegatingMethodAccessorImpl.invoke(DelegatingMethodAccessorImpl.java:43)
at java.lang.reflect.Method.invoke(Method.java:498)
at org.testng.internal.MethodInvocationHelper.invokeMethod(MethodInvocationHelper.java:124)
at org.testng.internal.Invoker.invokeMethod(Invoker.java:580)
at org.testng.internal.Invoker.invokeTestMethod(Invoker.java:716)
at org.testng.internal.Invoker.invokeTestMethods(Invoker.java:988)
at org.testng.internal.TestMethodWorker.invokeTestMethods(TestMethodWorker.java:125)
at org.testng.internal.TestMethodWorker.run(TestMethodWorker.java:109)
at org.testng.internal.thread.ThreadUtil$1.call(ThreadUtil.java:52)
at java.util.concurrent.FutureTask.run(FutureTask.java:266)
at java.util.concurrent.ThreadPoolExecutor.runWorker(ThreadPoolExecutor.java:1142)
at java.util.concurrent.ThreadPoolExecutor$Worker.run(ThreadPoolExecutor.java:617)
at java.lang.Thread.run(Thread.java:745)
Caused by: java.net.MalformedURLException: no protocol: arizona.edu
at java.net.URL.<init>(URL.java:593)
at java.net.URL.<init>(URL.java:490)
at java.net.URL.<init>(URL.java:439)
at org.openqa.selenium.htmlunit.HtmlUnitDriver.get(HtmlUnitDriver.java:657)
... 15 more
]]>
    </failure>
  </testcase> <!-- finding_search -->
  <testcase name="finding_search" time="0.072" classname="website_searcher.website_searcher_test">
    <failure type="org.openqa.selenium.WebDriverException" message="java.net.MalformedURLException: no protocol: pen.io
Build info: version: &amp;apos;3.12.0&amp;apos;, revision: &amp;apos;7c6e0b3&amp;apos;, time: &amp;apos;2018-05-08T15:15:08.936Z&amp;apos;
System info: host: &amp;apos;LPT-SKODHA.local&amp;apos;, ip: &amp;apos;2601:641:300:569b:1838:54c3:28ef:b06d&amp;apos;, os.name: &amp;apos;Mac OS X&amp;apos;, os.arch: &amp;apos;x86_64&amp;apos;, os.version: &amp;apos;10.12.6&amp;apos;, java.version: &amp;apos;1.8.0_121&amp;apos;
Driver info: driver.version: HtmlUnitDriver">
      <![CDATA[org.openqa.selenium.WebDriverException: java.net.MalformedURLException: no protocol: pen.io
Build info: version: '3.12.0', revision: '7c6e0b3', time: '2018-05-08T15:15:08.936Z'
System info: host: 'LPT-SKODHA.local', ip: '2601:641:300:569b:1838:54c3:28ef:b06d', os.name: 'Mac OS X', os.arch: 'x86_64', os.version: '10.12.6', java.version: '1.8.0_121'
Driver info: driver.version: HtmlUnitDriver
at org.openqa.selenium.htmlunit.HtmlUnitDriver.get(HtmlUnitDriver.java:659)
at website_searcher.website_searcher_test.finding_search(website_searcher_test.java:93)
at sun.reflect.GeneratedMethodAccessor5.invoke(Unknown Source)
at sun.reflect.DelegatingMethodAccessorImpl.invoke(DelegatingMethodAccessorImpl.java:43)
at java.lang.reflect.Method.invoke(Method.java:498)
at org.testng.internal.MethodInvocationHelper.invokeMethod(MethodInvocationHelper.java:124)
at org.testng.internal.Invoker.invokeMethod(Invoker.java:580)
at org.testng.internal.Invoker.invokeTestMethod(Invoker.java:716)
at org.testng.internal.Invoker.invokeTestMethods(Invoker.java:988)
at org.testng.internal.TestMethodWorker.invokeTestMethods(TestMethodWorker.java:125)
at org.testng.internal.TestMethodWorker.run(TestMethodWorker.java:109)
at org.testng.internal.thread.ThreadUtil$1.call(ThreadUtil.java:52)
at java.util.concurrent.FutureTask.run(FutureTask.java:266)
at java.util.concurrent.ThreadPoolExecutor.runWorker(ThreadPoolExecutor.java:1142)
at java.util.concurrent.ThreadPoolExecutor$Worker.run(ThreadPoolExecutor.java:617)
at java.lang.Thread.run(Thread.java:745)
Caused by: java.net.MalformedURLException: no protocol: pen.io
at java.net.URL.<init>(URL.java:593)
at java.net.URL.<init>(URL.java:490)
at java.net.URL.<init>(URL.java:439)
at org.openqa.selenium.htmlunit.HtmlUnitDriver.get(HtmlUnitDriver.java:657)
... 15 more
]]>
    </failure>
  </testcase> <!-- finding_search -->
  <testcase name="finding_search" time="1.269" classname="website_searcher.website_searcher_test">
    <failure type="org.openqa.selenium.WebDriverException" message="java.net.MalformedURLException: no protocol: acquirethisname.com
Build info: version: &amp;apos;3.12.0&amp;apos;, revision: &amp;apos;7c6e0b3&amp;apos;, time: &amp;apos;2018-05-08T15:15:08.936Z&amp;apos;
System info: host: &amp;apos;LPT-SKODHA.local&amp;apos;, ip: &amp;apos;2601:641:300:569b:1838:54c3:28ef:b06d&amp;apos;, os.name: &amp;apos;Mac OS X&amp;apos;, os.arch: &amp;apos;x86_64&amp;apos;, os.version: &amp;apos;10.12.6&amp;apos;, java.version: &amp;apos;1.8.0_121&amp;apos;
Driver info: driver.version: HtmlUnitDriver">
      <![CDATA[org.openqa.selenium.WebDriverException: java.net.MalformedURLException: no protocol: acquirethisname.com
Build info: version: '3.12.0', revision: '7c6e0b3', time: '2018-05-08T15:15:08.936Z'
System info: host: 'LPT-SKODHA.local', ip: '2601:641:300:569b:1838:54c3:28ef:b06d', os.name: 'Mac OS X', os.arch: 'x86_64', os.version: '10.12.6', java.version: '1.8.0_121'
Driver info: driver.version: HtmlUnitDriver
at org.openqa.selenium.htmlunit.HtmlUnitDriver.get(HtmlUnitDriver.java:659)
at website_searcher.website_searcher_test.finding_search(website_searcher_test.java:93)
at sun.reflect.NativeMethodAccessorImpl.invoke0(Native Method)
at sun.reflect.NativeMethodAccessorImpl.invoke(NativeMethodAccessorImpl.java:62)
at sun.reflect.DelegatingMethodAccessorImpl.invoke(DelegatingMethodAccessorImpl.java:43)
at java.lang.reflect.Method.invoke(Method.java:498)
at org.testng.internal.MethodInvocationHelper.invokeMethod(MethodInvocationHelper.java:124)
at org.testng.internal.Invoker.invokeMethod(Invoker.java:580)
at org.testng.internal.Invoker.invokeTestMethod(Invoker.java:716)
at org.testng.internal.Invoker.invokeTestMethods(Invoker.java:988)
at org.testng.internal.TestMethodWorker.invokeTestMethods(TestMethodWorker.java:125)
at org.testng.internal.TestMethodWorker.run(TestMethodWorker.java:109)
at org.testng.internal.thread.ThreadUtil$1.call(ThreadUtil.java:52)
at java.util.concurrent.FutureTask.run(FutureTask.java:266)
at java.util.concurrent.ThreadPoolExecutor.runWorker(ThreadPoolExecutor.java:1142)
at java.util.concurrent.ThreadPoolExecutor$Worker.run(ThreadPoolExecutor.java:617)
at java.lang.Thread.run(Thread.java:745)
Caused by: java.net.MalformedURLException: no protocol: acquirethisname.com
at java.net.URL.<init>(URL.java:593)
at java.net.URL.<init>(URL.java:490)
at java.net.URL.<init>(URL.java:439)
at org.openqa.selenium.htmlunit.HtmlUnitDriver.get(HtmlUnitDriver.java:657)
... 16 more
]]>
    </failure>
  </testcase> <!-- finding_search -->
  <testcase name="finding_search" time="1.269" classname="website_searcher.website_searcher_test">
    <failure type="org.openqa.selenium.WebDriverException" message="java.net.MalformedURLException: no protocol: shutterfly.com
Build info: version: &amp;apos;3.12.0&amp;apos;, revision: &amp;apos;7c6e0b3&amp;apos;, time: &amp;apos;2018-05-08T15:15:08.936Z&amp;apos;
System info: host: &amp;apos;LPT-SKODHA.local&amp;apos;, ip: &amp;apos;2601:641:300:569b:1838:54c3:28ef:b06d&amp;apos;, os.name: &amp;apos;Mac OS X&amp;apos;, os.arch: &amp;apos;x86_64&amp;apos;, os.version: &amp;apos;10.12.6&amp;apos;, java.version: &amp;apos;1.8.0_121&amp;apos;
Driver info: driver.version: HtmlUnitDriver">
      <![CDATA[org.openqa.selenium.WebDriverException: java.net.MalformedURLException: no protocol: shutterfly.com
Build info: version: '3.12.0', revision: '7c6e0b3', time: '2018-05-08T15:15:08.936Z'
System info: host: 'LPT-SKODHA.local', ip: '2601:641:300:569b:1838:54c3:28ef:b06d', os.name: 'Mac OS X', os.arch: 'x86_64', os.version: '10.12.6', java.version: '1.8.0_121'
Driver info: driver.version: HtmlUnitDriver
at org.openqa.selenium.htmlunit.HtmlUnitDriver.get(HtmlUnitDriver.java:659)
at website_searcher.website_searcher_test.finding_search(website_searcher_test.java:93)
at sun.reflect.NativeMethodAccessorImpl.invoke0(Native Method)
at sun.reflect.NativeMethodAccessorImpl.invoke(NativeMethodAccessorImpl.java:62)
at sun.reflect.DelegatingMethodAccessorImpl.invoke(DelegatingMethodAccessorImpl.java:43)
at java.lang.reflect.Method.invoke(Method.java:498)
at org.testng.internal.MethodInvocationHelper.invokeMethod(MethodInvocationHelper.java:124)
at org.testng.internal.Invoker.invokeMethod(Invoker.java:580)
at org.testng.internal.Invoker.invokeTestMethod(Invoker.java:716)
at org.testng.internal.Invoker.invokeTestMethods(Invoker.java:988)
at org.testng.internal.TestMethodWorker.invokeTestMethods(TestMethodWorker.java:125)
at org.testng.internal.TestMethodWorker.run(TestMethodWorker.java:109)
at org.testng.internal.thread.ThreadUtil$1.call(ThreadUtil.java:52)
at java.util.concurrent.FutureTask.run(FutureTask.java:266)
at java.util.concurrent.ThreadPoolExecutor.runWorker(ThreadPoolExecutor.java:1142)
at java.util.concurrent.ThreadPoolExecutor$Worker.run(ThreadPoolExecutor.java:617)
at java.lang.Thread.run(Thread.java:745)
Caused by: java.net.MalformedURLException: no protocol: shutterfly.com
at java.net.URL.<init>(URL.java:593)
at java.net.URL.<init>(URL.java:490)
at java.net.URL.<init>(URL.java:439)
at org.openqa.selenium.htmlunit.HtmlUnitDriver.get(HtmlUnitDriver.java:657)
... 16 more
]]>
    </failure>
  </testcase> <!-- finding_search -->
  <testcase name="finding_search" time="1.271" classname="website_searcher.website_searcher_test">
    <failure type="org.openqa.selenium.WebDriverException" message="java.net.MalformedURLException: no protocol: tinypic.com
Build info: version: &amp;apos;3.12.0&amp;apos;, revision: &amp;apos;7c6e0b3&amp;apos;, time: &amp;apos;2018-05-08T15:15:08.936Z&amp;apos;
System info: host: &amp;apos;LPT-SKODHA.local&amp;apos;, ip: &amp;apos;2601:641:300:569b:1838:54c3:28ef:b06d&amp;apos;, os.name: &amp;apos;Mac OS X&amp;apos;, os.arch: &amp;apos;x86_64&amp;apos;, os.version: &amp;apos;10.12.6&amp;apos;, java.version: &amp;apos;1.8.0_121&amp;apos;
Driver info: driver.version: HtmlUnitDriver">
      <![CDATA[org.openqa.selenium.WebDriverException: java.net.MalformedURLException: no protocol: tinypic.com
Build info: version: '3.12.0', revision: '7c6e0b3', time: '2018-05-08T15:15:08.936Z'
System info: host: 'LPT-SKODHA.local', ip: '2601:641:300:569b:1838:54c3:28ef:b06d', os.name: 'Mac OS X', os.arch: 'x86_64', os.version: '10.12.6', java.version: '1.8.0_121'
Driver info: driver.version: HtmlUnitDriver
at org.openqa.selenium.htmlunit.HtmlUnitDriver.get(HtmlUnitDriver.java:659)
at website_searcher.website_searcher_test.finding_search(website_searcher_test.java:93)
at sun.reflect.NativeMethodAccessorImpl.invoke0(Native Method)
at sun.reflect.NativeMethodAccessorImpl.invoke(NativeMethodAccessorImpl.java:62)
at sun.reflect.DelegatingMethodAccessorImpl.invoke(DelegatingMethodAccessorImpl.java:43)
at java.lang.reflect.Method.invoke(Method.java:498)
at org.testng.internal.MethodInvocationHelper.invokeMethod(MethodInvocationHelper.java:124)
at org.testng.internal.Invoker.invokeMethod(Invoker.java:580)
at org.testng.internal.Invoker.invokeTestMethod(Invoker.java:716)
at org.testng.internal.Invoker.invokeTestMethods(Invoker.java:988)
at org.testng.internal.TestMethodWorker.invokeTestMethods(TestMethodWorker.java:125)
at org.testng.internal.TestMethodWorker.run(TestMethodWorker.java:109)
at org.testng.internal.thread.ThreadUtil$1.call(ThreadUtil.java:52)
at java.util.concurrent.FutureTask.run(FutureTask.java:266)
at java.util.concurrent.ThreadPoolExecutor.runWorker(ThreadPoolExecutor.java:1142)
at java.util.concurrent.ThreadPoolExecutor$Worker.run(ThreadPoolExecutor.java:617)
at java.lang.Thread.run(Thread.java:745)
Caused by: java.net.MalformedURLException: no protocol: tinypic.com
at java.net.URL.<init>(URL.java:593)
at java.net.URL.<init>(URL.java:490)
at java.net.URL.<init>(URL.java:439)
at org.openqa.selenium.htmlunit.HtmlUnitDriver.get(HtmlUnitDriver.java:657)
... 16 more
]]>
    </failure>
  </testcase> <!-- finding_search -->
  <testcase name="finding_search" time="1.066" classname="website_searcher.website_searcher_test">
    <failure type="org.openqa.selenium.WebDriverException" message="java.net.MalformedURLException: no protocol: sbwire.com
Build info: version: &amp;apos;3.12.0&amp;apos;, revision: &amp;apos;7c6e0b3&amp;apos;, time: &amp;apos;2018-05-08T15:15:08.936Z&amp;apos;
System info: host: &amp;apos;LPT-SKODHA.local&amp;apos;, ip: &amp;apos;2601:641:300:569b:1838:54c3:28ef:b06d&amp;apos;, os.name: &amp;apos;Mac OS X&amp;apos;, os.arch: &amp;apos;x86_64&amp;apos;, os.version: &amp;apos;10.12.6&amp;apos;, java.version: &amp;apos;1.8.0_121&amp;apos;
Driver info: driver.version: HtmlUnitDriver">
      <![CDATA[org.openqa.selenium.WebDriverException: java.net.MalformedURLException: no protocol: sbwire.com
Build info: version: '3.12.0', revision: '7c6e0b3', time: '2018-05-08T15:15:08.936Z'
System info: host: 'LPT-SKODHA.local', ip: '2601:641:300:569b:1838:54c3:28ef:b06d', os.name: 'Mac OS X', os.arch: 'x86_64', os.version: '10.12.6', java.version: '1.8.0_121'
Driver info: driver.version: HtmlUnitDriver
at org.openqa.selenium.htmlunit.HtmlUnitDriver.get(HtmlUnitDriver.java:659)
at website_searcher.website_searcher_test.finding_search(website_searcher_test.java:93)
at sun.reflect.GeneratedMethodAccessor5.invoke(Unknown Source)
at sun.reflect.DelegatingMethodAccessorImpl.invoke(DelegatingMethodAccessorImpl.java:43)
at java.lang.reflect.Method.invoke(Method.java:498)
at org.testng.internal.MethodInvocationHelper.invokeMethod(MethodInvocationHelper.java:124)
at org.testng.internal.Invoker.invokeMethod(Invoker.java:580)
at org.testng.internal.Invoker.invokeTestMethod(Invoker.java:716)
at org.testng.internal.Invoker.invokeTestMethods(Invoker.java:988)
at org.testng.internal.TestMethodWorker.invokeTestMethods(TestMethodWorker.java:125)
at org.testng.internal.TestMethodWorker.run(TestMethodWorker.java:109)
at org.testng.internal.thread.ThreadUtil$1.call(ThreadUtil.java:52)
at java.util.concurrent.FutureTask.run(FutureTask.java:266)
at java.util.concurrent.ThreadPoolExecutor.runWorker(ThreadPoolExecutor.java:1142)
at java.util.concurrent.ThreadPoolExecutor$Worker.run(ThreadPoolExecutor.java:617)
at java.lang.Thread.run(Thread.java:745)
Caused by: java.net.MalformedURLException: no protocol: sbwire.com
at java.net.URL.<init>(URL.java:593)
at java.net.URL.<init>(URL.java:490)
at java.net.URL.<init>(URL.java:439)
at org.openqa.selenium.htmlunit.HtmlUnitDriver.get(HtmlUnitDriver.java:657)
... 15 more
]]>
    </failure>
  </testcase> <!-- finding_search -->
  <testcase name="finding_search" time="1.273" classname="website_searcher.website_searcher_test">
    <failure type="org.openqa.selenium.WebDriverException" message="java.net.MalformedURLException: no protocol: 123-reg.co.uk
Build info: version: &amp;apos;3.12.0&amp;apos;, revision: &amp;apos;7c6e0b3&amp;apos;, time: &amp;apos;2018-05-08T15:15:08.936Z&amp;apos;
System info: host: &amp;apos;LPT-SKODHA.local&amp;apos;, ip: &amp;apos;2601:641:300:569b:1838:54c3:28ef:b06d&amp;apos;, os.name: &amp;apos;Mac OS X&amp;apos;, os.arch: &amp;apos;x86_64&amp;apos;, os.version: &amp;apos;10.12.6&amp;apos;, java.version: &amp;apos;1.8.0_121&amp;apos;
Driver info: driver.version: HtmlUnitDriver">
      <![CDATA[org.openqa.selenium.WebDriverException: java.net.MalformedURLException: no protocol: 123-reg.co.uk
Build info: version: '3.12.0', revision: '7c6e0b3', time: '2018-05-08T15:15:08.936Z'
System info: host: 'LPT-SKODHA.local', ip: '2601:641:300:569b:1838:54c3:28ef:b06d', os.name: 'Mac OS X', os.arch: 'x86_64', os.version: '10.12.6', java.version: '1.8.0_121'
Driver info: driver.version: HtmlUnitDriver
at org.openqa.selenium.htmlunit.HtmlUnitDriver.get(HtmlUnitDriver.java:659)
at website_searcher.website_searcher_test.finding_search(website_searcher_test.java:93)
at sun.reflect.NativeMethodAccessorImpl.invoke0(Native Method)
at sun.reflect.NativeMethodAccessorImpl.invoke(NativeMethodAccessorImpl.java:62)
at sun.reflect.DelegatingMethodAccessorImpl.invoke(DelegatingMethodAccessorImpl.java:43)
at java.lang.reflect.Method.invoke(Method.java:498)
at org.testng.internal.MethodInvocationHelper.invokeMethod(MethodInvocationHelper.java:124)
at org.testng.internal.Invoker.invokeMethod(Invoker.java:580)
at org.testng.internal.Invoker.invokeTestMethod(Invoker.java:716)
at org.testng.internal.Invoker.invokeTestMethods(Invoker.java:988)
at org.testng.internal.TestMethodWorker.invokeTestMethods(TestMethodWorker.java:125)
at org.testng.internal.TestMethodWorker.run(TestMethodWorker.java:109)
at org.testng.internal.thread.ThreadUtil$1.call(ThreadUtil.java:52)
at java.util.concurrent.FutureTask.run(FutureTask.java:266)
at java.util.concurrent.ThreadPoolExecutor.runWorker(ThreadPoolExecutor.java:1142)
at java.util.concurrent.ThreadPoolExecutor$Worker.run(ThreadPoolExecutor.java:617)
at java.lang.Thread.run(Thread.java:745)
Caused by: java.net.MalformedURLException: no protocol: 123-reg.co.uk
at java.net.URL.<init>(URL.java:593)
at java.net.URL.<init>(URL.java:490)
at java.net.URL.<init>(URL.java:439)
at org.openqa.selenium.htmlunit.HtmlUnitDriver.get(HtmlUnitDriver.java:657)
... 16 more
]]>
    </failure>
  </testcase> <!-- finding_search -->
  <testcase name="finding_search" time="0.016" classname="website_searcher.website_searcher_test">
    <failure type="org.openqa.selenium.WebDriverException" message="java.net.MalformedURLException: no protocol: dyndns.org
Build info: version: &amp;apos;3.12.0&amp;apos;, revision: &amp;apos;7c6e0b3&amp;apos;, time: &amp;apos;2018-05-08T15:15:08.936Z&amp;apos;
System info: host: &amp;apos;LPT-SKODHA.local&amp;apos;, ip: &amp;apos;2601:641:300:569b:1838:54c3:28ef:b06d&amp;apos;, os.name: &amp;apos;Mac OS X&amp;apos;, os.arch: &amp;apos;x86_64&amp;apos;, os.version: &amp;apos;10.12.6&amp;apos;, java.version: &amp;apos;1.8.0_121&amp;apos;
Driver info: driver.version: HtmlUnitDriver">
      <![CDATA[org.openqa.selenium.WebDriverException: java.net.MalformedURLException: no protocol: dyndns.org
Build info: version: '3.12.0', revision: '7c6e0b3', time: '2018-05-08T15:15:08.936Z'
System info: host: 'LPT-SKODHA.local', ip: '2601:641:300:569b:1838:54c3:28ef:b06d', os.name: 'Mac OS X', os.arch: 'x86_64', os.version: '10.12.6', java.version: '1.8.0_121'
Driver info: driver.version: HtmlUnitDriver
at org.openqa.selenium.htmlunit.HtmlUnitDriver.get(HtmlUnitDriver.java:659)
at website_searcher.website_searcher_test.finding_search(website_searcher_test.java:93)
at sun.reflect.GeneratedMethodAccessor5.invoke(Unknown Source)
at sun.reflect.DelegatingMethodAccessorImpl.invoke(DelegatingMethodAccessorImpl.java:43)
at java.lang.reflect.Method.invoke(Method.java:498)
at org.testng.internal.MethodInvocationHelper.invokeMethod(MethodInvocationHelper.java:124)
at org.testng.internal.Invoker.invokeMethod(Invoker.java:580)
at org.testng.internal.Invoker.invokeTestMethod(Invoker.java:716)
at org.testng.internal.Invoker.invokeTestMethods(Invoker.java:988)
at org.testng.internal.TestMethodWorker.invokeTestMethods(TestMethodWorker.java:125)
at org.testng.internal.TestMethodWorker.run(TestMethodWorker.java:109)
at org.testng.internal.thread.ThreadUtil$1.call(ThreadUtil.java:52)
at java.util.concurrent.FutureTask.run(FutureTask.java:266)
at java.util.concurrent.ThreadPoolExecutor.runWorker(ThreadPoolExecutor.java:1142)
at java.util.concurrent.ThreadPoolExecutor$Worker.run(ThreadPoolExecutor.java:617)
at java.lang.Thread.run(Thread.java:745)
Caused by: java.net.MalformedURLException: no protocol: dyndns.org
at java.net.URL.<init>(URL.java:593)
at java.net.URL.<init>(URL.java:490)
at java.net.URL.<init>(URL.java:439)
at org.openqa.selenium.htmlunit.HtmlUnitDriver.get(HtmlUnitDriver.java:657)
... 15 more
]]>
    </failure>
  </testcase> <!-- finding_search -->
  <testcase name="finding_search" time="0.041" classname="website_searcher.website_searcher_test">
    <failure type="org.openqa.selenium.WebDriverException" message="java.net.MalformedURLException: no protocol: seattletimes.com
Build info: version: &amp;apos;3.12.0&amp;apos;, revision: &amp;apos;7c6e0b3&amp;apos;, time: &amp;apos;2018-05-08T15:15:08.936Z&amp;apos;
System info: host: &amp;apos;LPT-SKODHA.local&amp;apos;, ip: &amp;apos;2601:641:300:569b:1838:54c3:28ef:b06d&amp;apos;, os.name: &amp;apos;Mac OS X&amp;apos;, os.arch: &amp;apos;x86_64&amp;apos;, os.version: &amp;apos;10.12.6&amp;apos;, java.version: &amp;apos;1.8.0_121&amp;apos;
Driver info: driver.version: HtmlUnitDriver">
      <![CDATA[org.openqa.selenium.WebDriverException: java.net.MalformedURLException: no protocol: seattletimes.com
Build info: version: '3.12.0', revision: '7c6e0b3', time: '2018-05-08T15:15:08.936Z'
System info: host: 'LPT-SKODHA.local', ip: '2601:641:300:569b:1838:54c3:28ef:b06d', os.name: 'Mac OS X', os.arch: 'x86_64', os.version: '10.12.6', java.version: '1.8.0_121'
Driver info: driver.version: HtmlUnitDriver
at org.openqa.selenium.htmlunit.HtmlUnitDriver.get(HtmlUnitDriver.java:659)
at website_searcher.website_searcher_test.finding_search(website_searcher_test.java:93)
at sun.reflect.GeneratedMethodAccessor5.invoke(Unknown Source)
at sun.reflect.DelegatingMethodAccessorImpl.invoke(DelegatingMethodAccessorImpl.java:43)
at java.lang.reflect.Method.invoke(Method.java:498)
at org.testng.internal.MethodInvocationHelper.invokeMethod(MethodInvocationHelper.java:124)
at org.testng.internal.Invoker.invokeMethod(Invoker.java:580)
at org.testng.internal.Invoker.invokeTestMethod(Invoker.java:716)
at org.testng.internal.Invoker.invokeTestMethods(Invoker.java:988)
at org.testng.internal.TestMethodWorker.invokeTestMethods(TestMethodWorker.java:125)
at org.testng.internal.TestMethodWorker.run(TestMethodWorker.java:109)
at org.testng.internal.thread.ThreadUtil$1.call(ThreadUtil.java:52)
at java.util.concurrent.FutureTask.run(FutureTask.java:266)
at java.util.concurrent.ThreadPoolExecutor.runWorker(ThreadPoolExecutor.java:1142)
at java.util.concurrent.ThreadPoolExecutor$Worker.run(ThreadPoolExecutor.java:617)
at java.lang.Thread.run(Thread.java:745)
Caused by: java.net.MalformedURLException: no protocol: seattletimes.com
at java.net.URL.<init>(URL.java:593)
at java.net.URL.<init>(URL.java:490)
at java.net.URL.<init>(URL.java:439)
at org.openqa.selenium.htmlunit.HtmlUnitDriver.get(HtmlUnitDriver.java:657)
... 15 more
]]>
    </failure>
  </testcase> <!-- finding_search -->
  <testcase name="finding_search" time="0.023" classname="website_searcher.website_searcher_test">
    <failure type="org.openqa.selenium.WebDriverException" message="java.net.MalformedURLException: no protocol: sogou.com
Build info: version: &amp;apos;3.12.0&amp;apos;, revision: &amp;apos;7c6e0b3&amp;apos;, time: &amp;apos;2018-05-08T15:15:08.936Z&amp;apos;
System info: host: &amp;apos;LPT-SKODHA.local&amp;apos;, ip: &amp;apos;2601:641:300:569b:1838:54c3:28ef:b06d&amp;apos;, os.name: &amp;apos;Mac OS X&amp;apos;, os.arch: &amp;apos;x86_64&amp;apos;, os.version: &amp;apos;10.12.6&amp;apos;, java.version: &amp;apos;1.8.0_121&amp;apos;
Driver info: driver.version: HtmlUnitDriver">
      <![CDATA[org.openqa.selenium.WebDriverException: java.net.MalformedURLException: no protocol: sogou.com
Build info: version: '3.12.0', revision: '7c6e0b3', time: '2018-05-08T15:15:08.936Z'
System info: host: 'LPT-SKODHA.local', ip: '2601:641:300:569b:1838:54c3:28ef:b06d', os.name: 'Mac OS X', os.arch: 'x86_64', os.version: '10.12.6', java.version: '1.8.0_121'
Driver info: driver.version: HtmlUnitDriver
at org.openqa.selenium.htmlunit.HtmlUnitDriver.get(HtmlUnitDriver.java:659)
at website_searcher.website_searcher_test.finding_search(website_searcher_test.java:93)
at sun.reflect.GeneratedMethodAccessor5.invoke(Unknown Source)
at sun.reflect.DelegatingMethodAccessorImpl.invoke(DelegatingMethodAccessorImpl.java:43)
at java.lang.reflect.Method.invoke(Method.java:498)
at org.testng.internal.MethodInvocationHelper.invokeMethod(MethodInvocationHelper.java:124)
at org.testng.internal.Invoker.invokeMethod(Invoker.java:580)
at org.testng.internal.Invoker.invokeTestMethod(Invoker.java:716)
at org.testng.internal.Invoker.invokeTestMethods(Invoker.java:988)
at org.testng.internal.TestMethodWorker.invokeTestMethods(TestMethodWorker.java:125)
at org.testng.internal.TestMethodWorker.run(TestMethodWorker.java:109)
at org.testng.internal.thread.ThreadUtil$1.call(ThreadUtil.java:52)
at java.util.concurrent.FutureTask.run(FutureTask.java:266)
at java.util.concurrent.ThreadPoolExecutor.runWorker(ThreadPoolExecutor.java:1142)
at java.util.concurrent.ThreadPoolExecutor$Worker.run(ThreadPoolExecutor.java:617)
at java.lang.Thread.run(Thread.java:745)
Caused by: java.net.MalformedURLException: no protocol: sogou.com
at java.net.URL.<init>(URL.java:593)
at java.net.URL.<init>(URL.java:490)
at java.net.URL.<init>(URL.java:439)
at org.openqa.selenium.htmlunit.HtmlUnitDriver.get(HtmlUnitDriver.java:657)
... 15 more
]]>
    </failure>
  </testcase> <!-- finding_search -->
  <testcase name="finding_search" time="0.041" classname="website_searcher.website_searcher_test">
    <failure type="org.openqa.selenium.WebDriverException" message="java.net.MalformedURLException: no protocol: ucsd.edu
Build info: version: &amp;apos;3.12.0&amp;apos;, revision: &amp;apos;7c6e0b3&amp;apos;, time: &amp;apos;2018-05-08T15:15:08.936Z&amp;apos;
System info: host: &amp;apos;LPT-SKODHA.local&amp;apos;, ip: &amp;apos;2601:641:300:569b:1838:54c3:28ef:b06d&amp;apos;, os.name: &amp;apos;Mac OS X&amp;apos;, os.arch: &amp;apos;x86_64&amp;apos;, os.version: &amp;apos;10.12.6&amp;apos;, java.version: &amp;apos;1.8.0_121&amp;apos;
Driver info: driver.version: HtmlUnitDriver">
      <![CDATA[org.openqa.selenium.WebDriverException: java.net.MalformedURLException: no protocol: ucsd.edu
Build info: version: '3.12.0', revision: '7c6e0b3', time: '2018-05-08T15:15:08.936Z'
System info: host: 'LPT-SKODHA.local', ip: '2601:641:300:569b:1838:54c3:28ef:b06d', os.name: 'Mac OS X', os.arch: 'x86_64', os.version: '10.12.6', java.version: '1.8.0_121'
Driver info: driver.version: HtmlUnitDriver
at org.openqa.selenium.htmlunit.HtmlUnitDriver.get(HtmlUnitDriver.java:659)
at website_searcher.website_searcher_test.finding_search(website_searcher_test.java:93)
at sun.reflect.GeneratedMethodAccessor5.invoke(Unknown Source)
at sun.reflect.DelegatingMethodAccessorImpl.invoke(DelegatingMethodAccessorImpl.java:43)
at java.lang.reflect.Method.invoke(Method.java:498)
at org.testng.internal.MethodInvocationHelper.invokeMethod(MethodInvocationHelper.java:124)
at org.testng.internal.Invoker.invokeMethod(Invoker.java:580)
at org.testng.internal.Invoker.invokeTestMethod(Invoker.java:716)
at org.testng.internal.Invoker.invokeTestMethods(Invoker.java:988)
at org.testng.internal.TestMethodWorker.invokeTestMethods(TestMethodWorker.java:125)
at org.testng.internal.TestMethodWorker.run(TestMethodWorker.java:109)
at org.testng.internal.thread.ThreadUtil$1.call(ThreadUtil.java:52)
at java.util.concurrent.FutureTask.run(FutureTask.java:266)
at java.util.concurrent.ThreadPoolExecutor.runWorker(ThreadPoolExecutor.java:1142)
at java.util.concurrent.ThreadPoolExecutor$Worker.run(ThreadPoolExecutor.java:617)
at java.lang.Thread.run(Thread.java:745)
Caused by: java.net.MalformedURLException: no protocol: ucsd.edu
at java.net.URL.<init>(URL.java:593)
at java.net.URL.<init>(URL.java:490)
at java.net.URL.<init>(URL.java:439)
at org.openqa.selenium.htmlunit.HtmlUnitDriver.get(HtmlUnitDriver.java:657)
... 15 more
]]>
    </failure>
  </testcase> <!-- finding_search -->
  <testcase name="finding_search" time="1.12" classname="website_searcher.website_searcher_test">
    <failure type="org.openqa.selenium.WebDriverException" message="java.net.MalformedURLException: no protocol: walmart.com
Build info: version: &amp;apos;3.12.0&amp;apos;, revision: &amp;apos;7c6e0b3&amp;apos;, time: &amp;apos;2018-05-08T15:15:08.936Z&amp;apos;
System info: host: &amp;apos;LPT-SKODHA.local&amp;apos;, ip: &amp;apos;2601:641:300:569b:1838:54c3:28ef:b06d&amp;apos;, os.name: &amp;apos;Mac OS X&amp;apos;, os.arch: &amp;apos;x86_64&amp;apos;, os.version: &amp;apos;10.12.6&amp;apos;, java.version: &amp;apos;1.8.0_121&amp;apos;
Driver info: driver.version: HtmlUnitDriver">
      <![CDATA[org.openqa.selenium.WebDriverException: java.net.MalformedURLException: no protocol: walmart.com
Build info: version: '3.12.0', revision: '7c6e0b3', time: '2018-05-08T15:15:08.936Z'
System info: host: 'LPT-SKODHA.local', ip: '2601:641:300:569b:1838:54c3:28ef:b06d', os.name: 'Mac OS X', os.arch: 'x86_64', os.version: '10.12.6', java.version: '1.8.0_121'
Driver info: driver.version: HtmlUnitDriver
at org.openqa.selenium.htmlunit.HtmlUnitDriver.get(HtmlUnitDriver.java:659)
at website_searcher.website_searcher_test.finding_search(website_searcher_test.java:93)
at sun.reflect.GeneratedMethodAccessor5.invoke(Unknown Source)
at sun.reflect.DelegatingMethodAccessorImpl.invoke(DelegatingMethodAccessorImpl.java:43)
at java.lang.reflect.Method.invoke(Method.java:498)
at org.testng.internal.MethodInvocationHelper.invokeMethod(MethodInvocationHelper.java:124)
at org.testng.internal.Invoker.invokeMethod(Invoker.java:580)
at org.testng.internal.Invoker.invokeTestMethod(Invoker.java:716)
at org.testng.internal.Invoker.invokeTestMethods(Invoker.java:988)
at org.testng.internal.TestMethodWorker.invokeTestMethods(TestMethodWorker.java:125)
at org.testng.internal.TestMethodWorker.run(TestMethodWorker.java:109)
at org.testng.internal.thread.ThreadUtil$1.call(ThreadUtil.java:52)
at java.util.concurrent.FutureTask.run(FutureTask.java:266)
at java.util.concurrent.ThreadPoolExecutor.runWorker(ThreadPoolExecutor.java:1142)
at java.util.concurrent.ThreadPoolExecutor$Worker.run(ThreadPoolExecutor.java:617)
at java.lang.Thread.run(Thread.java:745)
Caused by: java.net.MalformedURLException: no protocol: walmart.com
at java.net.URL.<init>(URL.java:593)
at java.net.URL.<init>(URL.java:490)
at java.net.URL.<init>(URL.java:439)
at org.openqa.selenium.htmlunit.HtmlUnitDriver.get(HtmlUnitDriver.java:657)
... 15 more
]]>
    </failure>
  </testcase> <!-- finding_search -->
  <testcase name="finding_search" time="0.017" classname="website_searcher.website_searcher_test">
    <failure type="org.openqa.selenium.WebDriverException" message="java.net.MalformedURLException: no protocol: aboutads.info
Build info: version: &amp;apos;3.12.0&amp;apos;, revision: &amp;apos;7c6e0b3&amp;apos;, time: &amp;apos;2018-05-08T15:15:08.936Z&amp;apos;
System info: host: &amp;apos;LPT-SKODHA.local&amp;apos;, ip: &amp;apos;2601:641:300:569b:1838:54c3:28ef:b06d&amp;apos;, os.name: &amp;apos;Mac OS X&amp;apos;, os.arch: &amp;apos;x86_64&amp;apos;, os.version: &amp;apos;10.12.6&amp;apos;, java.version: &amp;apos;1.8.0_121&amp;apos;
Driver info: driver.version: HtmlUnitDriver">
      <![CDATA[org.openqa.selenium.WebDriverException: java.net.MalformedURLException: no protocol: aboutads.info
Build info: version: '3.12.0', revision: '7c6e0b3', time: '2018-05-08T15:15:08.936Z'
System info: host: 'LPT-SKODHA.local', ip: '2601:641:300:569b:1838:54c3:28ef:b06d', os.name: 'Mac OS X', os.arch: 'x86_64', os.version: '10.12.6', java.version: '1.8.0_121'
Driver info: driver.version: HtmlUnitDriver
at org.openqa.selenium.htmlunit.HtmlUnitDriver.get(HtmlUnitDriver.java:659)
at website_searcher.website_searcher_test.finding_search(website_searcher_test.java:93)
at sun.reflect.GeneratedMethodAccessor5.invoke(Unknown Source)
at sun.reflect.DelegatingMethodAccessorImpl.invoke(DelegatingMethodAccessorImpl.java:43)
at java.lang.reflect.Method.invoke(Method.java:498)
at org.testng.internal.MethodInvocationHelper.invokeMethod(MethodInvocationHelper.java:124)
at org.testng.internal.Invoker.invokeMethod(Invoker.java:580)
at org.testng.internal.Invoker.invokeTestMethod(Invoker.java:716)
at org.testng.internal.Invoker.invokeTestMethods(Invoker.java:988)
at org.testng.internal.TestMethodWorker.invokeTestMethods(TestMethodWorker.java:125)
at org.testng.internal.TestMethodWorker.run(TestMethodWorker.java:109)
at org.testng.internal.thread.ThreadUtil$1.call(ThreadUtil.java:52)
at java.util.concurrent.FutureTask.run(FutureTask.java:266)
at java.util.concurrent.ThreadPoolExecutor.runWorker(ThreadPoolExecutor.java:1142)
at java.util.concurrent.ThreadPoolExecutor$Worker.run(ThreadPoolExecutor.java:617)
at java.lang.Thread.run(Thread.java:745)
Caused by: java.net.MalformedURLException: no protocol: aboutads.info
at java.net.URL.<init>(URL.java:593)
at java.net.URL.<init>(URL.java:490)
at java.net.URL.<init>(URL.java:439)
at org.openqa.selenium.htmlunit.HtmlUnitDriver.get(HtmlUnitDriver.java:657)
... 15 more
]]>
    </failure>
  </testcase> <!-- finding_search -->
  <testcase name="finding_search" time="1.349" classname="website_searcher.website_searcher_test">
    <failure type="org.openqa.selenium.WebDriverException" message="java.net.MalformedURLException: no protocol: vinaora.com
Build info: version: &amp;apos;3.12.0&amp;apos;, revision: &amp;apos;7c6e0b3&amp;apos;, time: &amp;apos;2018-05-08T15:15:08.936Z&amp;apos;
System info: host: &amp;apos;LPT-SKODHA.local&amp;apos;, ip: &amp;apos;2601:641:300:569b:1838:54c3:28ef:b06d&amp;apos;, os.name: &amp;apos;Mac OS X&amp;apos;, os.arch: &amp;apos;x86_64&amp;apos;, os.version: &amp;apos;10.12.6&amp;apos;, java.version: &amp;apos;1.8.0_121&amp;apos;
Driver info: driver.version: HtmlUnitDriver">
      <![CDATA[org.openqa.selenium.WebDriverException: java.net.MalformedURLException: no protocol: vinaora.com
Build info: version: '3.12.0', revision: '7c6e0b3', time: '2018-05-08T15:15:08.936Z'
System info: host: 'LPT-SKODHA.local', ip: '2601:641:300:569b:1838:54c3:28ef:b06d', os.name: 'Mac OS X', os.arch: 'x86_64', os.version: '10.12.6', java.version: '1.8.0_121'
Driver info: driver.version: HtmlUnitDriver
at org.openqa.selenium.htmlunit.HtmlUnitDriver.get(HtmlUnitDriver.java:659)
at website_searcher.website_searcher_test.finding_search(website_searcher_test.java:93)
at sun.reflect.NativeMethodAccessorImpl.invoke0(Native Method)
at sun.reflect.NativeMethodAccessorImpl.invoke(NativeMethodAccessorImpl.java:62)
at sun.reflect.DelegatingMethodAccessorImpl.invoke(DelegatingMethodAccessorImpl.java:43)
at java.lang.reflect.Method.invoke(Method.java:498)
at org.testng.internal.MethodInvocationHelper.invokeMethod(MethodInvocationHelper.java:124)
at org.testng.internal.Invoker.invokeMethod(Invoker.java:580)
at org.testng.internal.Invoker.invokeTestMethod(Invoker.java:716)
at org.testng.internal.Invoker.invokeTestMethods(Invoker.java:988)
at org.testng.internal.TestMethodWorker.invokeTestMethods(TestMethodWorker.java:125)
at org.testng.internal.TestMethodWorker.run(TestMethodWorker.java:109)
at org.testng.internal.thread.ThreadUtil$1.call(ThreadUtil.java:52)
at java.util.concurrent.FutureTask.run(FutureTask.java:266)
at java.util.concurrent.ThreadPoolExecutor.runWorker(ThreadPoolExecutor.java:1142)
at java.util.concurrent.ThreadPoolExecutor$Worker.run(ThreadPoolExecutor.java:617)
at java.lang.Thread.run(Thread.java:745)
Caused by: java.net.MalformedURLException: no protocol: vinaora.com
at java.net.URL.<init>(URL.java:593)
at java.net.URL.<init>(URL.java:490)
at java.net.URL.<init>(URL.java:439)
at org.openqa.selenium.htmlunit.HtmlUnitDriver.get(HtmlUnitDriver.java:657)
... 16 more
]]>
    </failure>
  </testcase> <!-- finding_search -->
  <testcase name="finding_search" time="1.35" classname="website_searcher.website_searcher_test">
    <failure type="org.openqa.selenium.WebDriverException" message="java.net.MalformedURLException: no protocol: fema.gov
Build info: version: &amp;apos;3.12.0&amp;apos;, revision: &amp;apos;7c6e0b3&amp;apos;, time: &amp;apos;2018-05-08T15:15:08.936Z&amp;apos;
System info: host: &amp;apos;LPT-SKODHA.local&amp;apos;, ip: &amp;apos;2601:641:300:569b:1838:54c3:28ef:b06d&amp;apos;, os.name: &amp;apos;Mac OS X&amp;apos;, os.arch: &amp;apos;x86_64&amp;apos;, os.version: &amp;apos;10.12.6&amp;apos;, java.version: &amp;apos;1.8.0_121&amp;apos;
Driver info: driver.version: HtmlUnitDriver">
      <![CDATA[org.openqa.selenium.WebDriverException: java.net.MalformedURLException: no protocol: fema.gov
Build info: version: '3.12.0', revision: '7c6e0b3', time: '2018-05-08T15:15:08.936Z'
System info: host: 'LPT-SKODHA.local', ip: '2601:641:300:569b:1838:54c3:28ef:b06d', os.name: 'Mac OS X', os.arch: 'x86_64', os.version: '10.12.6', java.version: '1.8.0_121'
Driver info: driver.version: HtmlUnitDriver
at org.openqa.selenium.htmlunit.HtmlUnitDriver.get(HtmlUnitDriver.java:659)
at website_searcher.website_searcher_test.finding_search(website_searcher_test.java:93)
at sun.reflect.NativeMethodAccessorImpl.invoke0(Native Method)
at sun.reflect.NativeMethodAccessorImpl.invoke(NativeMethodAccessorImpl.java:62)
at sun.reflect.DelegatingMethodAccessorImpl.invoke(DelegatingMethodAccessorImpl.java:43)
at java.lang.reflect.Method.invoke(Method.java:498)
at org.testng.internal.MethodInvocationHelper.invokeMethod(MethodInvocationHelper.java:124)
at org.testng.internal.Invoker.invokeMethod(Invoker.java:580)
at org.testng.internal.Invoker.invokeTestMethod(Invoker.java:716)
at org.testng.internal.Invoker.invokeTestMethods(Invoker.java:988)
at org.testng.internal.TestMethodWorker.invokeTestMethods(TestMethodWorker.java:125)
at org.testng.internal.TestMethodWorker.run(TestMethodWorker.java:109)
at org.testng.internal.thread.ThreadUtil$1.call(ThreadUtil.java:52)
at java.util.concurrent.FutureTask.run(FutureTask.java:266)
at java.util.concurrent.ThreadPoolExecutor.runWorker(ThreadPoolExecutor.java:1142)
at java.util.concurrent.ThreadPoolExecutor$Worker.run(ThreadPoolExecutor.java:617)
at java.lang.Thread.run(Thread.java:745)
Caused by: java.net.MalformedURLException: no protocol: fema.gov
at java.net.URL.<init>(URL.java:593)
at java.net.URL.<init>(URL.java:490)
at java.net.URL.<init>(URL.java:439)
at org.openqa.selenium.htmlunit.HtmlUnitDriver.get(HtmlUnitDriver.java:657)
... 16 more
]]>
    </failure>
  </testcase> <!-- finding_search -->
  <testcase name="finding_search" time="1.35" classname="website_searcher.website_searcher_test">
    <failure type="org.openqa.selenium.WebDriverException" message="java.net.MalformedURLException: no protocol: nymag.com
Build info: version: &amp;apos;3.12.0&amp;apos;, revision: &amp;apos;7c6e0b3&amp;apos;, time: &amp;apos;2018-05-08T15:15:08.936Z&amp;apos;
System info: host: &amp;apos;LPT-SKODHA.local&amp;apos;, ip: &amp;apos;2601:641:300:569b:1838:54c3:28ef:b06d&amp;apos;, os.name: &amp;apos;Mac OS X&amp;apos;, os.arch: &amp;apos;x86_64&amp;apos;, os.version: &amp;apos;10.12.6&amp;apos;, java.version: &amp;apos;1.8.0_121&amp;apos;
Driver info: driver.version: HtmlUnitDriver">
      <![CDATA[org.openqa.selenium.WebDriverException: java.net.MalformedURLException: no protocol: nymag.com
Build info: version: '3.12.0', revision: '7c6e0b3', time: '2018-05-08T15:15:08.936Z'
System info: host: 'LPT-SKODHA.local', ip: '2601:641:300:569b:1838:54c3:28ef:b06d', os.name: 'Mac OS X', os.arch: 'x86_64', os.version: '10.12.6', java.version: '1.8.0_121'
Driver info: driver.version: HtmlUnitDriver
at org.openqa.selenium.htmlunit.HtmlUnitDriver.get(HtmlUnitDriver.java:659)
at website_searcher.website_searcher_test.finding_search(website_searcher_test.java:93)
at sun.reflect.GeneratedMethodAccessor1.invoke(Unknown Source)
at sun.reflect.DelegatingMethodAccessorImpl.invoke(DelegatingMethodAccessorImpl.java:43)
at java.lang.reflect.Method.invoke(Method.java:498)
at org.testng.internal.MethodInvocationHelper.invokeMethod(MethodInvocationHelper.java:124)
at org.testng.internal.Invoker.invokeMethod(Invoker.java:580)
at org.testng.internal.Invoker.invokeTestMethod(Invoker.java:716)
at org.testng.internal.Invoker.invokeTestMethods(Invoker.java:988)
at org.testng.internal.TestMethodWorker.invokeTestMethods(TestMethodWorker.java:125)
at org.testng.internal.TestMethodWorker.run(TestMethodWorker.java:109)
at org.testng.internal.thread.ThreadUtil$1.call(ThreadUtil.java:52)
at java.util.concurrent.FutureTask.run(FutureTask.java:266)
at java.util.concurrent.ThreadPoolExecutor.runWorker(ThreadPoolExecutor.java:1142)
at java.util.concurrent.ThreadPoolExecutor$Worker.run(ThreadPoolExecutor.java:617)
at java.lang.Thread.run(Thread.java:745)
Caused by: java.net.MalformedURLException: no protocol: nymag.com
at java.net.URL.<init>(URL.java:593)
at java.net.URL.<init>(URL.java:490)
at java.net.URL.<init>(URL.java:439)
at org.openqa.selenium.htmlunit.HtmlUnitDriver.get(HtmlUnitDriver.java:657)
... 15 more
]]>
    </failure>
  </testcase> <!-- finding_search -->
  <testcase name="finding_search" time="0.14" classname="website_searcher.website_searcher_test">
    <failure type="org.openqa.selenium.WebDriverException" message="java.net.MalformedURLException: no protocol: blogtalkradio.com
Build info: version: &amp;apos;3.12.0&amp;apos;, revision: &amp;apos;7c6e0b3&amp;apos;, time: &amp;apos;2018-05-08T15:15:08.936Z&amp;apos;
System info: host: &amp;apos;LPT-SKODHA.local&amp;apos;, ip: &amp;apos;2601:641:300:569b:1838:54c3:28ef:b06d&amp;apos;, os.name: &amp;apos;Mac OS X&amp;apos;, os.arch: &amp;apos;x86_64&amp;apos;, os.version: &amp;apos;10.12.6&amp;apos;, java.version: &amp;apos;1.8.0_121&amp;apos;
Driver info: driver.version: HtmlUnitDriver">
      <![CDATA[org.openqa.selenium.WebDriverException: java.net.MalformedURLException: no protocol: blogtalkradio.com
Build info: version: '3.12.0', revision: '7c6e0b3', time: '2018-05-08T15:15:08.936Z'
System info: host: 'LPT-SKODHA.local', ip: '2601:641:300:569b:1838:54c3:28ef:b06d', os.name: 'Mac OS X', os.arch: 'x86_64', os.version: '10.12.6', java.version: '1.8.0_121'
Driver info: driver.version: HtmlUnitDriver
at org.openqa.selenium.htmlunit.HtmlUnitDriver.get(HtmlUnitDriver.java:659)
at website_searcher.website_searcher_test.finding_search(website_searcher_test.java:93)
at sun.reflect.GeneratedMethodAccessor5.invoke(Unknown Source)
at sun.reflect.DelegatingMethodAccessorImpl.invoke(DelegatingMethodAccessorImpl.java:43)
at java.lang.reflect.Method.invoke(Method.java:498)
at org.testng.internal.MethodInvocationHelper.invokeMethod(MethodInvocationHelper.java:124)
at org.testng.internal.Invoker.invokeMethod(Invoker.java:580)
at org.testng.internal.Invoker.invokeTestMethod(Invoker.java:716)
at org.testng.internal.Invoker.invokeTestMethods(Invoker.java:988)
at org.testng.internal.TestMethodWorker.invokeTestMethods(TestMethodWorker.java:125)
at org.testng.internal.TestMethodWorker.run(TestMethodWorker.java:109)
at org.testng.internal.thread.ThreadUtil$1.call(ThreadUtil.java:52)
at java.util.concurrent.FutureTask.run(FutureTask.java:266)
at java.util.concurrent.ThreadPoolExecutor.runWorker(ThreadPoolExecutor.java:1142)
at java.util.concurrent.ThreadPoolExecutor$Worker.run(ThreadPoolExecutor.java:617)
at java.lang.Thread.run(Thread.java:745)
Caused by: java.net.MalformedURLException: no protocol: blogtalkradio.com
at java.net.URL.<init>(URL.java:593)
at java.net.URL.<init>(URL.java:490)
at java.net.URL.<init>(URL.java:439)
at org.openqa.selenium.htmlunit.HtmlUnitDriver.get(HtmlUnitDriver.java:657)
... 15 more
]]>
    </failure>
  </testcase> <!-- finding_search -->
  <testcase name="finding_search" time="0.101" classname="website_searcher.website_searcher_test">
    <failure type="org.openqa.selenium.WebDriverException" message="java.net.MalformedURLException: no protocol: earthlink.net
Build info: version: &amp;apos;3.12.0&amp;apos;, revision: &amp;apos;7c6e0b3&amp;apos;, time: &amp;apos;2018-05-08T15:15:08.936Z&amp;apos;
System info: host: &amp;apos;LPT-SKODHA.local&amp;apos;, ip: &amp;apos;2601:641:300:569b:1838:54c3:28ef:b06d&amp;apos;, os.name: &amp;apos;Mac OS X&amp;apos;, os.arch: &amp;apos;x86_64&amp;apos;, os.version: &amp;apos;10.12.6&amp;apos;, java.version: &amp;apos;1.8.0_121&amp;apos;
Driver info: driver.version: HtmlUnitDriver">
      <![CDATA[org.openqa.selenium.WebDriverException: java.net.MalformedURLException: no protocol: earthlink.net
Build info: version: '3.12.0', revision: '7c6e0b3', time: '2018-05-08T15:15:08.936Z'
System info: host: 'LPT-SKODHA.local', ip: '2601:641:300:569b:1838:54c3:28ef:b06d', os.name: 'Mac OS X', os.arch: 'x86_64', os.version: '10.12.6', java.version: '1.8.0_121'
[...]
Driver info: driver.version: HtmlUnitDriver">
      <![CDATA[org.openqa.selenium.WebDriverException: java.net.MalformedURLException: no protocol: craigslist.org
Build info: version: '3.12.0', revision: '7c6e0b3', time: '2018-05-08T15:15:08.936Z'
System info: host: 'LPT-SKODHA.local', ip: '2601:641:300:569b:1838:54c3:28ef:b06d', os.name: 'Mac OS X', os.arch: 'x86_64', os.version: '10.12.6', java.version: '1.8.0_121'
Driver info: driver.version: HtmlUnitDriver
at org.openqa.selenium.htmlunit.HtmlUnitDriver.get(HtmlUnitDriver.java:659)
at website_searcher.website_searcher_test.finding_search(website_searcher_test.java:93)
at sun.reflect.GeneratedMethodAccessor5.invoke(Unknown Source)
at sun.reflect.DelegatingMethodAccessorImpl.invoke(DelegatingMethodAccessorImpl.java:43)
at java.lang.reflect.Method.invoke(Method.java:498)
at org.testng.internal.MethodInvocationHelper.invokeMethod(MethodInvocationHelper.java:124)
at org.testng.internal.Invoker.invokeMethod(Invoker.java:580)
at org.testng.internal.Invoker.invokeTestMethod(Invoker.java:716)
at org.testng.internal.Invoker.invokeTestMethods(Invoker.java:988)
at org.testng.internal.TestMethodWorker.invokeTestMethods(TestMethodWorker.java:125)
at org.testng.internal.TestMethodWorker.run(TestMethodWorker.java:109)
at org.testng.internal.thread.ThreadUtil$1.call(ThreadUtil.java:52)
at java.util.concurrent.FutureTask.run(FutureTask.java:266)
at java.util.concurrent.ThreadPoolExecutor.runWorker(ThreadPoolExecutor.java:1142)
at java.util.concurrent.ThreadPoolExecutor$Worker.run(ThreadPoolExecutor.java:617)
at java.lang.Thread.run(Thread.java:745)
Caused by: java.net.MalformedURLException: no protocol: craigslist.org
at java.net.URL.<init>(URL.java:593)
at java.net.URL.<init>(URL.java:490)
at java.net.URL.<init>(URL.java:439)
at org.openqa.selenium.htmlunit.HtmlUnitDriver.get(HtmlUnitDriver.java:657)
... 15 more
]]>
    </failure>
  </testcase> <!-- finding_search -->
  <testcase name="finding_search" time="0.043" classname="website_searcher.website_searcher_test">
    <failure type="org.openqa.selenium.WebDriverException" message="java.net.MalformedURLException: no protocol: jalbum.net
Build info: version: &amp;apos;3.12.0&amp;apos;, revision: &amp;apos;7c6e0b3&amp;apos;, time: &amp;apos;2018-05-08T15:15:08.936Z&amp;apos;
System info: host: &amp;apos;LPT-SKODHA.local&amp;apos;, ip: &amp;apos;2601:641:300:569b:1838:54c3:28ef:b06d&amp;apos;, os.name: &amp;apos;Mac OS X&amp;apos;, os.arch: &amp;apos;x86_64&amp;apos;, os.version: &amp;apos;10.12.6&amp;apos;, java.version: &amp;apos;1.8.0_121&amp;apos;
Driver info: driver.version: HtmlUnitDriver">
      <![CDATA[org.openqa.selenium.WebDriverException: java.net.MalformedURLException: no protocol: jalbum.net
Build info: version: '3.12.0', revision: '7c6e0b3', time: '2018-05-08T15:15:08.936Z'
System info: host: 'LPT-SKODHA.local', ip: '2601:641:300:569b:1838:54c3:28ef:b06d', os.name: 'Mac OS X', os.arch: 'x86_64', os.version: '10.12.6', java.version: '1.8.0_121'
Driver info: driver.version: HtmlUnitDriver
at org.openqa.selenium.htmlunit.HtmlUnitDriver.get(HtmlUnitDriver.java:659)
at website_searcher.website_searcher_test.finding_search(website_searcher_test.java:93)
at sun.reflect.GeneratedMethodAccessor5.invoke(Unknown Source)
at sun.reflect.DelegatingMethodAccessorImpl.invoke(DelegatingMethodAccessorImpl.java:43)
at java.lang.reflect.Method.invoke(Method.java:498)
at org.testng.internal.MethodInvocationHelper.invokeMethod(MethodInvocationHelper.java:124)
at org.testng.internal.Invoker.invokeMethod(Invoker.java:580)
at org.testng.internal.Invoker.invokeTestMethod(Invoker.java:716)
at org.testng.internal.Invoker.invokeTestMethods(Invoker.java:988)
at org.testng.internal.TestMethodWorker.invokeTestMethods(TestMethodWorker.java:125)
at org.testng.internal.TestMethodWorker.run(TestMethodWorker.java:109)
at org.testng.internal.thread.ThreadUtil$1.call(ThreadUtil.java:52)
at java.util.concurrent.FutureTask.run(FutureTask.java:266)
at java.util.concurrent.ThreadPoolExecutor.runWorker(ThreadPoolExecutor.java:1142)
at java.util.concurrent.ThreadPoolExecutor$Worker.run(ThreadPoolExecutor.java:617)
at java.lang.Thread.run(Thread.java:745)
Caused by: java.net.MalformedURLException: no protocol: jalbum.net
at java.net.URL.<init>(URL.java:593)
at java.net.URL.<init>(URL.java:490)
at java.net.URL.<init>(URL.java:439)
at org.openqa.selenium.htmlunit.HtmlUnitDriver.get(HtmlUnitDriver.java:657)
... 15 more
]]>
    </failure>
  </testcase> <!-- finding_search -->
  <testcase name="finding_search" time="0.058" classname="website_searcher.website_searcher_test">
    <failure type="org.openqa.selenium.WebDriverException" message="java.net.MalformedURLException: no protocol: google.com.hk
Build info: version: &amp;apos;3.12.0&amp;apos;, revision: &amp;apos;7c6e0b3&amp;apos;, time: &amp;apos;2018-05-08T15:15:08.936Z&amp;apos;
System info: host: &amp;apos;LPT-SKODHA.local&amp;apos;, ip: &amp;apos;2601:641:300:569b:1838:54c3:28ef:b06d&amp;apos;, os.name: &amp;apos;Mac OS X&amp;apos;, os.arch: &amp;apos;x86_64&amp;apos;, os.version: &amp;apos;10.12.6&amp;apos;, java.version: &amp;apos;1.8.0_121&amp;apos;
Driver info: driver.version: HtmlUnitDriver">
      <![CDATA[org.openqa.selenium.WebDriverException: java.net.MalformedURLException: no protocol: google.com.hk
Build info: version: '3.12.0', revision: '7c6e0b3', time: '2018-05-08T15:15:08.936Z'
System info: host: 'LPT-SKODHA.local', ip: '2601:641:300:569b:1838:54c3:28ef:b06d', os.name: 'Mac OS X', os.arch: 'x86_64', os.version: '10.12.6', java.version: '1.8.0_121'
Driver info: driver.version: HtmlUnitDriver
at org.openqa.selenium.htmlunit.HtmlUnitDriver.get(HtmlUnitDriver.java:659)
at website_searcher.website_searcher_test.finding_search(website_searcher_test.java:93)
at sun.reflect.GeneratedMethodAccessor5.invoke(Unknown Source)
at sun.reflect.DelegatingMethodAccessorImpl.invoke(DelegatingMethodAccessorImpl.java:43)
at java.lang.reflect.Method.invoke(Method.java:498)
at org.testng.internal.MethodInvocationHelper.invokeMethod(MethodInvocationHelper.java:124)
at org.testng.internal.Invoker.invokeMethod(Invoker.java:580)
at org.testng.internal.Invoker.invokeTestMethod(Invoker.java:716)
at org.testng.internal.Invoker.invokeTestMethods(Invoker.java:988)
at org.testng.internal.TestMethodWorker.invokeTestMethods(TestMethodWorker.java:125)
at org.testng.internal.TestMethodWorker.run(TestMethodWorker.java:109)
at org.testng.internal.thread.ThreadUtil$1.call(ThreadUtil.java:52)
at java.util.concurrent.FutureTask.run(FutureTask.java:266)
at java.util.concurrent.ThreadPoolExecutor.runWorker(ThreadPoolExecutor.java:1142)
at java.util.concurrent.ThreadPoolExecutor$Worker.run(ThreadPoolExecutor.java:617)
at java.lang.Thread.run(Thread.java:745)
Caused by: java.net.MalformedURLException: no protocol: google.com.hk
at java.net.URL.<init>(URL.java:593)
at java.net.URL.<init>(URL.java:490)
at java.net.URL.<init>(URL.java:439)
at org.openqa.selenium.htmlunit.HtmlUnitDriver.get(HtmlUnitDriver.java:657)
... 15 more
]]>
    </failure>
  </testcase> <!-- finding_search -->
  <testcase name="finding_search" time="0.054" classname="website_searcher.website_searcher_test">
    <failure type="org.openqa.selenium.WebDriverException" message="java.net.MalformedURLException: no protocol: cyberchimps.com
Build info: version: &amp;apos;3.12.0&amp;apos;, revision: &amp;apos;7c6e0b3&amp;apos;, time: &amp;apos;2018-05-08T15:15:08.936Z&amp;apos;
System info: host: &amp;apos;LPT-SKODHA.local&amp;apos;, ip: &amp;apos;2601:641:300:569b:1838:54c3:28ef:b06d&amp;apos;, os.name: &amp;apos;Mac OS X&amp;apos;, os.arch: &amp;apos;x86_64&amp;apos;, os.version: &amp;apos;10.12.6&amp;apos;, java.version: &amp;apos;1.8.0_121&amp;apos;
Driver info: driver.version: HtmlUnitDriver">
      <![CDATA[org.openqa.selenium.WebDriverException: java.net.MalformedURLException: no protocol: cyberchimps.com
Build info: version: '3.12.0', revision: '7c6e0b3', time: '2018-05-08T15:15:08.936Z'
System info: host: 'LPT-SKODHA.local', ip: '2601:641:300:569b:1838:54c3:28ef:b06d', os.name: 'Mac OS X', os.arch: 'x86_64', os.version: '10.12.6', java.version: '1.8.0_121'
Driver info: driver.version: HtmlUnitDriver
at org.openqa.selenium.htmlunit.HtmlUnitDriver.get(HtmlUnitDriver.java:659)
at website_searcher.website_searcher_test.finding_search(website_searcher_test.java:93)
at sun.reflect.GeneratedMethodAccessor5.invoke(Unknown Source)
at sun.reflect.DelegatingMethodAccessorImpl.invoke(DelegatingMethodAccessorImpl.java:43)
at java.lang.reflect.Method.invoke(Method.java:498)
at org.testng.internal.MethodInvocationHelper.invokeMethod(MethodInvocationHelper.java:124)
at org.testng.internal.Invoker.invokeMethod(Invoker.java:580)
at org.testng.internal.Invoker.invokeTestMethod(Invoker.java:716)
at org.testng.internal.Invoker.invokeTestMethods(Invoker.java:988)
at org.testng.internal.TestMethodWorker.invokeTestMethods(TestMethodWorker.java:125)
at org.testng.internal.TestMethodWorker.run(TestMethodWorker.java:109)
at org.testng.internal.thread.ThreadUtil$1.call(ThreadUtil.java:52)
at java.util.concurrent.FutureTask.run(FutureTask.java:266)
at java.util.concurrent.ThreadPoolExecutor.runWorker(ThreadPoolExecutor.java:1142)
at java.util.concurrent.ThreadPoolExecutor$Worker.run(ThreadPoolExecutor.java:617)
at java.lang.Thread.run(Thread.java:745)
Caused by: java.net.MalformedURLException: no protocol: cyberchimps.com
at java.net.URL.<init>(URL.java:593)
at java.net.URL.<init>(URL.java:490)
at java.net.URL.<init>(URL.java:439)
at org.openqa.selenium.htmlunit.HtmlUnitDriver.get(HtmlUnitDriver.java:657)
... 15 more
]]>
    </failure>
  </testcase> <!-- finding_search -->
  <testcase name="finding_search" time="0.057" classname="website_searcher.website_searcher_test">
    <failure type="org.openqa.selenium.WebDriverException" message="java.net.MalformedURLException: no protocol: dot.gov
Build info: version: &amp;apos;3.12.0&amp;apos;, revision: &amp;apos;7c6e0b3&amp;apos;, time: &amp;apos;2018-05-08T15:15:08.936Z&amp;apos;
System info: host: &amp;apos;LPT-SKODHA.local&amp;apos;, ip: &amp;apos;2601:641:300:569b:1838:54c3:28ef:b06d&amp;apos;, os.name: &amp;apos;Mac OS X&amp;apos;, os.arch: &amp;apos;x86_64&amp;apos;, os.version: &amp;apos;10.12.6&amp;apos;, java.version: &amp;apos;1.8.0_121&amp;apos;
Driver info: driver.version: HtmlUnitDriver">
      <![CDATA[org.openqa.selenium.WebDriverException: java.net.MalformedURLException: no protocol: dot.gov
Build info: version: '3.12.0', revision: '7c6e0b3', time: '2018-05-08T15:15:08.936Z'
System info: host: 'LPT-SKODHA.local', ip: '2601:641:300:569b:1838:54c3:28ef:b06d', os.name: 'Mac OS X', os.arch: 'x86_64', os.version: '10.12.6', java.version: '1.8.0_121'
Driver info: driver.version: HtmlUnitDriver
at org.openqa.selenium.htmlunit.HtmlUnitDriver.get(HtmlUnitDriver.java:659)
at website_searcher.website_searcher_test.finding_search(website_searcher_test.java:93)
at sun.reflect.GeneratedMethodAccessor5.invoke(Unknown Source)
at sun.reflect.DelegatingMethodAccessorImpl.invoke(DelegatingMethodAccessorImpl.java:43)
at java.lang.reflect.Method.invoke(Method.java:498)
at org.testng.internal.MethodInvocationHelper.invokeMethod(MethodInvocationHelper.java:124)
at org.testng.internal.Invoker.invokeMethod(Invoker.java:580)
at org.testng.internal.Invoker.invokeTestMethod(Invoker.java:716)
at org.testng.internal.Invoker.invokeTestMethods(Invoker.java:988)
at org.testng.internal.TestMethodWorker.invokeTestMethods(TestMethodWorker.java:125)
at org.testng.internal.TestMethodWorker.run(TestMethodWorker.java:109)
at org.testng.internal.thread.ThreadUtil$1.call(ThreadUtil.java:52)
at java.util.concurrent.FutureTask.run(FutureTask.java:266)
at java.util.concurrent.ThreadPoolExecutor.runWorker(ThreadPoolExecutor.java:1142)
at java.util.concurrent.ThreadPoolExecutor$Worker.run(ThreadPoolExecutor.java:617)
at java.lang.Thread.run(Thread.java:745)
Caused by: java.net.MalformedURLException: no protocol: dot.gov
at java.net.URL.<init>(URL.java:593)
at java.net.URL.<init>(URL.java:490)
at java.net.URL.<init>(URL.java:439)
at org.openqa.selenium.htmlunit.HtmlUnitDriver.get(HtmlUnitDriver.java:657)
... 15 more
]]>
    </failure>
  </testcase> <!-- finding_search -->
  <testcase name="finding_search" time="0.049" classname="website_searcher.website_searcher_test">
    <failure type="org.openqa.selenium.WebDriverException" message="java.net.MalformedURLException: no protocol: dmoz.org
Build info: version: &amp;apos;3.12.0&amp;apos;, revision: &amp;apos;7c6e0b3&amp;apos;, time: &amp;apos;2018-05-08T15:15:08.936Z&amp;apos;
System info: host: &amp;apos;LPT-SKODHA.local&amp;apos;, ip: &amp;apos;2601:641:300:569b:1838:54c3:28ef:b06d&amp;apos;, os.name: &amp;apos;Mac OS X&amp;apos;, os.arch: &amp;apos;x86_64&amp;apos;, os.version: &amp;apos;10.12.6&amp;apos;, java.version: &amp;apos;1.8.0_121&amp;apos;
Driver info: driver.version: HtmlUnitDriver">
      <![CDATA[org.openqa.selenium.WebDriverException: java.net.MalformedURLException: no protocol: dmoz.org
Build info: version: '3.12.0', revision: '7c6e0b3', time: '2018-05-08T15:15:08.936Z'
System info: host: 'LPT-SKODHA.local', ip: '2601:641:300:569b:1838:54c3:28ef:b06d', os.name: 'Mac OS X', os.arch: 'x86_64', os.version: '10.12.6', java.version: '1.8.0_121'
Driver info: driver.version: HtmlUnitDriver
at org.openqa.selenium.htmlunit.HtmlUnitDriver.get(HtmlUnitDriver.java:659)
at website_searcher.website_searcher_test.finding_search(website_searcher_test.java:93)
at sun.reflect.GeneratedMethodAccessor5.invoke(Unknown Source)
at sun.reflect.DelegatingMethodAccessorImpl.invoke(DelegatingMethodAccessorImpl.java:43)
at java.lang.reflect.Method.invoke(Method.java:498)
at org.testng.internal.MethodInvocationHelper.invokeMethod(MethodInvocationHelper.java:124)
at org.testng.internal.Invoker.invokeMethod(Invoker.java:580)
at org.testng.internal.Invoker.invokeTestMethod(Invoker.java:716)
at org.testng.internal.Invoker.invokeTestMethods(Invoker.java:988)
at org.testng.internal.TestMethodWorker.invokeTestMethods(TestMethodWorker.java:125)
at org.testng.internal.TestMethodWorker.run(TestMethodWorker.java:109)
at org.testng.internal.thread.ThreadUtil$1.call(ThreadUtil.java:52)
at java.util.concurrent.FutureTask.run(FutureTask.java:266)
at java.util.concurrent.ThreadPoolExecutor.runWorker(ThreadPoolExecutor.java:1142)
at java.util.concurrent.ThreadPoolExecutor$Worker.run(ThreadPoolExecutor.java:617)
at java.lang.Thread.run(Thread.java:745)
Caused by: java.net.MalformedURLException: no protocol: dmoz.org
at java.net.URL.<init>(URL.java:593)
at java.net.URL.<init>(URL.java:490)
at java.net.URL.<init>(URL.java:439)
at org.openqa.selenium.htmlunit.HtmlUnitDriver.get(HtmlUnitDriver.java:657)
... 15 more
]]>
    </failure>
  </testcase> <!-- finding_search -->
  <testcase name="finding_search" time="0.048" classname="website_searcher.website_searcher_test">
    <failure type="org.openqa.selenium.WebDriverException" message="java.net.MalformedURLException: no protocol: hhs.gov
Build info: version: &amp;apos;3.12.0&amp;apos;, revision: &amp;apos;7c6e0b3&amp;apos;, time: &amp;apos;2018-05-08T15:15:08.936Z&amp;apos;
System info: host: &amp;apos;LPT-SKODHA.local&amp;apos;, ip: &amp;apos;2601:641:300:569b:1838:54c3:28ef:b06d&amp;apos;, os.name: &amp;apos;Mac OS X&amp;apos;, os.arch: &amp;apos;x86_64&amp;apos;, os.version: &amp;apos;10.12.6&amp;apos;, java.version: &amp;apos;1.8.0_121&amp;apos;
Driver info: driver.version: HtmlUnitDriver">
      <![CDATA[org.openqa.selenium.WebDriverException: java.net.MalformedURLException: no protocol: hhs.gov
Build info: version: '3.12.0', revision: '7c6e0b3', time: '2018-05-08T15:15:08.936Z'
System info: host: 'LPT-SKODHA.local', ip: '2601:641:300:569b:1838:54c3:28ef:b06d', os.name: 'Mac OS X', os.arch: 'x86_64', os.version: '10.12.6', java.version: '1.8.0_121'
Driver info: driver.version: HtmlUnitDriver
at org.openqa.selenium.htmlunit.HtmlUnitDriver.get(HtmlUnitDriver.java:659)
at website_searcher.website_searcher_test.finding_search(website_searcher_test.java:93)
at sun.reflect.GeneratedMethodAccessor5.invoke(Unknown Source)
at sun.reflect.DelegatingMethodAccessorImpl.invoke(DelegatingMethodAccessorImpl.java:43)
at java.lang.reflect.Method.invoke(Method.java:498)
at org.testng.internal.MethodInvocationHelper.invokeMethod(MethodInvocationHelper.java:124)
at org.testng.internal.Invoker.invokeMethod(Invoker.java:580)
at org.testng.internal.Invoker.invokeTestMethod(Invoker.java:716)
at org.testng.internal.Invoker.invokeTestMethods(Invoker.java:988)
at org.testng.internal.TestMethodWorker.invokeTestMethods(TestMethodWorker.java:125)
at org.testng.internal.TestMethodWorker.run(TestMethodWorker.java:109)
at org.testng.internal.thread.ThreadUtil$1.call(ThreadUtil.java:52)
at java.util.concurrent.FutureTask.run(FutureTask.java:266)
at java.util.concurrent.ThreadPoolExecutor.runWorker(ThreadPoolExecutor.java:1142)
at java.util.concurrent.ThreadPoolExecutor$Worker.run(ThreadPoolExecutor.java:617)
at java.lang.Thread.run(Thread.java:745)
Caused by: java.net.MalformedURLException: no protocol: hhs.gov
at java.net.URL.<init>(URL.java:593)
at java.net.URL.<init>(URL.java:490)
at java.net.URL.<init>(URL.java:439)
at org.openqa.selenium.htmlunit.HtmlUnitDriver.get(HtmlUnitDriver.java:657)
... 15 more
]]>
    </failure>
  </testcase> <!-- finding_search -->
  <testcase name="finding_search" time="0.072" classname="website_searcher.website_searcher_test">
    <failure type="org.openqa.selenium.WebDriverException" message="java.net.MalformedURLException: no protocol: hud.gov
Build info: version: &amp;apos;3.12.0&amp;apos;, revision: &amp;apos;7c6e0b3&amp;apos;, time: &amp;apos;2018-05-08T15:15:08.936Z&amp;apos;
System info: host: &amp;apos;LPT-SKODHA.local&amp;apos;, ip: &amp;apos;2601:641:300:569b:1838:54c3:28ef:b06d&amp;apos;, os.name: &amp;apos;Mac OS X&amp;apos;, os.arch: &amp;apos;x86_64&amp;apos;, os.version: &amp;apos;10.12.6&amp;apos;, java.version: &amp;apos;1.8.0_121&amp;apos;
Driver info: driver.version: HtmlUnitDriver">
      <![CDATA[org.openqa.selenium.WebDriverException: java.net.MalformedURLException: no protocol: hud.gov
Build info: version: '3.12.0', revision: '7c6e0b3', time: '2018-05-08T15:15:08.936Z'
System info: host: 'LPT-SKODHA.local', ip: '2601:641:300:569b:1838:54c3:28ef:b06d', os.name: 'Mac OS X', os.arch: 'x86_64', os.version: '10.12.6', java.version: '1.8.0_121'
Driver info: driver.version: HtmlUnitDriver
at org.openqa.selenium.htmlunit.HtmlUnitDriver.get(HtmlUnitDriver.java:659)
at website_searcher.website_searcher_test.finding_search(website_searcher_test.java:93)
at sun.reflect.GeneratedMethodAccessor5.invoke(Unknown Source)
at sun.reflect.DelegatingMethodAccessorImpl.invoke(DelegatingMethodAccessorImpl.java:43)
at java.lang.reflect.Method.invoke(Method.java:498)
at org.testng.internal.MethodInvocationHelper.invokeMethod(MethodInvocationHelper.java:124)
at org.testng.internal.Invoker.invokeMethod(Invoker.java:580)
at org.testng.internal.Invoker.invokeTestMethod(Invoker.java:716)
at org.testng.internal.Invoker.invokeTestMethods(Invoker.java:988)
at org.testng.internal.TestMethodWorker.invokeTestMethods(TestMethodWorker.java:125)
at org.testng.internal.TestMethodWorker.run(TestMethodWorker.java:109)
at org.testng.internal.thread.ThreadUtil$1.call(ThreadUtil.java:52)
at java.util.concurrent.FutureTask.run(FutureTask.java:266)
at java.util.concurrent.ThreadPoolExecutor.runWorker(ThreadPoolExecutor.java:1142)
at java.util.concurrent.ThreadPoolExecutor$Worker.run(ThreadPoolExecutor.java:617)
at java.lang.Thread.run(Thread.java:745)
Caused by: java.net.MalformedURLException: no protocol: hud.gov
at java.net.URL.<init>(URL.java:593)
at java.net.URL.<init>(URL.java:490)
at java.net.URL.<init>(URL.java:439)
at org.openqa.selenium.htmlunit.HtmlUnitDriver.get(HtmlUnitDriver.java:657)
... 15 more
]]>
    </failure>
  </testcase> <!-- finding_search -->
</testsuite> <!-- Default test -->
