<?xml version="1.0" encoding="UTF-8"?>
<!-- Generated by org.testng.reporters.JUnitXMLReporter -->
<testsuite hostname="LPT-SKODHA.local" ignored="0" name="Command line test" tests="5" failures="0" timestamp="15 Jul 2018 21:27:19 GMT" time="5.25" errors="0">
  <testcase name="finding_search" time="3.187" classname="website_searcher.website_searcher_test"/>
  <testcase name="finding_search" time="4.276" classname="website_searcher.website_searcher_test"/>
  <testcase name="finding_search" time="5.023" classname="website_searcher.website_searcher_test"/>
  <testcase name="finding_search" time="5.057" classname="website_searcher.website_searcher_test"/>
  <testcase name="finding_search" time="5.213" classname="website_searcher.website_searcher_test"/>
</testsuite> <!-- Command line test -->
