<?xml version="1.0" encoding="UTF-8"?>
<testng-results skipped="0" failed="100" ignored="0" total="100" passed="0">
  <reporter-output>
  </reporter-output>
  <suite name="Default suite" duration-ms="3668" started-at="2018-07-15T23:33:52Z" finished-at="2018-07-15T23:33:56Z">
    <groups>
    </groups>
    <test name="Default test" duration-ms="3668" started-at="2018-07-15T23:33:52Z" finished-at="2018-07-15T23:33:56Z">
      <class name="website_searcher.website_searcher_test">
        <test-method status="PASS" signature="readURLs()[pri:0, instance:website_searcher.website_searcher_test@5faeada1]" name="readURLs" is-config="true" duration-ms="1963" started-at="2018-07-15T23:33:52Z" finished-at="2018-07-15T23:33:54Z">
          <reporter-output>
          </reporter-output>
        </test-method> <!-- readURLs -->
        <test-method status="FAIL" signature="finding_search()[pri:0, instance:website_searcher.website_searcher_test@5faeada1]" name="finding_search" duration-ms="1249" started-at="2018-07-15T23:33:54Z" finished-at="2018-07-15T23:33:55Z">
          <exception class="org.openqa.selenium.WebDriverException">
            <message>
              <![CDATA[java.net.MalformedURLException: no protocol: scientificamerican.com
Build info: version: '3.12.0', revision: '7c6e0b3', time: '2018-05-08T15:15:08.936Z'
System info: host: 'LPT-SKODHA.local', ip: '2601:641:300:569b:1838:54c3:28ef:b06d', os.name: 'Mac OS X', os.arch: 'x86_64', os.version: '10.12.6', java.version: '1.8.0_121'
Driver info: driver.version: HtmlUnitDriver]]>
            </message>
            <full-stacktrace>
              <![CDATA[org.openqa.selenium.WebDriverException: java.net.MalformedURLException: no protocol: scientificamerican.com
Build info: version: '3.12.0', revision: '7c6e0b3', time: '2018-05-08T15:15:08.936Z'
System info: host: 'LPT-SKODHA.local', ip: '2601:641:300:569b:1838:54c3:28ef:b06d', os.name: 'Mac OS X', os.arch: 'x86_64', os.version: '10.12.6', java.version: '1.8.0_121'
Driver info: driver.version: HtmlUnitDriver
at org.openqa.selenium.htmlunit.HtmlUnitDriver.get(HtmlUnitDriver.java:659)
at website_searcher.website_searcher_test.finding_search(website_searcher_test.java:93)
at sun.reflect.NativeMethodAccessorImpl.invoke0(Native Method)
at sun.reflect.NativeMethodAccessorImpl.invoke(NativeMethodAccessorImpl.java:62)
at sun.reflect.DelegatingMethodAccessorImpl.invoke(DelegatingMethodAccessorImpl.java:43)
at java.lang.reflect.Method.invoke(Method.java:498)
at org.testng.internal.MethodInvocationHelper.invokeMethod(MethodInvocationHelper.java:124)
at org.testng.internal.Invoker.invokeMethod(Invoker.java:580)
at org.testng.internal.Invoker.invokeTestMethod(Invoker.java:716)
at org.testng.internal.Invoker.invokeTestMethods(Invoker.java:988)
at org.testng.internal.TestMethodWorker.invokeTestMethods(TestMethodWorker.java:125)
at org.testng.internal.TestMethodWorker.run(TestMethodWorker.java:109)
at org.testng.internal.thread.ThreadUtil$1.call(ThreadUtil.java:52)
at java.util.concurrent.FutureTask.run(FutureTask.java:266)
at java.util.concurrent.ThreadPoolExecutor.runWorker(ThreadPoolExecutor.java:1142)
at java.util.concurrent.ThreadPoolExecutor$Worker.run(ThreadPoolExecutor.java:617)
at java.lang.Thread.run(Thread.java:745)
Caused by: java.net.MalformedURLException: no protocol: scientificamerican.com
at java.net.URL.<init>(URL.java:593)
at java.net.URL.<init>(URL.java:490)
at java.net.URL.<init>(URL.java:439)
at org.openqa.selenium.htmlunit.HtmlUnitDriver.get(HtmlUnitDriver.java:657)
... 16 more
]]>
            </full-stacktrace>
          </exception> <!-- org.openqa.selenium.WebDriverException -->
          <reporter-output>
          </reporter-output>
        </test-method> <!-- finding_search -->
        <test-method status="FAIL" signature="finding_search()[pri:0, instance:website_searcher.website_searcher_test@5faeada1]" name="finding_search" duration-ms="1377" started-at="2018-07-15T23:33:54Z" finished-at="2018-07-15T23:33:55Z">
          <exception class="org.openqa.selenium.WebDriverException">
            <message>
              <![CDATA[java.net.MalformedURLException: no protocol: fastcompany.com
Build info: version: '3.12.0', revision: '7c6e0b3', time: '2018-05-08T15:15:08.936Z'
System info: host: 'LPT-SKODHA.local', ip: '2601:641:300:569b:1838:54c3:28ef:b06d', os.name: 'Mac OS X', os.arch: 'x86_64', os.version: '10.12.6', java.version: '1.8.0_121'
Driver info: driver.version: HtmlUnitDriver]]>
            </message>
            <full-stacktrace>
              <![CDATA[org.openqa.selenium.WebDriverException: java.net.MalformedURLException: no protocol: fastcompany.com
Build info: version: '3.12.0', revision: '7c6e0b3', time: '2018-05-08T15:15:08.936Z'
System info: host: 'LPT-SKODHA.local', ip: '2601:641:300:569b:1838:54c3:28ef:b06d', os.name: 'Mac OS X', os.arch: 'x86_64', os.version: '10.12.6', java.version: '1.8.0_121'
Driver info: driver.version: HtmlUnitDriver
at org.openqa.selenium.htmlunit.HtmlUnitDriver.get(HtmlUnitDriver.java:659)
at website_searcher.website_searcher_test.finding_search(website_searcher_test.java:93)
at sun.reflect.NativeMethodAccessorImpl.invoke0(Native Method)
at sun.reflect.NativeMethodAccessorImpl.invoke(NativeMethodAccessorImpl.java:62)
at sun.reflect.DelegatingMethodAccessorImpl.invoke(DelegatingMethodAccessorImpl.java:43)
at java.lang.reflect.Method.invoke(Method.java:498)
at org.testng.internal.MethodInvocationHelper.invokeMethod(MethodInvocationHelper.java:124)
at org.testng.internal.Invoker.invokeMethod(Invoker.java:580)
at org.testng.internal.Invoker.invokeTestMethod(Invoker.java:716)
at org.testng.internal.Invoker.invokeTestMethods(Invoker.java:988)
at org.testng.internal.TestMethodWorker.invokeTestMethods(TestMethodWorker.java:125)
at org.testng.internal.TestMethodWorker.run(TestMethodWorker.java:109)
at org.testng.internal.thread.ThreadUtil$1.call(ThreadUtil.java:52)
at java.util.concurrent.FutureTask.run(FutureTask.java:266)
at java.util.concurrent.ThreadPoolExecutor.runWorker(ThreadPoolExecutor.java:1142)
at java.util.concurrent.ThreadPoolExecutor$Worker.run(ThreadPoolExecutor.java:617)
at java.lang.Thread.run(Thread.java:745)
Caused by: java.net.MalformedURLException: no protocol: fastcompany.com
at java.net.URL.<init>(URL.java:593)
at java.net.URL.<init>(URL.java:490)
at java.net.URL.<init>(URL.java:439)
at org.openqa.selenium.htmlunit.HtmlUnitDriver.get(HtmlUnitDriver.java:657)
... 16 more
]]>
            </full-stacktrace>
          </exception> <!-- org.openqa.selenium.WebDriverException -->
          <reporter-output>
          </reporter-output>
        </test-method> <!-- finding_search -->
        <test-method status="FAIL" signature="finding_search()[pri:0, instance:website_searcher.website_searcher_test@5faeada1]" name="finding_search" duration-ms="1238" started-at="2018-07-15T23:33:54Z" finished-at="2018-07-15T23:33:55Z">
          <exception class="org.openqa.selenium.WebDriverException">
            <message>
              <![CDATA[java.net.MalformedURLException: no protocol: themeforest.net
Build info: version: '3.12.0', revision: '7c6e0b3', time: '2018-05-08T15:15:08.936Z'
System info: host: 'LPT-SKODHA.local', ip: '2601:641:300:569b:1838:54c3:28ef:b06d', os.name: 'Mac OS X', os.arch: 'x86_64', os.version: '10.12.6', java.version: '1.8.0_121'
Driver info: driver.version: HtmlUnitDriver]]>
            </message>
            <full-stacktrace>
              <![CDATA[org.openqa.selenium.WebDriverException: java.net.MalformedURLException: no protocol: themeforest.net
Build info: version: '3.12.0', revision: '7c6e0b3', time: '2018-05-08T15:15:08.936Z'
System info: host: 'LPT-SKODHA.local', ip: '2601:641:300:569b:1838:54c3:28ef:b06d', os.name: 'Mac OS X', os.arch: 'x86_64', os.version: '10.12.6', java.version: '1.8.0_121'
Driver info: driver.version: HtmlUnitDriver
at org.openqa.selenium.htmlunit.HtmlUnitDriver.get(HtmlUnitDriver.java:659)
at website_searcher.website_searcher_test.finding_search(website_searcher_test.java:93)
at sun.reflect.NativeMethodAccessorImpl.invoke0(Native Method)
at sun.reflect.NativeMethodAccessorImpl.invoke(NativeMethodAccessorImpl.java:62)
at sun.reflect.DelegatingMethodAccessorImpl.invoke(DelegatingMethodAccessorImpl.java:43)
at java.lang.reflect.Method.invoke(Method.java:498)
at org.testng.internal.MethodInvocationHelper.invokeMethod(MethodInvocationHelper.java:124)
at org.testng.internal.Invoker.invokeMethod(Invoker.java:580)
at org.testng.internal.Invoker.invokeTestMethod(Invoker.java:716)
at org.testng.internal.Invoker.invokeTestMethods(Invoker.java:988)
at org.testng.internal.TestMethodWorker.invokeTestMethods(TestMethodWorker.java:125)
at org.testng.internal.TestMethodWorker.run(TestMethodWorker.java:109)
at org.testng.internal.thread.ThreadUtil$1.call(ThreadUtil.java:52)
at java.util.concurrent.FutureTask.run(FutureTask.java:266)
at java.util.concurrent.ThreadPoolExecutor.runWorker(ThreadPoolExecutor.java:1142)
at java.util.concurrent.ThreadPoolExecutor$Worker.run(ThreadPoolExecutor.java:617)
at java.lang.Thread.run(Thread.java:745)
Caused by: java.net.MalformedURLException: no protocol: themeforest.net
at java.net.URL.<init>(URL.java:593)
at java.net.URL.<init>(URL.java:490)
at java.net.URL.<init>(URL.java:439)
at org.openqa.selenium.htmlunit.HtmlUnitDriver.get(HtmlUnitDriver.java:657)
... 16 more
]]>
            </full-stacktrace>
          </exception> <!-- org.openqa.selenium.WebDriverException -->
          <reporter-output>
          </reporter-output>
        </test-method> <!-- finding_search -->
        <test-method status="FAIL" signature="finding_search()[pri:0, instance:website_searcher.website_searcher_test@5faeada1]" name="finding_search" duration-ms="1223" started-at="2018-07-15T23:33:54Z" finished-at="2018-07-15T23:33:55Z">
          <exception class="org.openqa.selenium.WebDriverException">
            <message>
              <![CDATA[java.net.MalformedURLException: no protocol: spotify.com
Build info: version: '3.12.0', revision: '7c6e0b3', time: '2018-05-08T15:15:08.936Z'
System info: host: 'LPT-SKODHA.local', ip: '2601:641:300:569b:1838:54c3:28ef:b06d', os.name: 'Mac OS X', os.arch: 'x86_64', os.version: '10.12.6', java.version: '1.8.0_121'
Driver info: driver.version: HtmlUnitDriver]]>
            </message>
            <full-stacktrace>
              <![CDATA[org.openqa.selenium.WebDriverException: java.net.MalformedURLException: no protocol: spotify.com
Build info: version: '3.12.0', revision: '7c6e0b3', time: '2018-05-08T15:15:08.936Z'
System info: host: 'LPT-SKODHA.local', ip: '2601:641:300:569b:1838:54c3:28ef:b06d', os.name: 'Mac OS X', os.arch: 'x86_64', os.version: '10.12.6', java.version: '1.8.0_121'
Driver info: driver.version: HtmlUnitDriver
at org.openqa.selenium.htmlunit.HtmlUnitDriver.get(HtmlUnitDriver.java:659)
at website_searcher.website_searcher_test.finding_search(website_searcher_test.java:93)
at sun.reflect.NativeMethodAccessorImpl.invoke0(Native Method)
at sun.reflect.NativeMethodAccessorImpl.invoke(NativeMethodAccessorImpl.java:62)
at sun.reflect.DelegatingMethodAccessorImpl.invoke(DelegatingMethodAccessorImpl.java:43)
at java.lang.reflect.Method.invoke(Method.java:498)
at org.testng.internal.MethodInvocationHelper.invokeMethod(MethodInvocationHelper.java:124)
at org.testng.internal.Invoker.invokeMethod(Invoker.java:580)
at org.testng.internal.Invoker.invokeTestMethod(Invoker.java:716)
at org.testng.internal.Invoker.invokeTestMethods(Invoker.java:988)
at org.testng.internal.TestMethodWorker.invokeTestMethods(TestMethodWorker.java:125)
at org.testng.internal.TestMethodWorker.run(TestMethodWorker.java:109)
at org.testng.internal.thread.ThreadUtil$1.call(ThreadUtil.java:52)
at java.util.concurrent.FutureTask.run(FutureTask.java:266)
at java.util.concurrent.ThreadPoolExecutor.runWorker(ThreadPoolExecutor.java:1142)
at java.util.concurrent.ThreadPoolExecutor$Worker.run(ThreadPoolExecutor.java:617)
at java.lang.Thread.run(Thread.java:745)
Caused by: java.net.MalformedURLException: no protocol: spotify.com
at java.net.URL.<init>(URL.java:593)
at java.net.URL.<init>(URL.java:490)
at java.net.URL.<init>(URL.java:439)
at org.openqa.selenium.htmlunit.HtmlUnitDriver.get(HtmlUnitDriver.java:657)
... 16 more
]]>
            </full-stacktrace>
          </exception> <!-- org.openqa.selenium.WebDriverException -->
          <reporter-output>
          </reporter-output>
        </test-method> <!-- finding_search -->
        <test-method status="FAIL" signature="finding_search()[pri:0, instance:website_searcher.website_searcher_test@5faeada1]" name="finding_search" duration-ms="178" started-at="2018-07-15T23:33:54Z" finished-at="2018-07-15T23:33:54Z">
          <exception class="org.openqa.selenium.WebDriverException">
            <message>
              <![CDATA[java.net.MalformedURLException: no protocol: illinois.edu
Build info: version: '3.12.0', revision: '7c6e0b3', time: '2018-05-08T15:15:08.936Z'
System info: host: 'LPT-SKODHA.local', ip: '2601:641:300:569b:1838:54c3:28ef:b06d', os.name: 'Mac OS X', os.arch: 'x86_64', os.version: '10.12.6', java.version: '1.8.0_121'
Driver info: driver.version: HtmlUnitDriver]]>
            </message>
            <full-stacktrace>
              <![CDATA[org.openqa.selenium.WebDriverException: java.net.MalformedURLException: no protocol: illinois.edu
Build info: version: '3.12.0', revision: '7c6e0b3', time: '2018-05-08T15:15:08.936Z'
System info: host: 'LPT-SKODHA.local', ip: '2601:641:300:569b:1838:54c3:28ef:b06d', os.name: 'Mac OS X', os.arch: 'x86_64', os.version: '10.12.6', java.version: '1.8.0_121'
Driver info: driver.version: HtmlUnitDriver
at org.openqa.selenium.htmlunit.HtmlUnitDriver.get(HtmlUnitDriver.java:659)
at website_searcher.website_searcher_test.finding_search(website_searcher_test.java:93)
at sun.reflect.NativeMethodAccessorImpl.invoke0(Native Method)
at sun.reflect.NativeMethodAccessorImpl.invoke(NativeMethodAccessorImpl.java:62)
at sun.reflect.DelegatingMethodAccessorImpl.invoke(DelegatingMethodAccessorImpl.java:43)
at java.lang.reflect.Method.invoke(Method.java:498)
at org.testng.internal.MethodInvocationHelper.invokeMethod(MethodInvocationHelper.java:124)
at org.testng.internal.Invoker.invokeMethod(Invoker.java:580)
at org.testng.internal.Invoker.invokeTestMethod(Invoker.java:716)
at org.testng.internal.Invoker.invokeTestMethods(Invoker.java:988)
at org.testng.internal.TestMethodWorker.invokeTestMethods(TestMethodWorker.java:125)
at org.testng.internal.TestMethodWorker.run(TestMethodWorker.java:109)
at org.testng.internal.thread.ThreadUtil$1.call(ThreadUtil.java:52)
at java.util.concurrent.FutureTask.run(FutureTask.java:266)
at java.util.concurrent.ThreadPoolExecutor.runWorker(ThreadPoolExecutor.java:1142)
at java.util.concurrent.ThreadPoolExecutor$Worker.run(ThreadPoolExecutor.java:617)
at java.lang.Thread.run(Thread.java:745)
Caused by: java.net.MalformedURLException: no protocol: illinois.edu
at java.net.URL.<init>(URL.java:593)
at java.net.URL.<init>(URL.java:490)
at java.net.URL.<init>(URL.java:439)
at org.openqa.selenium.htmlunit.HtmlUnitDriver.get(HtmlUnitDriver.java:657)
... 16 more
]]>
            </full-stacktrace>
          </exception> <!-- org.openqa.selenium.WebDriverException -->
          <reporter-output>
          </reporter-output>
        </test-method> <!-- finding_search -->
        <test-method status="FAIL" signature="finding_search()[pri:0, instance:website_searcher.website_searcher_test@5faeada1]" name="finding_search" duration-ms="1349" started-at="2018-07-15T23:33:54Z" finished-at="2018-07-15T23:33:55Z">
          <exception class="org.openqa.selenium.WebDriverException">
            <message>
              <![CDATA[java.net.MalformedURLException: no protocol: vinaora.com
Build info: version: '3.12.0', revision: '7c6e0b3', time: '2018-05-08T15:15:08.936Z'
System info: host: 'LPT-SKODHA.local', ip: '2601:641:300:569b:1838:54c3:28ef:b06d', os.name: 'Mac OS X', os.arch: 'x86_64', os.version: '10.12.6', java.version: '1.8.0_121'
Driver info: driver.version: HtmlUnitDriver]]>
            </message>
            <full-stacktrace>
              <![CDATA[org.openqa.selenium.WebDriverException: java.net.MalformedURLException: no protocol: vinaora.com
Build info: version: '3.12.0', revision: '7c6e0b3', time: '2018-05-08T15:15:08.936Z'
System info: host: 'LPT-SKODHA.local', ip: '2601:641:300:569b:1838:54c3:28ef:b06d', os.name: 'Mac OS X', os.arch: 'x86_64', os.version: '10.12.6', java.version: '1.8.0_121'
Driver info: driver.version: HtmlUnitDriver
at org.openqa.selenium.htmlunit.HtmlUnitDriver.get(HtmlUnitDriver.java:659)
at website_searcher.website_searcher_test.finding_search(website_searcher_test.java:93)
at sun.reflect.NativeMethodAccessorImpl.invoke0(Native Method)
at sun.reflect.NativeMethodAccessorImpl.invoke(NativeMethodAccessorImpl.java:62)
at sun.reflect.DelegatingMethodAccessorImpl.invoke(DelegatingMethodAccessorImpl.java:43)
at java.lang.reflect.Method.invoke(Method.java:498)
at org.testng.internal.MethodInvocationHelper.invokeMethod(MethodInvocationHelper.java:124)
at org.testng.internal.Invoker.invokeMethod(Invoker.java:580)
at org.testng.internal.Invoker.invokeTestMethod(Invoker.java:716)
at org.testng.internal.Invoker.invokeTestMethods(Invoker.java:988)
at org.testng.internal.TestMethodWorker.invokeTestMethods(TestMethodWorker.java:125)
at org.testng.internal.TestMethodWorker.run(TestMethodWorker.java:109)
at org.testng.internal.thread.ThreadUtil$1.call(ThreadUtil.java:52)
at java.util.concurrent.FutureTask.run(FutureTask.java:266)
at java.util.concurrent.ThreadPoolExecutor.runWorker(ThreadPoolExecutor.java:1142)
at java.util.concurrent.ThreadPoolExecutor$Worker.run(ThreadPoolExecutor.java:617)
at java.lang.Thread.run(Thread.java:745)
Caused by: java.net.MalformedURLException: no protocol: vinaora.com
at java.net.URL.<init>(URL.java:593)
at java.net.URL.<init>(URL.java:490)
at java.net.URL.<init>(URL.java:439)
at org.openqa.selenium.htmlunit.HtmlUnitDriver.get(HtmlUnitDriver.java:657)
... 16 more
]]>
            </full-stacktrace>
          </exception> <!-- org.openqa.selenium.WebDriverException -->
          <reporter-output>
          </reporter-output>
        </test-method> <!-- finding_search -->
        <test-method status="FAIL" signature="finding_search()[pri:0, instance:website_searcher.website_searcher_test@5faeada1]" name="finding_search" duration-ms="178" started-at="2018-07-15T23:33:54Z" finished-at="2018-07-15T23:33:54Z">
          <exception class="org.openqa.selenium.WebDriverException">
            <message>
              <![CDATA[java.net.MalformedURLException: no protocol: ihg.com
Build info: version: '3.12.0', revision: '7c6e0b3', time: '2018-05-08T15:15:08.936Z'
System info: host: 'LPT-SKODHA.local', ip: '2601:641:300:569b:1838:54c3:28ef:b06d', os.name: 'Mac OS X', os.arch: 'x86_64', os.version: '10.12.6', java.version: '1.8.0_121'
Driver info: driver.version: HtmlUnitDriver]]>
            </message>
            <full-stacktrace>
              <![CDATA[org.openqa.selenium.WebDriverException: java.net.MalformedURLException: no protocol: ihg.com
Build info: version: '3.12.0', revision: '7c6e0b3', time: '2018-05-08T15:15:08.936Z'
System info: host: 'LPT-SKODHA.local', ip: '2601:641:300:569b:1838:54c3:28ef:b06d', os.name: 'Mac OS X', os.arch: 'x86_64', os.version: '10.12.6', java.version: '1.8.0_121'
Driver info: driver.version: HtmlUnitDriver
at org.openqa.selenium.htmlunit.HtmlUnitDriver.get(HtmlUnitDriver.java:659)
at website_searcher.website_searcher_test.finding_search(website_searcher_test.java:93)
at sun.reflect.NativeMethodAccessorImpl.invoke0(Native Method)
at sun.reflect.NativeMethodAccessorImpl.invoke(NativeMethodAccessorImpl.java:62)
at sun.reflect.DelegatingMethodAccessorImpl.invoke(DelegatingMethodAccessorImpl.java:43)
at java.lang.reflect.Method.invoke(Method.java:498)
at org.testng.internal.MethodInvocationHelper.invokeMethod(MethodInvocationHelper.java:124)
at org.testng.internal.Invoker.invokeMethod(Invoker.java:580)
at org.testng.internal.Invoker.invokeTestMethod(Invoker.java:716)
at org.testng.internal.Invoker.invokeTestMethods(Invoker.java:988)
at org.testng.internal.TestMethodWorker.invokeTestMethods(TestMethodWorker.java:125)
at org.testng.internal.TestMethodWorker.run(TestMethodWorker.java:109)
at org.testng.internal.thread.ThreadUtil$1.call(ThreadUtil.java:52)
at java.util.concurrent.FutureTask.run(FutureTask.java:266)
at java.util.concurrent.ThreadPoolExecutor.runWorker(ThreadPoolExecutor.java:1142)
at java.util.concurrent.ThreadPoolExecutor$Worker.run(ThreadPoolExecutor.java:617)
at java.lang.Thread.run(Thread.java:745)
Caused by: java.net.MalformedURLException: no protocol: ihg.com
at java.net.URL.<init>(URL.java:593)
at java.net.URL.<init>(URL.java:490)
at java.net.URL.<init>(URL.java:439)
at org.openqa.selenium.htmlunit.HtmlUnitDriver.get(HtmlUnitDriver.java:657)
... 16 more
]]>
            </full-stacktrace>
          </exception> <!-- org.openqa.selenium.WebDriverException -->
          <reporter-output>
          </reporter-output>
        </test-method> <!-- finding_search -->
        <test-method status="FAIL" signature="finding_search()[pri:0, instance:website_searcher.website_searcher_test@5faeada1]" name="finding_search" duration-ms="177" started-at="2018-07-15T23:33:54Z" finished-at="2018-07-15T23:33:54Z">
          <exception class="org.openqa.selenium.WebDriverException">
            <message>
              <![CDATA[java.net.MalformedURLException: no protocol: pcworld.com
Build info: version: '3.12.0', revision: '7c6e0b3', time: '2018-05-08T15:15:08.936Z'
System info: host: 'LPT-SKODHA.local', ip: '2601:641:300:569b:1838:54c3:28ef:b06d', os.name: 'Mac OS X', os.arch: 'x86_64', os.version: '10.12.6', java.version: '1.8.0_121'
Driver info: driver.version: HtmlUnitDriver]]>
            </message>
            <full-stacktrace>
              <![CDATA[org.openqa.selenium.WebDriverException: java.net.MalformedURLException: no protocol: pcworld.com
Build info: version: '3.12.0', revision: '7c6e0b3', time: '2018-05-08T15:15:08.936Z'
System info: host: 'LPT-SKODHA.local', ip: '2601:641:300:569b:1838:54c3:28ef:b06d', os.name: 'Mac OS X', os.arch: 'x86_64', os.version: '10.12.6', java.version: '1.8.0_121'
Driver info: driver.version: HtmlUnitDriver
at org.openqa.selenium.htmlunit.HtmlUnitDriver.get(HtmlUnitDriver.java:659)
at website_searcher.website_searcher_test.finding_search(website_searcher_test.java:93)
at sun.reflect.NativeMethodAccessorImpl.invoke0(Native Method)
at sun.reflect.NativeMethodAccessorImpl.invoke(NativeMethodAccessorImpl.java:62)
at sun.reflect.DelegatingMethodAccessorImpl.invoke(DelegatingMethodAccessorImpl.java:43)
at java.lang.reflect.Method.invoke(Method.java:498)
at org.testng.internal.MethodInvocationHelper.invokeMethod(MethodInvocationHelper.java:124)
at org.testng.internal.Invoker.invokeMethod(Invoker.java:580)
at org.testng.internal.Invoker.invokeTestMethod(Invoker.java:716)
at org.testng.internal.Invoker.invokeTestMethods(Invoker.java:988)
at org.testng.internal.TestMethodWorker.invokeTestMethods(TestMethodWorker.java:125)
at org.testng.internal.TestMethodWorker.run(TestMethodWorker.java:109)
at org.testng.internal.thread.ThreadUtil$1.call(ThreadUtil.java:52)
at java.util.concurrent.FutureTask.run(FutureTask.java:266)
at java.util.concurrent.ThreadPoolExecutor.runWorker(ThreadPoolExecutor.java:1142)
at java.util.concurrent.ThreadPoolExecutor$Worker.run(ThreadPoolExecutor.java:617)
at java.lang.Thread.run(Thread.java:745)
Caused by: java.net.MalformedURLException: no protocol: pcworld.com
at java.net.URL.<init>(URL.java:593)
at java.net.URL.<init>(URL.java:490)
at java.net.URL.<init>(URL.java:439)
at org.openqa.selenium.htmlunit.HtmlUnitDriver.get(HtmlUnitDriver.java:657)
... 16 more
]]>
            </full-stacktrace>
          </exception> <!-- org.openqa.selenium.WebDriverException -->
          <reporter-output>
          </reporter-output>
        </test-method> <!-- finding_search -->
        <test-method status="FAIL" signature="finding_search()[pri:0, instance:website_searcher.website_searcher_test@5faeada1]" name="finding_search" duration-ms="1376" started-at="2018-07-15T23:33:54Z" finished-at="2018-07-15T23:33:55Z">
          <exception class="org.openqa.selenium.WebDriverException">
            <message>
              <![CDATA[java.net.MalformedURLException: no protocol: china.com.cn
Build info: version: '3.12.0', revision: '7c6e0b3', time: '2018-05-08T15:15:08.936Z'
System info: host: 'LPT-SKODHA.local', ip: '2601:641:300:569b:1838:54c3:28ef:b06d', os.name: 'Mac OS X', os.arch: 'x86_64', os.version: '10.12.6', java.version: '1.8.0_121'
Driver info: driver.version: HtmlUnitDriver]]>
            </message>
            <full-stacktrace>
              <![CDATA[org.openqa.selenium.WebDriverException: java.net.MalformedURLException: no protocol: china.com.cn
Build info: version: '3.12.0', revision: '7c6e0b3', time: '2018-05-08T15:15:08.936Z'
System info: host: 'LPT-SKODHA.local', ip: '2601:641:300:569b:1838:54c3:28ef:b06d', os.name: 'Mac OS X', os.arch: 'x86_64', os.version: '10.12.6', java.version: '1.8.0_121'
Driver info: driver.version: HtmlUnitDriver
at org.openqa.selenium.htmlunit.HtmlUnitDriver.get(HtmlUnitDriver.java:659)
at website_searcher.website_searcher_test.finding_search(website_searcher_test.java:93)
at sun.reflect.NativeMethodAccessorImpl.invoke0(Native Method)
at sun.reflect.NativeMethodAccessorImpl.invoke(NativeMethodAccessorImpl.java:62)
at sun.reflect.DelegatingMethodAccessorImpl.invoke(DelegatingMethodAccessorImpl.java:43)
at java.lang.reflect.Method.invoke(Method.java:498)
at org.testng.internal.MethodInvocationHelper.invokeMethod(MethodInvocationHelper.java:124)
at org.testng.internal.Invoker.invokeMethod(Invoker.java:580)
at org.testng.internal.Invoker.invokeTestMethod(Invoker.java:716)
at org.testng.internal.Invoker.invokeTestMethods(Invoker.java:988)
at org.testng.internal.TestMethodWorker.invokeTestMethods(TestMethodWorker.java:125)
at org.testng.internal.TestMethodWorker.run(TestMethodWorker.java:109)
at org.testng.internal.thread.ThreadUtil$1.call(ThreadUtil.java:52)
at java.util.concurrent.FutureTask.run(FutureTask.java:266)
at java.util.concurrent.ThreadPoolExecutor.runWorker(ThreadPoolExecutor.java:1142)
at java.util.concurrent.ThreadPoolExecutor$Worker.run(ThreadPoolExecutor.java:617)
at java.lang.Thread.run(Thread.java:745)
Caused by: java.net.MalformedURLException: no protocol: china.com.cn
at java.net.URL.<init>(URL.java:593)
at java.net.URL.<init>(URL.java:490)
at java.net.URL.<init>(URL.java:439)
at org.openqa.selenium.htmlunit.HtmlUnitDriver.get(HtmlUnitDriver.java:657)
... 16 more
]]>
            </full-stacktrace>
          </exception> <!-- org.openqa.selenium.WebDriverException -->
          <reporter-output>
          </reporter-output>
        </test-method> <!-- finding_search -->
        <test-method status="FAIL" signature="finding_search()[pri:0, instance:website_searcher.website_searcher_test@5faeada1]" name="finding_search" duration-ms="177" started-at="2018-07-15T23:33:54Z" finished-at="2018-07-15T23:33:54Z">
          <exception class="org.openqa.selenium.WebDriverException">
            <message>
              <![CDATA[java.net.MalformedURLException: no protocol: nsw.gov.au
Build info: version: '3.12.0', revision: '7c6e0b3', time: '2018-05-08T15:15:08.936Z'
System info: host: 'LPT-SKODHA.local', ip: '2601:641:300:569b:1838:54c3:28ef:b06d', os.name: 'Mac OS X', os.arch: 'x86_64', os.version: '10.12.6', java.version: '1.8.0_121'
Driver info: driver.version: HtmlUnitDriver]]>
            </message>
            <full-stacktrace>
              <![CDATA[org.openqa.selenium.WebDriverException: java.net.MalformedURLException: no protocol: nsw.gov.au
Build info: version: '3.12.0', revision: '7c6e0b3', time: '2018-05-08T15:15:08.936Z'
System info: host: 'LPT-SKODHA.local', ip: '2601:641:300:569b:1838:54c3:28ef:b06d', os.name: 'Mac OS X', os.arch: 'x86_64', os.version: '10.12.6', java.version: '1.8.0_121'
Driver info: driver.version: HtmlUnitDriver
at org.openqa.selenium.htmlunit.HtmlUnitDriver.get(HtmlUnitDriver.java:659)
at website_searcher.website_searcher_test.finding_search(website_searcher_test.java:93)
at sun.reflect.NativeMethodAccessorImpl.invoke0(Native Method)
at sun.reflect.NativeMethodAccessorImpl.invoke(NativeMethodAccessorImpl.java:62)
at sun.reflect.DelegatingMethodAccessorImpl.invoke(DelegatingMethodAccessorImpl.java:43)
at java.lang.reflect.Method.invoke(Method.java:498)
at org.testng.internal.MethodInvocationHelper.invokeMethod(MethodInvocationHelper.java:124)
at org.testng.internal.Invoker.invokeMethod(Invoker.java:580)
at org.testng.internal.Invoker.invokeTestMethod(Invoker.java:716)
at org.testng.internal.Invoker.invokeTestMethods(Invoker.java:988)
at org.testng.internal.TestMethodWorker.invokeTestMethods(TestMethodWorker.java:125)
at org.testng.internal.TestMethodWorker.run(TestMethodWorker.java:109)
at org.testng.internal.thread.ThreadUtil$1.call(ThreadUtil.java:52)
at java.util.concurrent.FutureTask.run(FutureTask.java:266)
at java.util.concurrent.ThreadPoolExecutor.runWorker(ThreadPoolExecutor.java:1142)
at java.util.concurrent.ThreadPoolExecutor$Worker.run(ThreadPoolExecutor.java:617)
at java.lang.Thread.run(Thread.java:745)
Caused by: java.net.MalformedURLException: no protocol: nsw.gov.au
at java.net.URL.<init>(URL.java:593)
at java.net.URL.<init>(URL.java:490)
at java.net.URL.<init>(URL.java:439)
at org.openqa.selenium.htmlunit.HtmlUnitDriver.get(HtmlUnitDriver.java:657)
... 16 more
]]>
            </full-stacktrace>
          </exception> <!-- org.openqa.selenium.WebDriverException -->
          <reporter-output>
          </reporter-output>
        </test-method> <!-- finding_search -->
        <test-method status="FAIL" signature="finding_search()[pri:0, instance:website_searcher.website_searcher_test@5faeada1]" name="finding_search" duration-ms="1193" started-at="2018-07-15T23:33:54Z" finished-at="2018-07-15T23:33:55Z">
          <exception class="org.openqa.selenium.WebDriverException">
            <message>
              <![CDATA[java.net.MalformedURLException: no protocol: arstechnica.com
Build info: version: '3.12.0', revision: '7c6e0b3', time: '2018-05-08T15:15:08.936Z'
System info: host: 'LPT-SKODHA.local', ip: '2601:641:300:569b:1838:54c3:28ef:b06d', os.name: 'Mac OS X', os.arch: 'x86_64', os.version: '10.12.6', java.version: '1.8.0_121'
Driver info: driver.version: HtmlUnitDriver]]>
            </message>
            <full-stacktrace>
              <![CDATA[org.openqa.selenium.WebDriverException: java.net.MalformedURLException: no protocol: arstechnica.com
Build info: version: '3.12.0', revision: '7c6e0b3', time: '2018-05-08T15:15:08.936Z'
System info: host: 'LPT-SKODHA.local', ip: '2601:641:300:569b:1838:54c3:28ef:b06d', os.name: 'Mac OS X', os.arch: 'x86_64', os.version: '10.12.6', java.version: '1.8.0_121'
Driver info: driver.version: HtmlUnitDriver
at org.openqa.selenium.htmlunit.HtmlUnitDriver.get(HtmlUnitDriver.java:659)
at website_searcher.website_searcher_test.finding_search(website_searcher_test.java:93)
at sun.reflect.NativeMethodAccessorImpl.invoke0(Native Method)
at sun.reflect.NativeMethodAccessorImpl.invoke(NativeMethodAccessorImpl.java:62)
at sun.reflect.DelegatingMethodAccessorImpl.invoke(DelegatingMethodAccessorImpl.java:43)
at java.lang.reflect.Method.invoke(Method.java:498)
at org.testng.internal.MethodInvocationHelper.invokeMethod(MethodInvocationHelper.java:124)
at org.testng.internal.Invoker.invokeMethod(Invoker.java:580)
at org.testng.internal.Invoker.invokeTestMethod(Invoker.java:716)
at org.testng.internal.Invoker.invokeTestMethods(Invoker.java:988)
at org.testng.internal.TestMethodWorker.invokeTestMethods(TestMethodWorker.java:125)
at org.testng.internal.TestMethodWorker.run(TestMethodWorker.java:109)
at org.testng.internal.thread.ThreadUtil$1.call(ThreadUtil.java:52)
at java.util.concurrent.FutureTask.run(FutureTask.java:266)
at java.util.concurrent.ThreadPoolExecutor.runWorker(ThreadPoolExecutor.java:1142)
at java.util.concurrent.ThreadPoolExecutor$Worker.run(ThreadPoolExecutor.java:617)
at java.lang.Thread.run(Thread.java:745)
Caused by: java.net.MalformedURLException: no protocol: arstechnica.com
at java.net.URL.<init>(URL.java:593)
at java.net.URL.<init>(URL.java:490)
at java.net.URL.<init>(URL.java:439)
at org.openqa.selenium.htmlunit.HtmlUnitDriver.get(HtmlUnitDriver.java:657)
... 16 more
]]>
            </full-stacktrace>
          </exception> <!-- org.openqa.selenium.WebDriverException -->
          <reporter-output>
          </reporter-output>
        </test-method> <!-- finding_search -->
        <test-method status="FAIL" signature="finding_search()[pri:0, instance:website_searcher.website_searcher_test@5faeada1]" name="finding_search" duration-ms="1269" started-at="2018-07-15T23:33:54Z" finished-at="2018-07-15T23:33:55Z">
          <exception class="org.openqa.selenium.WebDriverException">
            <message>
              <![CDATA[java.net.MalformedURLException: no protocol: acquirethisname.com
Build info: version: '3.12.0', revision: '7c6e0b3', time: '2018-05-08T15:15:08.936Z'
System info: host: 'LPT-SKODHA.local', ip: '2601:641:300:569b:1838:54c3:28ef:b06d', os.name: 'Mac OS X', os.arch: 'x86_64', os.version: '10.12.6', java.version: '1.8.0_121'
Driver info: driver.version: HtmlUnitDriver]]>
            </message>
            <full-stacktrace>
              <![CDATA[org.openqa.selenium.WebDriverException: java.net.MalformedURLException: no protocol: acquirethisname.com
Build info: version: '3.12.0', revision: '7c6e0b3', time: '2018-05-08T15:15:08.936Z'
System info: host: 'LPT-SKODHA.local', ip: '2601:641:300:569b:1838:54c3:28ef:b06d', os.name: 'Mac OS X', os.arch: 'x86_64', os.version: '10.12.6', java.version: '1.8.0_121'
Driver info: driver.version: HtmlUnitDriver
at org.openqa.selenium.htmlunit.HtmlUnitDriver.get(HtmlUnitDriver.java:659)
at website_searcher.website_searcher_test.finding_search(website_searcher_test.java:93)
at sun.reflect.NativeMethodAccessorImpl.invoke0(Native Method)
at sun.reflect.NativeMethodAccessorImpl.invoke(NativeMethodAccessorImpl.java:62)
at sun.reflect.DelegatingMethodAccessorImpl.invoke(DelegatingMethodAccessorImpl.java:43)
at java.lang.reflect.Method.invoke(Method.java:498)
at org.testng.internal.MethodInvocationHelper.invokeMethod(MethodInvocationHelper.java:124)
at org.testng.internal.Invoker.invokeMethod(Invoker.java:580)
at org.testng.internal.Invoker.invokeTestMethod(Invoker.java:716)
at org.testng.internal.Invoker.invokeTestMethods(Invoker.java:988)
at org.testng.internal.TestMethodWorker.invokeTestMethods(TestMethodWorker.java:125)
at org.testng.internal.TestMethodWorker.run(TestMethodWorker.java:109)
at org.testng.internal.thread.ThreadUtil$1.call(ThreadUtil.java:52)
at java.util.concurrent.FutureTask.run(FutureTask.java:266)
at java.util.concurrent.ThreadPoolExecutor.runWorker(ThreadPoolExecutor.java:1142)
at java.util.concurrent.ThreadPoolExecutor$Worker.run(ThreadPoolExecutor.java:617)
at java.lang.Thread.run(Thread.java:745)
Caused by: java.net.MalformedURLException: no protocol: acquirethisname.com
at java.net.URL.<init>(URL.java:593)
at java.net.URL.<init>(URL.java:490)
at java.net.URL.<init>(URL.java:439)
at org.openqa.selenium.htmlunit.HtmlUnitDriver.get(HtmlUnitDriver.java:657)
... 16 more
]]>
            </full-stacktrace>
          </exception> <!-- org.openqa.selenium.WebDriverException -->
          <reporter-output>
          </reporter-output>
        </test-method> <!-- finding_search -->
        <test-method status="FAIL" signature="finding_search()[pri:0, instance:website_searcher.website_searcher_test@5faeada1]" name="finding_search" duration-ms="1273" started-at="2018-07-15T23:33:54Z" finished-at="2018-07-15T23:33:55Z">
          <exception class="org.openqa.selenium.WebDriverException">
            <message>
              <![CDATA[java.net.MalformedURLException: no protocol: 123-reg.co.uk
Build info: version: '3.12.0', revision: '7c6e0b3', time: '2018-05-08T15:15:08.936Z'
System info: host: 'LPT-SKODHA.local', ip: '2601:641:300:569b:1838:54c3:28ef:b06d', os.name: 'Mac OS X', os.arch: 'x86_64', os.version: '10.12.6', java.version: '1.8.0_121'
Driver info: driver.version: HtmlUnitDriver]]>
            </message>
            <full-stacktrace>
              <![CDATA[org.openqa.selenium.WebDriverException: java.net.MalformedURLException: no protocol: 123-reg.co.uk
Build info: version: '3.12.0', revision: '7c6e0b3', time: '2018-05-08T15:15:08.936Z'
System info: host: 'LPT-SKODHA.local', ip: '2601:641:300:569b:1838:54c3:28ef:b06d', os.name: 'Mac OS X', os.arch: 'x86_64', os.version: '10.12.6', java.version: '1.8.0_121'
Driver info: driver.version: HtmlUnitDriver
at org.openqa.selenium.htmlunit.HtmlUnitDriver.get(HtmlUnitDriver.java:659)
at website_searcher.website_searcher_test.finding_search(website_searcher_test.java:93)
at sun.reflect.NativeMethodAccessorImpl.invoke0(Native Method)
at sun.reflect.NativeMethodAccessorImpl.invoke(NativeMethodAccessorImpl.java:62)
at sun.reflect.DelegatingMethodAccessorImpl.invoke(DelegatingMethodAccessorImpl.java:43)
at java.lang.reflect.Method.invoke(Method.java:498)
at org.testng.internal.MethodInvocationHelper.invokeMethod(MethodInvocationHelper.java:124)
at org.testng.internal.Invoker.invokeMethod(Invoker.java:580)
at org.testng.internal.Invoker.invokeTestMethod(Invoker.java:716)
at org.testng.internal.Invoker.invokeTestMethods(Invoker.java:988)
at org.testng.internal.TestMethodWorker.invokeTestMethods(TestMethodWorker.java:125)
at org.testng.internal.TestMethodWorker.run(TestMethodWorker.java:109)
at org.testng.internal.thread.ThreadUtil$1.call(ThreadUtil.java:52)
at java.util.concurrent.FutureTask.run(FutureTask.java:266)
at java.util.concurrent.ThreadPoolExecutor.runWorker(ThreadPoolExecutor.java:1142)
at java.util.concurrent.ThreadPoolExecutor$Worker.run(ThreadPoolExecutor.java:617)
at java.lang.Thread.run(Thread.java:745)
Caused by: java.net.MalformedURLException: no protocol: 123-reg.co.uk
at java.net.URL.<init>(URL.java:593)
at java.net.URL.<init>(URL.java:490)
at java.net.URL.<init>(URL.java:439)
at org.openqa.selenium.htmlunit.HtmlUnitDriver.get(HtmlUnitDriver.java:657)
... 16 more
]]>
            </full-stacktrace>
          </exception> <!-- org.openqa.selenium.WebDriverException -->
          <reporter-output>
          </reporter-output>
        </test-method> <!-- finding_search -->
        <test-method status="FAIL" signature="finding_search()[pri:0, instance:website_searcher.website_searcher_test@5faeada1]" name="finding_search" duration-ms="1269" started-at="2018-07-15T23:33:54Z" finished-at="2018-07-15T23:33:55Z">
          <exception class="org.openqa.selenium.WebDriverException">
            <message>
              <![CDATA[java.net.MalformedURLException: no protocol: shutterfly.com
Build info: version: '3.12.0', revision: '7c6e0b3', time: '2018-05-08T15:15:08.936Z'
System info: host: 'LPT-SKODHA.local', ip: '2601:641:300:569b:1838:54c3:28ef:b06d', os.name: 'Mac OS X', os.arch: 'x86_64', os.version: '10.12.6', java.version: '1.8.0_121'
Driver info: driver.version: HtmlUnitDriver]]>
            </message>
            <full-stacktrace>
              <![CDATA[org.openqa.selenium.WebDriverException: java.net.MalformedURLException: no protocol: shutterfly.com
Build info: version: '3.12.0', revision: '7c6e0b3', time: '2018-05-08T15:15:08.936Z'
System info: host: 'LPT-SKODHA.local', ip: '2601:641:300:569b:1838:54c3:28ef:b06d', os.name: 'Mac OS X', os.arch: 'x86_64', os.version: '10.12.6', java.version: '1.8.0_121'
Driver info: driver.version: HtmlUnitDriver
at org.openqa.selenium.htmlunit.HtmlUnitDriver.get(HtmlUnitDriver.java:659)
at website_searcher.website_searcher_test.finding_search(website_searcher_test.java:93)
at sun.reflect.NativeMethodAccessorImpl.invoke0(Native Method)
at sun.reflect.NativeMethodAccessorImpl.invoke(NativeMethodAccessorImpl.java:62)
at sun.reflect.DelegatingMethodAccessorImpl.invoke(DelegatingMethodAccessorImpl.java:43)
at java.lang.reflect.Method.invoke(Method.java:498)
at org.testng.internal.MethodInvocationHelper.invokeMethod(MethodInvocationHelper.java:124)
at org.testng.internal.Invoker.invokeMethod(Invoker.java:580)
at org.testng.internal.Invoker.invokeTestMethod(Invoker.java:716)
at org.testng.internal.Invoker.invokeTestMethods(Invoker.java:988)
at org.testng.internal.TestMethodWorker.invokeTestMethods(TestMethodWorker.java:125)
at org.testng.internal.TestMethodWorker.run(TestMethodWorker.java:109)
at org.testng.internal.thread.ThreadUtil$1.call(ThreadUtil.java:52)
at java.util.concurrent.FutureTask.run(FutureTask.java:266)
at java.util.concurrent.ThreadPoolExecutor.runWorker(ThreadPoolExecutor.java:1142)
at java.util.concurrent.ThreadPoolExecutor$Worker.run(ThreadPoolExecutor.java:617)
at java.lang.Thread.run(Thread.java:745)
Caused by: java.net.MalformedURLException: no protocol: shutterfly.com
at java.net.URL.<init>(URL.java:593)
at java.net.URL.<init>(URL.java:490)
at java.net.URL.<init>(URL.java:439)
at org.openqa.selenium.htmlunit.HtmlUnitDriver.get(HtmlUnitDriver.java:657)
... 16 more
]]>
            </full-stacktrace>
          </exception> <!-- org.openqa.selenium.WebDriverException -->
          <reporter-output>
          </reporter-output>
        </test-method> <!-- finding_search -->
        <test-method status="FAIL" signature="finding_search()[pri:0, instance:website_searcher.website_searcher_test@5faeada1]" name="finding_search" duration-ms="1271" started-at="2018-07-15T23:33:54Z" finished-at="2018-07-15T23:33:55Z">
          <exception class="org.openqa.selenium.WebDriverException">
            <message>
              <![CDATA[java.net.MalformedURLException: no protocol: tinypic.com
Build info: version: '3.12.0', revision: '7c6e0b3', time: '2018-05-08T15:15:08.936Z'
System info: host: 'LPT-SKODHA.local', ip: '2601:641:300:569b:1838:54c3:28ef:b06d', os.name: 'Mac OS X', os.arch: 'x86_64', os.version: '10.12.6', java.version: '1.8.0_121'
Driver info: driver.version: HtmlUnitDriver]]>
            </message>
            <full-stacktrace>
              <![CDATA[org.openqa.selenium.WebDriverException: java.net.MalformedURLException: no protocol: tinypic.com
Build info: version: '3.12.0', revision: '7c6e0b3', time: '2018-05-08T15:15:08.936Z'
System info: host: 'LPT-SKODHA.local', ip: '2601:641:300:569b:1838:54c3:28ef:b06d', os.name: 'Mac OS X', os.arch: 'x86_64', os.version: '10.12.6', java.version: '1.8.0_121'
Driver info: driver.version: HtmlUnitDriver
at org.openqa.selenium.htmlunit.HtmlUnitDriver.get(HtmlUnitDriver.java:659)
at website_searcher.website_searcher_test.finding_search(website_searcher_test.java:93)
at sun.reflect.NativeMethodAccessorImpl.invoke0(Native Method)
at sun.reflect.NativeMethodAccessorImpl.invoke(NativeMethodAccessorImpl.java:62)
at sun.reflect.DelegatingMethodAccessorImpl.invoke(DelegatingMethodAccessorImpl.java:43)
at java.lang.reflect.Method.invoke(Method.java:498)
at org.testng.internal.MethodInvocationHelper.invokeMethod(MethodInvocationHelper.java:124)
at org.testng.internal.Invoker.invokeMethod(Invoker.java:580)
at org.testng.internal.Invoker.invokeTestMethod(Invoker.java:716)
at org.testng.internal.Invoker.invokeTestMethods(Invoker.java:988)
at org.testng.internal.TestMethodWorker.invokeTestMethods(TestMethodWorker.java:125)
at org.testng.internal.TestMethodWorker.run(TestMethodWorker.java:109)
at org.testng.internal.thread.ThreadUtil$1.call(ThreadUtil.java:52)
at java.util.concurrent.FutureTask.run(FutureTask.java:266)
at java.util.concurrent.ThreadPoolExecutor.runWorker(ThreadPoolExecutor.java:1142)
at java.util.concurrent.ThreadPoolExecutor$Worker.run(ThreadPoolExecutor.java:617)
at java.lang.Thread.run(Thread.java:745)
Caused by: java.net.MalformedURLException: no protocol: tinypic.com
at java.net.URL.<init>(URL.java:593)
at java.net.URL.<init>(URL.java:490)
at java.net.URL.<init>(URL.java:439)
at org.openqa.selenium.htmlunit.HtmlUnitDriver.get(HtmlUnitDriver.java:657)
... 16 more
]]>
            </full-stacktrace>
          </exception> <!-- org.openqa.selenium.WebDriverException -->
          <reporter-output>
          </reporter-output>
        </test-method> <!-- finding_search -->
        <test-method status="FAIL" signature="finding_search()[pri:0, instance:website_searcher.website_searcher_test@5faeada1]" name="finding_search" duration-ms="1350" started-at="2018-07-15T23:33:54Z" finished-at="2018-07-15T23:33:55Z">
          <exception class="org.openqa.selenium.WebDriverException">
            <message>
              <![CDATA[java.net.MalformedURLException: no protocol: nymag.com
Build info: version: '3.12.0', revision: '7c6e0b3', time: '2018-05-08T15:15:08.936Z'
System info: host: 'LPT-SKODHA.local', ip: '2601:641:300:569b:1838:54c3:28ef:b06d', os.name: 'Mac OS X', os.arch: 'x86_64', os.version: '10.12.6', java.version: '1.8.0_121'
Driver info: driver.version: HtmlUnitDriver]]>
            </message>
            <full-stacktrace>
              <![CDATA[org.openqa.selenium.WebDriverException: java.net.MalformedURLException: no protocol: nymag.com
Build info: version: '3.12.0', revision: '7c6e0b3', time: '2018-05-08T15:15:08.936Z'
System info: host: 'LPT-SKODHA.local', ip: '2601:641:300:569b:1838:54c3:28ef:b06d', os.name: 'Mac OS X', os.arch: 'x86_64', os.version: '10.12.6', java.version: '1.8.0_121'
Driver info: driver.version: HtmlUnitDriver
at org.openqa.selenium.htmlunit.HtmlUnitDriver.get(HtmlUnitDriver.java:659)
at website_searcher.website_searcher_test.finding_search(website_searcher_test.java:93)
at sun.reflect.GeneratedMethodAccessor1.invoke(Unknown Source)
at sun.reflect.DelegatingMethodAccessorImpl.invoke(DelegatingMethodAccessorImpl.java:43)
at java.lang.reflect.Method.invoke(Method.java:498)
at org.testng.internal.MethodInvocationHelper.invokeMethod(MethodInvocationHelper.java:124)
at org.testng.internal.Invoker.invokeMethod(Invoker.java:580)
at org.testng.internal.Invoker.invokeTestMethod(Invoker.java:716)
at org.testng.internal.Invoker.invokeTestMethods(Invoker.java:988)
at org.testng.internal.TestMethodWorker.invokeTestMethods(TestMethodWorker.java:125)
at org.testng.internal.TestMethodWorker.run(TestMethodWorker.java:109)
at org.testng.internal.thread.ThreadUtil$1.call(ThreadUtil.java:52)
at java.util.concurrent.FutureTask.run(FutureTask.java:266)
at java.util.concurrent.ThreadPoolExecutor.runWorker(ThreadPoolExecutor.java:1142)
at java.util.concurrent.ThreadPoolExecutor$Worker.run(ThreadPoolExecutor.java:617)
at java.lang.Thread.run(Thread.java:745)
Caused by: java.net.MalformedURLException: no protocol: nymag.com
at java.net.URL.<init>(URL.java:593)
at java.net.URL.<init>(URL.java:490)
at java.net.URL.<init>(URL.java:439)
at org.openqa.selenium.htmlunit.HtmlUnitDriver.get(HtmlUnitDriver.java:657)
... 15 more
]]>
            </full-stacktrace>
          </exception> <!-- org.openqa.selenium.WebDriverException -->
          <reporter-output>
          </reporter-output>
        </test-method> <!-- finding_search -->
        <test-method status="FAIL" signature="finding_search()[pri:0, instance:website_searcher.website_searcher_test@5faeada1]" name="finding_search" duration-ms="1207" started-at="2018-07-15T23:33:54Z" finished-at="2018-07-15T23:33:55Z">
          <exception class="org.openqa.selenium.WebDriverException">
            <message>
              <![CDATA[java.net.MalformedURLException: no protocol: unc.edu
Build info: version: '3.12.0', revision: '7c6e0b3', time: '2018-05-08T15:15:08.936Z'
System info: host: 'LPT-SKODHA.local', ip: '2601:641:300:569b:1838:54c3:28ef:b06d', os.name: 'Mac OS X', os.arch: 'x86_64', os.version: '10.12.6', java.version: '1.8.0_121'
Driver info: driver.version: HtmlUnitDriver]]>
            </message>
            <full-stacktrace>
              <![CDATA[org.openqa.selenium.WebDriverException: java.net.MalformedURLException: no protocol: unc.edu
Build info: version: '3.12.0', revision: '7c6e0b3', time: '2018-05-08T15:15:08.936Z'
System info: host: 'LPT-SKODHA.local', ip: '2601:641:300:569b:1838:54c3:28ef:b06d', os.name: 'Mac OS X', os.arch: 'x86_64', os.version: '10.12.6', java.version: '1.8.0_121'
Driver info: driver.version: HtmlUnitDriver
at org.openqa.selenium.htmlunit.HtmlUnitDriver.get(HtmlUnitDriver.java:659)
at website_searcher.website_searcher_test.finding_search(website_searcher_test.java:93)
at sun.reflect.NativeMethodAccessorImpl.invoke0(Native Method)
at sun.reflect.NativeMethodAccessorImpl.invoke(NativeMethodAccessorImpl.java:62)
at sun.reflect.DelegatingMethodAccessorImpl.invoke(DelegatingMethodAccessorImpl.java:43)
at java.lang.reflect.Method.invoke(Method.java:498)
at org.testng.internal.MethodInvocationHelper.invokeMethod(MethodInvocationHelper.java:124)
at org.testng.internal.Invoker.invokeMethod(Invoker.java:580)
at org.testng.internal.Invoker.invokeTestMethod(Invoker.java:716)
at org.testng.internal.Invoker.invokeTestMethods(Invoker.java:988)
at org.testng.internal.TestMethodWorker.invokeTestMethods(TestMethodWorker.java:125)
at org.testng.internal.TestMethodWorker.run(TestMethodWorker.java:109)
at org.testng.internal.thread.ThreadUtil$1.call(ThreadUtil.java:52)
at java.util.concurrent.FutureTask.run(FutureTask.java:266)
at java.util.concurrent.ThreadPoolExecutor.runWorker(ThreadPoolExecutor.java:1142)
at java.util.concurrent.ThreadPoolExecutor$Worker.run(ThreadPoolExecutor.java:617)
at java.lang.Thread.run(Thread.java:745)
Caused by: java.net.MalformedURLException: no protocol: unc.edu
at java.net.URL.<init>(URL.java:593)
at java.net.URL.<init>(URL.java:490)
at java.net.URL.<init>(URL.java:439)
at org.openqa.selenium.htmlunit.HtmlUnitDriver.get(HtmlUnitDriver.java:657)
... 16 more
]]>
            </full-stacktrace>
          </exception> <!-- org.openqa.selenium.WebDriverException -->
          <reporter-output>
          </reporter-output>
        </test-method> <!-- finding_search -->
        <test-method status="FAIL" signature="finding_search()[pri:0, instance:website_searcher.website_searcher_test@5faeada1]" name="finding_search" duration-ms="177" started-at="2018-07-15T23:33:54Z" finished-at="2018-07-15T23:33:54Z">
          <exception class="org.openqa.selenium.WebDriverException">
            <message>
              <![CDATA[java.net.MalformedURLException: no protocol: bloglovin.com
Build info: version: '3.12.0', revision: '7c6e0b3', time: '2018-05-08T15:15:08.936Z'
System info: host: 'LPT-SKODHA.local', ip: '2601:641:300:569b:1838:54c3:28ef:b06d', os.name: 'Mac OS X', os.arch: 'x86_64', os.version: '10.12.6', java.version: '1.8.0_121'
Driver info: driver.version: HtmlUnitDriver]]>
            </message>
            <full-stacktrace>
              <![CDATA[org.openqa.selenium.WebDriverException: java.net.MalformedURLException: no protocol: bloglovin.com
Build info: version: '3.12.0', revision: '7c6e0b3', time: '2018-05-08T15:15:08.936Z'
System info: host: 'LPT-SKODHA.local', ip: '2601:641:300:569b:1838:54c3:28ef:b06d', os.name: 'Mac OS X', os.arch: 'x86_64', os.version: '10.12.6', java.version: '1.8.0_121'
Driver info: driver.version: HtmlUnitDriver
at org.openqa.selenium.htmlunit.HtmlUnitDriver.get(HtmlUnitDriver.java:659)
at website_searcher.website_searcher_test.finding_search(website_searcher_test.java:93)
at sun.reflect.NativeMethodAccessorImpl.invoke0(Native Method)
at sun.reflect.NativeMethodAccessorImpl.invoke(NativeMethodAccessorImpl.java:62)
at sun.reflect.DelegatingMethodAccessorImpl.invoke(DelegatingMethodAccessorImpl.java:43)
at java.lang.reflect.Method.invoke(Method.java:498)
at org.testng.internal.MethodInvocationHelper.invokeMethod(MethodInvocationHelper.java:124)
at org.testng.internal.Invoker.invokeMethod(Invoker.java:580)
at org.testng.internal.Invoker.invokeTestMethod(Invoker.java:716)
at org.testng.internal.Invoker.invokeTestMethods(Invoker.java:988)
at org.testng.internal.TestMethodWorker.invokeTestMethods(TestMethodWorker.java:125)
at org.testng.internal.TestMethodWorker.run(TestMethodWorker.java:109)
at org.testng.internal.thread.ThreadUtil$1.call(ThreadUtil.java:52)
at java.util.concurrent.FutureTask.run(FutureTask.java:266)
at java.util.concurrent.ThreadPoolExecutor.runWorker(ThreadPoolExecutor.java:1142)
at java.util.concurrent.ThreadPoolExecutor$Worker.run(ThreadPoolExecutor.java:617)
at java.lang.Thread.run(Thread.java:745)
Caused by: java.net.MalformedURLException: no protocol: bloglovin.com
at java.net.URL.<init>(URL.java:593)
at java.net.URL.<init>(URL.java:490)
at java.net.URL.<init>(URL.java:439)
at org.openqa.selenium.htmlunit.HtmlUnitDriver.get(HtmlUnitDriver.java:657)
... 16 more
]]>
            </full-stacktrace>
          </exception> <!-- org.openqa.selenium.WebDriverException -->
          <reporter-output>
          </reporter-output>
        </test-method> <!-- finding_search -->
        <test-method status="FAIL" signature="finding_search()[pri:0, instance:website_searcher.website_searcher_test@5faeada1]" name="finding_search" duration-ms="1249" started-at="2018-07-15T23:33:54Z" finished-at="2018-07-15T23:33:55Z">
          <exception class="org.openqa.selenium.WebDriverException">
            <message>
              <![CDATA[java.net.MalformedURLException: no protocol: woothemes.com
Build info: version: '3.12.0', revision: '7c6e0b3', time: '2018-05-08T15:15:08.936Z'
System info: host: 'LPT-SKODHA.local', ip: '2601:641:300:569b:1838:54c3:28ef:b06d', os.name: 'Mac OS X', os.arch: 'x86_64', os.version: '10.12.6', java.version: '1.8.0_121'
Driver info: driver.version: HtmlUnitDriver]]>
            </message>
            <full-stacktrace>
              <![CDATA[org.openqa.selenium.WebDriverException: java.net.MalformedURLException: no protocol: woothemes.com
Build info: version: '3.12.0', revision: '7c6e0b3', time: '2018-05-08T15:15:08.936Z'
System info: host: 'LPT-SKODHA.local', ip: '2601:641:300:569b:1838:54c3:28ef:b06d', os.name: 'Mac OS X', os.arch: 'x86_64', os.version: '10.12.6', java.version: '1.8.0_121'
Driver info: driver.version: HtmlUnitDriver
at org.openqa.selenium.htmlunit.HtmlUnitDriver.get(HtmlUnitDriver.java:659)
at website_searcher.website_searcher_test.finding_search(website_searcher_test.java:93)
at sun.reflect.NativeMethodAccessorImpl.invoke0(Native Method)
at sun.reflect.NativeMethodAccessorImpl.invoke(NativeMethodAccessorImpl.java:62)
at sun.reflect.DelegatingMethodAccessorImpl.invoke(DelegatingMethodAccessorImpl.java:43)
at java.lang.reflect.Method.invoke(Method.java:498)
at org.testng.internal.MethodInvocationHelper.invokeMethod(MethodInvocationHelper.java:124)
at org.testng.internal.Invoker.invokeMethod(Invoker.java:580)
at org.testng.internal.Invoker.invokeTestMethod(Invoker.java:716)
at org.testng.internal.Invoker.invokeTestMethods(Invoker.java:988)
at org.testng.internal.TestMethodWorker.invokeTestMethods(TestMethodWorker.java:125)
at org.testng.internal.TestMethodWorker.run(TestMethodWorker.java:109)
at org.testng.internal.thread.ThreadUtil$1.call(ThreadUtil.java:52)
at java.util.concurrent.FutureTask.run(FutureTask.java:266)
at java.util.concurrent.ThreadPoolExecutor.runWorker(ThreadPoolExecutor.java:1142)
at java.util.concurrent.ThreadPoolExecutor$Worker.run(ThreadPoolExecutor.java:617)
at java.lang.Thread.run(Thread.java:745)
Caused by: java.net.MalformedURLException: no protocol: woothemes.com
at java.net.URL.<init>(URL.java:593)
at java.net.URL.<init>(URL.java:490)
at java.net.URL.<init>(URL.java:439)
at org.openqa.selenium.htmlunit.HtmlUnitDriver.get(HtmlUnitDriver.java:657)
... 16 more
]]>
            </full-stacktrace>
          </exception> <!-- org.openqa.selenium.WebDriverException -->
          <reporter-output>
          </reporter-output>
        </test-method> <!-- finding_search -->
        <test-method status="FAIL" signature="finding_search()[pri:0, instance:website_searcher.website_searcher_test@5faeada1]" name="finding_search" duration-ms="1350" started-at="2018-07-15T23:33:54Z" finished-at="2018-07-15T23:33:55Z">
          <exception class="org.openqa.selenium.WebDriverException">
            <message>
              <![CDATA[java.net.MalformedURLException: no protocol: fema.gov
Build info: version: '3.12.0', revision: '7c6e0b3', time: '2018-05-08T15:15:08.936Z'
System info: host: 'LPT-SKODHA.local', ip: '2601:641:300:569b:1838:54c3:28ef:b06d', os.name: 'Mac OS X', os.arch: 'x86_64', os.version: '10.12.6', java.version: '1.8.0_121'
Driver info: driver.version: HtmlUnitDriver]]>
            </message>
            <full-stacktrace>
              <![CDATA[org.openqa.selenium.WebDriverException: java.net.MalformedURLException: no protocol: fema.gov
Build info: version: '3.12.0', revision: '7c6e0b3', time: '2018-05-08T15:15:08.936Z'
System info: host: 'LPT-SKODHA.local', ip: '2601:641:300:569b:1838:54c3:28ef:b06d', os.name: 'Mac OS X', os.arch: 'x86_64', os.version: '10.12.6', java.version: '1.8.0_121'
Driver info: driver.version: HtmlUnitDriver
at org.openqa.selenium.htmlunit.HtmlUnitDriver.get(HtmlUnitDriver.java:659)
at website_searcher.website_searcher_test.finding_search(website_searcher_test.java:93)
at sun.reflect.NativeMethodAccessorImpl.invoke0(Native Method)
at sun.reflect.NativeMethodAccessorImpl.invoke(NativeMethodAccessorImpl.java:62)
at sun.reflect.DelegatingMethodAccessorImpl.invoke(DelegatingMethodAccessorImpl.java:43)
at java.lang.reflect.Method.invoke(Method.java:498)
at org.testng.internal.MethodInvocationHelper.invokeMethod(MethodInvocationHelper.java:124)
at org.testng.internal.Invoker.invokeMethod(Invoker.java:580)
at org.testng.internal.Invoker.invokeTestMethod(Invoker.java:716)
at org.testng.internal.Invoker.invokeTestMethods(Invoker.java:988)
at org.testng.internal.TestMethodWorker.invokeTestMethods(TestMethodWorker.java:125)
at org.testng.internal.TestMethodWorker.run(TestMethodWorker.java:109)
at org.testng.internal.thread.ThreadUtil$1.call(ThreadUtil.java:52)
at java.util.concurrent.FutureTask.run(FutureTask.java:266)
at java.util.concurrent.ThreadPoolExecutor.runWorker(ThreadPoolExecutor.java:1142)
at java.util.concurrent.ThreadPoolExecutor$Worker.run(ThreadPoolExecutor.java:617)
at java.lang.Thread.run(Thread.java:745)
Caused by: java.net.MalformedURLException: no protocol: fema.gov
at java.net.URL.<init>(URL.java:593)
at java.net.URL.<init>(URL.java:490)
at java.net.URL.<init>(URL.java:439)
at org.openqa.selenium.htmlunit.HtmlUnitDriver.get(HtmlUnitDriver.java:657)
... 16 more
]]>
            </full-stacktrace>
          </exception> <!-- org.openqa.selenium.WebDriverException -->
          <reporter-output>
          </reporter-output>
        </test-method> <!-- finding_search -->
        <test-method status="FAIL" signature="finding_search()[pri:0, instance:website_searcher.website_searcher_test@5faeada1]" name="finding_search" duration-ms="1120" started-at="2018-07-15T23:33:54Z" finished-at="2018-07-15T23:33:55Z">
          <exception class="org.openqa.selenium.WebDriverException">
            <message>
              <![CDATA[java.net.MalformedURLException: no protocol: walmart.com
Build info: version: '3.12.0', revision: '7c6e0b3', time: '2018-05-08T15:15:08.936Z'
System info: host: 'LPT-SKODHA.local', ip: '2601:641:300:569b:1838:54c3:28ef:b06d', os.name: 'Mac OS X', os.arch: 'x86_64', os.version: '10.12.6', java.version: '1.8.0_121'
Driver info: driver.version: HtmlUnitDriver]]>
            </message>
            <full-stacktrace>
              <![CDATA[org.openqa.selenium.WebDriverException: java.net.MalformedURLException: no protocol: walmart.com
Build info: version: '3.12.0', revision: '7c6e0b3', time: '2018-05-08T15:15:08.936Z'
System info: host: 'LPT-SKODHA.local', ip: '2601:641:300:569b:1838:54c3:28ef:b06d', os.name: 'Mac OS X', os.arch: 'x86_64', os.version: '10.12.6', java.version: '1.8.0_121'
Driver info: driver.version: HtmlUnitDriver
at org.openqa.selenium.htmlunit.HtmlUnitDriver.get(HtmlUnitDriver.java:659)
at website_searcher.website_searcher_test.finding_search(website_searcher_test.java:93)
at sun.reflect.GeneratedMethodAccessor5.invoke(Unknown Source)
at sun.reflect.DelegatingMethodAccessorImpl.invoke(DelegatingMethodAccessorImpl.java:43)
at java.lang.reflect.Method.invoke(Method.java:498)
at org.testng.internal.MethodInvocationHelper.invokeMethod(MethodInvocationHelper.java:124)
at org.testng.internal.Invoker.invokeMethod(Invoker.java:580)
at org.testng.internal.Invoker.invokeTestMethod(Invoker.java:716)
at org.testng.internal.Invoker.invokeTestMethods(Invoker.java:988)
at org.testng.internal.TestMethodWorker.invokeTestMethods(TestMethodWorker.java:125)
at org.testng.internal.TestMethodWorker.run(TestMethodWorker.java:109)
at org.testng.internal.thread.ThreadUtil$1.call(ThreadUtil.java:52)
at java.util.concurrent.FutureTask.run(FutureTask.java:266)
at java.util.concurrent.ThreadPoolExecutor.runWorker(ThreadPoolExecutor.java:1142)
at java.util.concurrent.ThreadPoolExecutor$Worker.run(ThreadPoolExecutor.java:617)
at java.lang.Thread.run(Thread.java:745)
Caused by: java.net.MalformedURLException: no protocol: walmart.com
at java.net.URL.<init>(URL.java:593)
at java.net.URL.<init>(URL.java:490)
at java.net.URL.<init>(URL.java:439)
at org.openqa.selenium.htmlunit.HtmlUnitDriver.get(HtmlUnitDriver.java:657)
... 15 more
]]>
            </full-stacktrace>
          </exception> <!-- org.openqa.selenium.WebDriverException -->
          <reporter-output>
          </reporter-output>
        </test-method> <!-- finding_search -->
        <test-method status="FAIL" signature="finding_search()[pri:0, instance:website_searcher.website_searcher_test@5faeada1]" name="finding_search" duration-ms="1066" started-at="2018-07-15T23:33:54Z" finished-at="2018-07-15T23:33:55Z">
          <exception class="org.openqa.selenium.WebDriverException">
            <message>
              <![CDATA[java.net.MalformedURLException: no protocol: sbwire.com
Build info: version: '3.12.0', revision: '7c6e0b3', time: '2018-05-08T15:15:08.936Z'
System info: host: 'LPT-SKODHA.local', ip: '2601:641:300:569b:1838:54c3:28ef:b06d', os.name: 'Mac OS X', os.arch: 'x86_64', os.version: '10.12.6', java.version: '1.8.0_121'
Driver info: driver.version: HtmlUnitDriver]]>
            </message>
            <full-stacktrace>
              <![CDATA[org.openqa.selenium.WebDriverException: java.net.MalformedURLException: no protocol: sbwire.com
Build info: version: '3.12.0', revision: '7c6e0b3', time: '2018-05-08T15:15:08.936Z'
System info: host: 'LPT-SKODHA.local', ip: '2601:641:300:569b:1838:54c3:28ef:b06d', os.name: 'Mac OS X', os.arch: 'x86_64', os.version: '10.12.6', java.version: '1.8.0_121'
Driver info: driver.version: HtmlUnitDriver
at org.openqa.selenium.htmlunit.HtmlUnitDriver.get(HtmlUnitDriver.java:659)
at website_searcher.website_searcher_test.finding_search(website_searcher_test.java:93)
at sun.reflect.GeneratedMethodAccessor5.invoke(Unknown Source)
at sun.reflect.DelegatingMethodAccessorImpl.invoke(DelegatingMethodAccessorImpl.java:43)
at java.lang.reflect.Method.invoke(Method.java:498)
at org.testng.internal.MethodInvocationHelper.invokeMethod(MethodInvocationHelper.java:124)
at org.testng.internal.Invoker.invokeMethod(Invoker.java:580)
at org.testng.internal.Invoker.invokeTestMethod(Invoker.java:716)
at org.testng.internal.Invoker.invokeTestMethods(Invoker.java:988)
at org.testng.internal.TestMethodWorker.invokeTestMethods(TestMethodWorker.java:125)
at org.testng.internal.TestMethodWorker.run(TestMethodWorker.java:109)
at org.testng.internal.thread.ThreadUtil$1.call(ThreadUtil.java:52)
at java.util.concurrent.FutureTask.run(FutureTask.java:266)
at java.util.concurrent.ThreadPoolExecutor.runWorker(ThreadPoolExecutor.java:1142)
at java.util.concurrent.ThreadPoolExecutor$Worker.run(ThreadPoolExecutor.java:617)
at java.lang.Thread.run(Thread.java:745)
Caused by: java.net.MalformedURLException: no protocol: sbwire.com
at java.net.URL.<init>(URL.java:593)
at java.net.URL.<init>(URL.java:490)
at java.net.URL.<init>(URL.java:439)
at org.openqa.selenium.htmlunit.HtmlUnitDriver.get(HtmlUnitDriver.java:657)
... 15 more
]]>
            </full-stacktrace>
          </exception> <!-- org.openqa.selenium.WebDriverException -->
          <reporter-output>
          </reporter-output>
        </test-method> <!-- finding_search -->
        <test-method status="FAIL" signature="finding_search()[pri:0, instance:website_searcher.website_searcher_test@5faeada1]" name="finding_search" duration-ms="973" started-at="2018-07-15T23:33:54Z" finished-at="2018-07-15T23:33:55Z">
          <exception class="org.openqa.selenium.WebDriverException">
            <message>
              <![CDATA[java.net.MalformedURLException: no protocol: hao123.com
Build info: version: '3.12.0', revision: '7c6e0b3', time: '2018-05-08T15:15:08.936Z'
System info: host: 'LPT-SKODHA.local', ip: '2601:641:300:569b:1838:54c3:28ef:b06d', os.name: 'Mac OS X', os.arch: 'x86_64', os.version: '10.12.6', java.version: '1.8.0_121'
Driver info: driver.version: HtmlUnitDriver]]>
            </message>
            <full-stacktrace>
              <![CDATA[org.openqa.selenium.WebDriverException: java.net.MalformedURLException: no protocol: hao123.com
Build info: version: '3.12.0', revision: '7c6e0b3', time: '2018-05-08T15:15:08.936Z'
System info: host: 'LPT-SKODHA.local', ip: '2601:641:300:569b:1838:54c3:28ef:b06d', os.name: 'Mac OS X', os.arch: 'x86_64', os.version: '10.12.6', java.version: '1.8.0_121'
Driver info: driver.version: HtmlUnitDriver
at org.openqa.selenium.htmlunit.HtmlUnitDriver.get(HtmlUnitDriver.java:659)
at website_searcher.website_searcher_test.finding_search(website_searcher_test.java:93)
at sun.reflect.GeneratedMethodAccessor5.invoke(Unknown Source)
at sun.reflect.DelegatingMethodAccessorImpl.invoke(DelegatingMethodAccessorImpl.java:43)
at java.lang.reflect.Method.invoke(Method.java:498)
at org.testng.internal.MethodInvocationHelper.invokeMethod(MethodInvocationHelper.java:124)
at org.testng.internal.Invoker.invokeMethod(Invoker.java:580)
at org.testng.internal.Invoker.invokeTestMethod(Invoker.java:716)
at org.testng.internal.Invoker.invokeTestMethods(Invoker.java:988)
at org.testng.internal.TestMethodWorker.invokeTestMethods(TestMethodWorker.java:125)
at org.testng.internal.TestMethodWorker.run(TestMethodWorker.java:109)
at org.testng.internal.thread.ThreadUtil$1.call(ThreadUtil.java:52)
at java.util.concurrent.FutureTask.run(FutureTask.java:266)
at java.util.concurrent.ThreadPoolExecutor.runWorker(ThreadPoolExecutor.java:1142)
at java.util.concurrent.ThreadPoolExecutor$Worker.run(ThreadPoolExecutor.java:617)
at java.lang.Thread.run(Thread.java:745)
Caused by: java.net.MalformedURLException: no protocol: hao123.com
at java.net.URL.<init>(URL.java:593)
at java.net.URL.<init>(URL.java:490)
at java.net.URL.<init>(URL.java:439)
at org.openqa.selenium.htmlunit.HtmlUnitDriver.get(HtmlUnitDriver.java:657)
... 15 more
]]>
            </full-stacktrace>
          </exception> <!-- org.openqa.selenium.WebDriverException -->
          <reporter-output>
          </reporter-output>
        </test-method> <!-- finding_search -->
        <test-method status="FAIL" signature="finding_search()[pri:0, instance:website_searcher.website_searcher_test@5faeada1]" name="finding_search" duration-ms="1161" started-at="2018-07-15T23:33:54Z" finished-at="2018-07-15T23:33:55Z">
          <exception class="org.openqa.selenium.WebDriverException">
            <message>
              <![CDATA[java.net.MalformedURLException: no protocol: unblog.fr
Build info: version: '3.12.0', revision: '7c6e0b3', time: '2018-05-08T15:15:08.936Z'
System info: host: 'LPT-SKODHA.local', ip: '2601:641:300:569b:1838:54c3:28ef:b06d', os.name: 'Mac OS X', os.arch: 'x86_64', os.version: '10.12.6', java.version: '1.8.0_121'
Driver info: driver.version: HtmlUnitDriver]]>
            </message>
            <full-stacktrace>
              <![CDATA[org.openqa.selenium.WebDriverException: java.net.MalformedURLException: no protocol: unblog.fr
Build info: version: '3.12.0', revision: '7c6e0b3', time: '2018-05-08T15:15:08.936Z'
System info: host: 'LPT-SKODHA.local', ip: '2601:641:300:569b:1838:54c3:28ef:b06d', os.name: 'Mac OS X', os.arch: 'x86_64', os.version: '10.12.6', java.version: '1.8.0_121'
Driver info: driver.version: HtmlUnitDriver
at org.openqa.selenium.htmlunit.HtmlUnitDriver.get(HtmlUnitDriver.java:659)
at website_searcher.website_searcher_test.finding_search(website_searcher_test.java:93)
at sun.reflect.GeneratedMethodAccessor5.invoke(Unknown Source)
at sun.reflect.DelegatingMethodAccessorImpl.invoke(DelegatingMethodAccessorImpl.java:43)
at java.lang.reflect.Method.invoke(Method.java:498)
at org.testng.internal.MethodInvocationHelper.invokeMethod(MethodInvocationHelper.java:124)
at org.testng.internal.Invoker.invokeMethod(Invoker.java:580)
at org.testng.internal.Invoker.invokeTestMethod(Invoker.java:716)
at org.testng.internal.Invoker.invokeTestMethods(Invoker.java:988)
at org.testng.internal.TestMethodWorker.invokeTestMethods(TestMethodWorker.java:125)
at org.testng.internal.TestMethodWorker.run(TestMethodWorker.java:109)
at org.testng.internal.thread.ThreadUtil$1.call(ThreadUtil.java:52)
at java.util.concurrent.FutureTask.run(FutureTask.java:266)
at java.util.concurrent.ThreadPoolExecutor.runWorker(ThreadPoolExecutor.java:1142)
at java.util.concurrent.ThreadPoolExecutor$Worker.run(ThreadPoolExecutor.java:617)
at java.lang.Thread.run(Thread.java:745)
Caused by: java.net.MalformedURLException: no protocol: unblog.fr
at java.net.URL.<init>(URL.java:593)
at java.net.URL.<init>(URL.java:490)
at java.net.URL.<init>(URL.java:439)
at org.openqa.selenium.htmlunit.HtmlUnitDriver.get(HtmlUnitDriver.java:657)
... 15 more
]]>
            </full-stacktrace>
          </exception> <!-- org.openqa.selenium.WebDriverException -->
          <reporter-output>
          </reporter-output>
        </test-method> <!-- finding_search -->
        <test-method status="FAIL" signature="finding_search()[pri:0, instance:website_searcher.website_searcher_test@5faeada1]" name="finding_search" duration-ms="996" started-at="2018-07-15T23:33:54Z" finished-at="2018-07-15T23:33:55Z">
          <exception class="org.openqa.selenium.WebDriverException">
            <message>
              <![CDATA[java.net.MalformedURLException: no protocol: cam.ac.uk
Build info: version: '3.12.0', revision: '7c6e0b3', time: '2018-05-08T15:15:08.936Z'
System info: host: 'LPT-SKODHA.local', ip: '2601:641:300:569b:1838:54c3:28ef:b06d', os.name: 'Mac OS X', os.arch: 'x86_64', os.version: '10.12.6', java.version: '1.8.0_121'
Driver info: driver.version: HtmlUnitDriver]]>
            </message>
            <full-stacktrace>
              <![CDATA[org.openqa.selenium.WebDriverException: java.net.MalformedURLException: no protocol: cam.ac.uk
Build info: version: '3.12.0', revision: '7c6e0b3', time: '2018-05-08T15:15:08.936Z'
System info: host: 'LPT-SKODHA.local', ip: '2601:641:300:569b:1838:54c3:28ef:b06d', os.name: 'Mac OS X', os.arch: 'x86_64', os.version: '10.12.6', java.version: '1.8.0_121'
Driver info: driver.version: HtmlUnitDriver
at org.openqa.selenium.htmlunit.HtmlUnitDriver.get(HtmlUnitDriver.java:659)
at website_searcher.website_searcher_test.finding_search(website_searcher_test.java:93)
at sun.reflect.GeneratedMethodAccessor5.invoke(Unknown Source)
at sun.reflect.DelegatingMethodAccessorImpl.invoke(DelegatingMethodAccessorImpl.java:43)
at java.lang.reflect.Method.invoke(Method.java:498)
at org.testng.internal.MethodInvocationHelper.invokeMethod(MethodInvocationHelper.java:124)
at org.testng.internal.Invoker.invokeMethod(Invoker.java:580)
at org.testng.internal.Invoker.invokeTestMethod(Invoker.java:716)
at org.testng.internal.Invoker.invokeTestMethods(Invoker.java:988)
at org.testng.internal.TestMethodWorker.invokeTestMethods(TestMethodWorker.java:125)
at org.testng.internal.TestMethodWorker.run(TestMethodWorker.java:109)
at org.testng.internal.thread.ThreadUtil$1.call(ThreadUtil.java:52)
at java.util.concurrent.FutureTask.run(FutureTask.java:266)
at java.util.concurrent.ThreadPoolExecutor.runWorker(ThreadPoolExecutor.java:1142)
at java.util.concurrent.ThreadPoolExecutor$Worker.run(ThreadPoolExecutor.java:617)
at java.lang.Thread.run(Thread.java:745)
Caused by: java.net.MalformedURLException: no protocol: cam.ac.uk
at java.net.URL.<init>(URL.java:593)
at java.net.URL.<init>(URL.java:490)
at java.net.URL.<init>(URL.java:439)
at org.openqa.selenium.htmlunit.HtmlUnitDriver.get(HtmlUnitDriver.java:657)
... 15 more
]]>
            </full-stacktrace>
          </exception> <!-- org.openqa.selenium.WebDriverException -->
          <reporter-output>
          </reporter-output>
        </test-method> <!-- finding_search -->
        <test-method status="FAIL" signature="finding_search()[pri:0, instance:website_searcher.website_searcher_test@5faeada1]" name="finding_search" duration-ms="72" started-at="2018-07-15T23:33:55Z" finished-at="2018-07-15T23:33:55Z">
          <exception class="org.openqa.selenium.WebDriverException">
            <message>
              <![CDATA[java.net.MalformedURLException: no protocol: pen.io
Build info: version: '3.12.0', revision: '7c6e0b3', time: '2018-05-08T15:15:08.936Z'
System info: host: 'LPT-SKODHA.local', ip: '2601:641:300:569b:1838:54c3:28ef:b06d', os.name: 'Mac OS X', os.arch: 'x86_64', os.version: '10.12.6', java.version: '1.8.0_121'
Driver info: driver.version: HtmlUnitDriver]]>
            </message>
            <full-stacktrace>
              <![CDATA[org.openqa.selenium.WebDriverException: java.net.MalformedURLException: no protocol: pen.io
Build info: version: '3.12.0', revision: '7c6e0b3', time: '2018-05-08T15:15:08.936Z'
System info: host: 'LPT-SKODHA.local', ip: '2601:641:300:569b:1838:54c3:28ef:b06d', os.name: 'Mac OS X', os.arch: 'x86_64', os.version: '10.12.6', java.version: '1.8.0_121'
Driver info: driver.version: HtmlUnitDriver
at org.openqa.selenium.htmlunit.HtmlUnitDriver.get(HtmlUnitDriver.java:659)
at website_searcher.website_searcher_test.finding_search(website_searcher_test.java:93)
at sun.reflect.GeneratedMethodAccessor5.invoke(Unknown Source)
at sun.reflect.DelegatingMethodAccessorImpl.invoke(DelegatingMethodAccessorImpl.java:43)
at java.lang.reflect.Method.invoke(Method.java:498)
at org.testng.internal.MethodInvocationHelper.invokeMethod(MethodInvocationHelper.java:124)
at org.testng.internal.Invoker.invokeMethod(Invoker.java:580)
at org.testng.internal.Invoker.invokeTestMethod(Invoker.java:716)
at org.testng.internal.Invoker.invokeTestMethods(Invoker.java:988)
at org.testng.internal.TestMethodWorker.invokeTestMethods(TestMethodWorker.java:125)
at org.testng.internal.TestMethodWorker.run(TestMethodWorker.java:109)
at org.testng.internal.thread.ThreadUtil$1.call(ThreadUtil.java:52)
at java.util.concurrent.FutureTask.run(FutureTask.java:266)
at java.util.concurrent.ThreadPoolExecutor.runWorker(ThreadPoolExecutor.java:1142)
at java.util.concurrent.ThreadPoolExecutor$Worker.run(ThreadPoolExecutor.java:617)
at java.lang.Thread.run(Thread.java:745)
Caused by: java.net.MalformedURLException: no protocol: pen.io
at java.net.URL.<init>(URL.java:593)
at java.net.URL.<init>(URL.java:490)
at java.net.URL.<init>(URL.java:439)
at org.openqa.selenium.htmlunit.HtmlUnitDriver.get(HtmlUnitDriver.java:657)
... 15 more
]]>
            </full-stacktrace>
          </exception> <!-- org.openqa.selenium.WebDriverException -->
          <reporter-output>
          </reporter-output>
        </test-method> <!-- finding_search -->
        <test-method status="FAIL" signature="finding_search()[pri:0, instance:website_searcher.website_searcher_test@5faeada1]" name="finding_search" duration-ms="53" started-at="2018-07-15T23:33:55Z" finished-at="2018-07-15T23:33:55Z">
          <exception class="org.openqa.selenium.WebDriverException">
            <message>
              <![CDATA[java.net.MalformedURLException: no protocol: arizona.edu
Build info: version: '3.12.0', revision: '7c6e0b3', time: '2018-05-08T15:15:08.936Z'
System info: host: 'LPT-SKODHA.local', ip: '2601:641:300:569b:1838:54c3:28ef:b06d', os.name: 'Mac OS X', os.arch: 'x86_64', os.version: '10.12.6', java.version: '1.8.0_121'
Driver info: driver.version: HtmlUnitDriver]]>
            </message>
            <full-stacktrace>
              <![CDATA[org.openqa.selenium.WebDriverException: java.net.MalformedURLException: no protocol: arizona.edu
Build info: version: '3.12.0', revision: '7c6e0b3', time: '2018-05-08T15:15:08.936Z'
System info: host: 'LPT-SKODHA.local', ip: '2601:641:300:569b:1838:54c3:28ef:b06d', os.name: 'Mac OS X', os.arch: 'x86_64', os.version: '10.12.6', java.version: '1.8.0_121'
Driver info: driver.version: HtmlUnitDriver
at org.openqa.selenium.htmlunit.HtmlUnitDriver.get(HtmlUnitDriver.java:659)
at website_searcher.website_searcher_test.finding_search(website_searcher_test.java:93)
at sun.reflect.GeneratedMethodAccessor5.invoke(Unknown Source)
at sun.reflect.DelegatingMethodAccessorImpl.invoke(DelegatingMethodAccessorImpl.java:43)
at java.lang.reflect.Method.invoke(Method.java:498)
at org.testng.internal.MethodInvocationHelper.invokeMethod(MethodInvocationHelper.java:124)
at org.testng.internal.Invoker.invokeMethod(Invoker.java:580)
at org.testng.internal.Invoker.invokeTestMethod(Invoker.java:716)
at org.testng.internal.Invoker.invokeTestMethods(Invoker.java:988)
at org.testng.internal.TestMethodWorker.invokeTestMethods(TestMethodWorker.java:125)
at org.testng.internal.TestMethodWorker.run(TestMethodWorker.java:109)
at org.testng.internal.thread.ThreadUtil$1.call(ThreadUtil.java:52)
at java.util.concurrent.FutureTask.run(FutureTask.java:266)
at java.util.concurrent.ThreadPoolExecutor.runWorker(ThreadPoolExecutor.java:1142)
at java.util.concurrent.ThreadPoolExecutor$Worker.run(ThreadPoolExecutor.java:617)
at java.lang.Thread.run(Thread.java:745)
Caused by: java.net.MalformedURLException: no protocol: arizona.edu
at java.net.URL.<init>(URL.java:593)
at java.net.URL.<init>(URL.java:490)
at java.net.URL.<init>(URL.java:439)
at org.openqa.selenium.htmlunit.HtmlUnitDriver.get(HtmlUnitDriver.java:657)
... 15 more
]]>
            </full-stacktrace>
          </exception> <!-- org.openqa.selenium.WebDriverException -->
          <reporter-output>
          </reporter-output>
        </test-method> <!-- finding_search -->
        <test-method status="FAIL" signature="finding_search()[pri:0, instance:website_searcher.website_searcher_test@5faeada1]" name="finding_search" duration-ms="140" started-at="2018-07-15T23:33:55Z" finished-at="2018-07-15T23:33:55Z">
          <exception class="org.openqa.selenium.WebDriverException">
            <message>
              <![CDATA[java.net.MalformedURLException: no protocol: blogtalkradio.com
Build info: version: '3.12.0', revision: '7c6e0b3', time: '2018-05-08T15:15:08.936Z'
System info: host: 'LPT-SKODHA.local', ip: '2601:641:300:569b:1838:54c3:28ef:b06d', os.name: 'Mac OS X', os.arch: 'x86_64', os.version: '10.12.6', java.version: '1.8.0_121'
Driver info: driver.version: HtmlUnitDriver]]>
            </message>
            <full-stacktrace>
              <![CDATA[org.openqa.selenium.WebDriverException: java.net.MalformedURLException: no protocol: blogtalkradio.com
Build info: version: '3.12.0', revision: '7c6e0b3', time: '2018-05-08T15:15:08.936Z'
System info: host: 'LPT-SKODHA.local', ip: '2601:641:300:569b:1838:54c3:28ef:b06d', os.name: 'Mac OS X', os.arch: 'x86_64', os.version: '10.12.6', java.version: '1.8.0_121'
Driver info: driver.version: HtmlUnitDriver
at org.openqa.selenium.htmlunit.HtmlUnitDriver.get(HtmlUnitDriver.java:659)
at website_searcher.website_searcher_test.finding_search(website_searcher_test.java:93)
at sun.reflect.GeneratedMethodAccessor5.invoke(Unknown Source)
at sun.reflect.DelegatingMethodAccessorImpl.invoke(DelegatingMethodAccessorImpl.java:43)
at java.lang.reflect.Method.invoke(Method.java:498)
[...]
          </exception> <!-- org.openqa.selenium.WebDriverException -->
          <reporter-output>
          </reporter-output>
        </test-method> <!-- finding_search -->
        <test-method status="FAIL" signature="finding_search()[pri:0, instance:website_searcher.website_searcher_test@5faeada1]" name="finding_search" duration-ms="57" started-at="2018-07-15T23:33:56Z" finished-at="2018-07-15T23:33:56Z">
          <exception class="org.openqa.selenium.WebDriverException">
            <message>
              <![CDATA[java.net.MalformedURLException: no protocol: dot.gov
Build info: version: '3.12.0', revision: '7c6e0b3', time: '2018-05-08T15:15:08.936Z'
System info: host: 'LPT-SKODHA.local', ip: '2601:641:300:569b:1838:54c3:28ef:b06d', os.name: 'Mac OS X', os.arch: 'x86_64', os.version: '10.12.6', java.version: '1.8.0_121'
Driver info: driver.version: HtmlUnitDriver]]>
            </message>
            <full-stacktrace>
              <![CDATA[org.openqa.selenium.WebDriverException: java.net.MalformedURLException: no protocol: dot.gov
Build info: version: '3.12.0', revision: '7c6e0b3', time: '2018-05-08T15:15:08.936Z'
System info: host: 'LPT-SKODHA.local', ip: '2601:641:300:569b:1838:54c3:28ef:b06d', os.name: 'Mac OS X', os.arch: 'x86_64', os.version: '10.12.6', java.version: '1.8.0_121'
Driver info: driver.version: HtmlUnitDriver
at org.openqa.selenium.htmlunit.HtmlUnitDriver.get(HtmlUnitDriver.java:659)
at website_searcher.website_searcher_test.finding_search(website_searcher_test.java:93)
at sun.reflect.GeneratedMethodAccessor5.invoke(Unknown Source)
at sun.reflect.DelegatingMethodAccessorImpl.invoke(DelegatingMethodAccessorImpl.java:43)
at java.lang.reflect.Method.invoke(Method.java:498)
at org.testng.internal.MethodInvocationHelper.invokeMethod(MethodInvocationHelper.java:124)
at org.testng.internal.Invoker.invokeMethod(Invoker.java:580)
at org.testng.internal.Invoker.invokeTestMethod(Invoker.java:716)
at org.testng.internal.Invoker.invokeTestMethods(Invoker.java:988)
at org.testng.internal.TestMethodWorker.invokeTestMethods(TestMethodWorker.java:125)
at org.testng.internal.TestMethodWorker.run(TestMethodWorker.java:109)
at org.testng.internal.thread.ThreadUtil$1.call(ThreadUtil.java:52)
at java.util.concurrent.FutureTask.run(FutureTask.java:266)
at java.util.concurrent.ThreadPoolExecutor.runWorker(ThreadPoolExecutor.java:1142)
at java.util.concurrent.ThreadPoolExecutor$Worker.run(ThreadPoolExecutor.java:617)
at java.lang.Thread.run(Thread.java:745)
Caused by: java.net.MalformedURLException: no protocol: dot.gov
at java.net.URL.<init>(URL.java:593)
at java.net.URL.<init>(URL.java:490)
at java.net.URL.<init>(URL.java:439)
at org.openqa.selenium.htmlunit.HtmlUnitDriver.get(HtmlUnitDriver.java:657)
... 15 more
]]>
            </full-stacktrace>
          </exception> <!-- org.openqa.selenium.WebDriverException -->
          <reporter-output>
          </reporter-output>
        </test-method> <!-- finding_search -->
        <test-method status="FAIL" signature="finding_search()[pri:0, instance:website_searcher.website_searcher_test@5faeada1]" name="finding_search" duration-ms="54" started-at="2018-07-15T23:33:56Z" finished-at="2018-07-15T23:33:56Z">
          <exception class="org.openqa.selenium.WebDriverException">
            <message>
              <![CDATA[java.net.MalformedURLException: no protocol: cyberchimps.com
Build info: version: '3.12.0', revision: '7c6e0b3', time: '2018-05-08T15:15:08.936Z'
System info: host: 'LPT-SKODHA.local', ip: '2601:641:300:569b:1838:54c3:28ef:b06d', os.name: 'Mac OS X', os.arch: 'x86_64', os.version: '10.12.6', java.version: '1.8.0_121'
Driver info: driver.version: HtmlUnitDriver]]>
            </message>
            <full-stacktrace>
              <![CDATA[org.openqa.selenium.WebDriverException: java.net.MalformedURLException: no protocol: cyberchimps.com
Build info: version: '3.12.0', revision: '7c6e0b3', time: '2018-05-08T15:15:08.936Z'
System info: host: 'LPT-SKODHA.local', ip: '2601:641:300:569b:1838:54c3:28ef:b06d', os.name: 'Mac OS X', os.arch: 'x86_64', os.version: '10.12.6', java.version: '1.8.0_121'
Driver info: driver.version: HtmlUnitDriver
at org.openqa.selenium.htmlunit.HtmlUnitDriver.get(HtmlUnitDriver.java:659)
at website_searcher.website_searcher_test.finding_search(website_searcher_test.java:93)
at sun.reflect.GeneratedMethodAccessor5.invoke(Unknown Source)
at sun.reflect.DelegatingMethodAccessorImpl.invoke(DelegatingMethodAccessorImpl.java:43)
at java.lang.reflect.Method.invoke(Method.java:498)
at org.testng.internal.MethodInvocationHelper.invokeMethod(MethodInvocationHelper.java:124)
at org.testng.internal.Invoker.invokeMethod(Invoker.java:580)
at org.testng.internal.Invoker.invokeTestMethod(Invoker.java:716)
at org.testng.internal.Invoker.invokeTestMethods(Invoker.java:988)
at org.testng.internal.TestMethodWorker.invokeTestMethods(TestMethodWorker.java:125)
at org.testng.internal.TestMethodWorker.run(TestMethodWorker.java:109)
at org.testng.internal.thread.ThreadUtil$1.call(ThreadUtil.java:52)
at java.util.concurrent.FutureTask.run(FutureTask.java:266)
at java.util.concurrent.ThreadPoolExecutor.runWorker(ThreadPoolExecutor.java:1142)
at java.util.concurrent.ThreadPoolExecutor$Worker.run(ThreadPoolExecutor.java:617)
at java.lang.Thread.run(Thread.java:745)
Caused by: java.net.MalformedURLException: no protocol: cyberchimps.com
at java.net.URL.<init>(URL.java:593)
at java.net.URL.<init>(URL.java:490)
at java.net.URL.<init>(URL.java:439)
at org.openqa.selenium.htmlunit.HtmlUnitDriver.get(HtmlUnitDriver.java:657)
... 15 more
]]>
            </full-stacktrace>
          </exception> <!-- org.openqa.selenium.WebDriverException -->
          <reporter-output>
          </reporter-output>
        </test-method> <!-- finding_search -->
        <test-method status="FAIL" signature="finding_search()[pri:0, instance:website_searcher.website_searcher_test@5faeada1]" name="finding_search" duration-ms="43" started-at="2018-07-15T23:33:56Z" finished-at="2018-07-15T23:33:56Z">
          <exception class="org.openqa.selenium.WebDriverException">
            <message>
              <![CDATA[java.net.MalformedURLException: no protocol: jalbum.net
Build info: version: '3.12.0', revision: '7c6e0b3', time: '2018-05-08T15:15:08.936Z'
System info: host: 'LPT-SKODHA.local', ip: '2601:641:300:569b:1838:54c3:28ef:b06d', os.name: 'Mac OS X', os.arch: 'x86_64', os.version: '10.12.6', java.version: '1.8.0_121'
Driver info: driver.version: HtmlUnitDriver]]>
            </message>
            <full-stacktrace>
              <![CDATA[org.openqa.selenium.WebDriverException: java.net.MalformedURLException: no protocol: jalbum.net
Build info: version: '3.12.0', revision: '7c6e0b3', time: '2018-05-08T15:15:08.936Z'
System info: host: 'LPT-SKODHA.local', ip: '2601:641:300:569b:1838:54c3:28ef:b06d', os.name: 'Mac OS X', os.arch: 'x86_64', os.version: '10.12.6', java.version: '1.8.0_121'
Driver info: driver.version: HtmlUnitDriver
at org.openqa.selenium.htmlunit.HtmlUnitDriver.get(HtmlUnitDriver.java:659)
at website_searcher.website_searcher_test.finding_search(website_searcher_test.java:93)
at sun.reflect.GeneratedMethodAccessor5.invoke(Unknown Source)
at sun.reflect.DelegatingMethodAccessorImpl.invoke(DelegatingMethodAccessorImpl.java:43)
at java.lang.reflect.Method.invoke(Method.java:498)
at org.testng.internal.MethodInvocationHelper.invokeMethod(MethodInvocationHelper.java:124)
at org.testng.internal.Invoker.invokeMethod(Invoker.java:580)
at org.testng.internal.Invoker.invokeTestMethod(Invoker.java:716)
at org.testng.internal.Invoker.invokeTestMethods(Invoker.java:988)
at org.testng.internal.TestMethodWorker.invokeTestMethods(TestMethodWorker.java:125)
at org.testng.internal.TestMethodWorker.run(TestMethodWorker.java:109)
at org.testng.internal.thread.ThreadUtil$1.call(ThreadUtil.java:52)
at java.util.concurrent.FutureTask.run(FutureTask.java:266)
at java.util.concurrent.ThreadPoolExecutor.runWorker(ThreadPoolExecutor.java:1142)
at java.util.concurrent.ThreadPoolExecutor$Worker.run(ThreadPoolExecutor.java:617)
at java.lang.Thread.run(Thread.java:745)
Caused by: java.net.MalformedURLException: no protocol: jalbum.net
at java.net.URL.<init>(URL.java:593)
at java.net.URL.<init>(URL.java:490)
at java.net.URL.<init>(URL.java:439)
at org.openqa.selenium.htmlunit.HtmlUnitDriver.get(HtmlUnitDriver.java:657)
... 15 more
]]>
            </full-stacktrace>
          </exception> <!-- org.openqa.selenium.WebDriverException -->
          <reporter-output>
          </reporter-output>
        </test-method> <!-- finding_search -->
        <test-method status="FAIL" signature="finding_search()[pri:0, instance:website_searcher.website_searcher_test@5faeada1]" name="finding_search" duration-ms="49" started-at="2018-07-15T23:33:56Z" finished-at="2018-07-15T23:33:56Z">
          <exception class="org.openqa.selenium.WebDriverException">
            <message>
              <![CDATA[java.net.MalformedURLException: no protocol: dmoz.org
Build info: version: '3.12.0', revision: '7c6e0b3', time: '2018-05-08T15:15:08.936Z'
System info: host: 'LPT-SKODHA.local', ip: '2601:641:300:569b:1838:54c3:28ef:b06d', os.name: 'Mac OS X', os.arch: 'x86_64', os.version: '10.12.6', java.version: '1.8.0_121'
Driver info: driver.version: HtmlUnitDriver]]>
            </message>
            <full-stacktrace>
              <![CDATA[org.openqa.selenium.WebDriverException: java.net.MalformedURLException: no protocol: dmoz.org
Build info: version: '3.12.0', revision: '7c6e0b3', time: '2018-05-08T15:15:08.936Z'
System info: host: 'LPT-SKODHA.local', ip: '2601:641:300:569b:1838:54c3:28ef:b06d', os.name: 'Mac OS X', os.arch: 'x86_64', os.version: '10.12.6', java.version: '1.8.0_121'
Driver info: driver.version: HtmlUnitDriver
at org.openqa.selenium.htmlunit.HtmlUnitDriver.get(HtmlUnitDriver.java:659)
at website_searcher.website_searcher_test.finding_search(website_searcher_test.java:93)
at sun.reflect.GeneratedMethodAccessor5.invoke(Unknown Source)
at sun.reflect.DelegatingMethodAccessorImpl.invoke(DelegatingMethodAccessorImpl.java:43)
at java.lang.reflect.Method.invoke(Method.java:498)
at org.testng.internal.MethodInvocationHelper.invokeMethod(MethodInvocationHelper.java:124)
at org.testng.internal.Invoker.invokeMethod(Invoker.java:580)
at org.testng.internal.Invoker.invokeTestMethod(Invoker.java:716)
at org.testng.internal.Invoker.invokeTestMethods(Invoker.java:988)
at org.testng.internal.TestMethodWorker.invokeTestMethods(TestMethodWorker.java:125)
at org.testng.internal.TestMethodWorker.run(TestMethodWorker.java:109)
at org.testng.internal.thread.ThreadUtil$1.call(ThreadUtil.java:52)
at java.util.concurrent.FutureTask.run(FutureTask.java:266)
at java.util.concurrent.ThreadPoolExecutor.runWorker(ThreadPoolExecutor.java:1142)
at java.util.concurrent.ThreadPoolExecutor$Worker.run(ThreadPoolExecutor.java:617)
at java.lang.Thread.run(Thread.java:745)
Caused by: java.net.MalformedURLException: no protocol: dmoz.org
at java.net.URL.<init>(URL.java:593)
at java.net.URL.<init>(URL.java:490)
at java.net.URL.<init>(URL.java:439)
at org.openqa.selenium.htmlunit.HtmlUnitDriver.get(HtmlUnitDriver.java:657)
... 15 more
]]>
            </full-stacktrace>
          </exception> <!-- org.openqa.selenium.WebDriverException -->
          <reporter-output>
          </reporter-output>
        </test-method> <!-- finding_search -->
        <test-method status="FAIL" signature="finding_search()[pri:0, instance:website_searcher.website_searcher_test@5faeada1]" name="finding_search" duration-ms="48" started-at="2018-07-15T23:33:56Z" finished-at="2018-07-15T23:33:56Z">
          <exception class="org.openqa.selenium.WebDriverException">
            <message>
              <![CDATA[java.net.MalformedURLException: no protocol: hhs.gov
Build info: version: '3.12.0', revision: '7c6e0b3', time: '2018-05-08T15:15:08.936Z'
System info: host: 'LPT-SKODHA.local', ip: '2601:641:300:569b:1838:54c3:28ef:b06d', os.name: 'Mac OS X', os.arch: 'x86_64', os.version: '10.12.6', java.version: '1.8.0_121'
Driver info: driver.version: HtmlUnitDriver]]>
            </message>
            <full-stacktrace>
              <![CDATA[org.openqa.selenium.WebDriverException: java.net.MalformedURLException: no protocol: hhs.gov
Build info: version: '3.12.0', revision: '7c6e0b3', time: '2018-05-08T15:15:08.936Z'
System info: host: 'LPT-SKODHA.local', ip: '2601:641:300:569b:1838:54c3:28ef:b06d', os.name: 'Mac OS X', os.arch: 'x86_64', os.version: '10.12.6', java.version: '1.8.0_121'
Driver info: driver.version: HtmlUnitDriver
at org.openqa.selenium.htmlunit.HtmlUnitDriver.get(HtmlUnitDriver.java:659)
at website_searcher.website_searcher_test.finding_search(website_searcher_test.java:93)
at sun.reflect.GeneratedMethodAccessor5.invoke(Unknown Source)
at sun.reflect.DelegatingMethodAccessorImpl.invoke(DelegatingMethodAccessorImpl.java:43)
at java.lang.reflect.Method.invoke(Method.java:498)
at org.testng.internal.MethodInvocationHelper.invokeMethod(MethodInvocationHelper.java:124)
at org.testng.internal.Invoker.invokeMethod(Invoker.java:580)
at org.testng.internal.Invoker.invokeTestMethod(Invoker.java:716)
at org.testng.internal.Invoker.invokeTestMethods(Invoker.java:988)
at org.testng.internal.TestMethodWorker.invokeTestMethods(TestMethodWorker.java:125)
at org.testng.internal.TestMethodWorker.run(TestMethodWorker.java:109)
at org.testng.internal.thread.ThreadUtil$1.call(ThreadUtil.java:52)
at java.util.concurrent.FutureTask.run(FutureTask.java:266)
at java.util.concurrent.ThreadPoolExecutor.runWorker(ThreadPoolExecutor.java:1142)
at java.util.concurrent.ThreadPoolExecutor$Worker.run(ThreadPoolExecutor.java:617)
at java.lang.Thread.run(Thread.java:745)
Caused by: java.net.MalformedURLException: no protocol: hhs.gov
at java.net.URL.<init>(URL.java:593)
at java.net.URL.<init>(URL.java:490)
at java.net.URL.<init>(URL.java:439)
at org.openqa.selenium.htmlunit.HtmlUnitDriver.get(HtmlUnitDriver.java:657)
... 15 more
]]>
            </full-stacktrace>
          </exception> <!-- org.openqa.selenium.WebDriverException -->
          <reporter-output>
          </reporter-output>
        </test-method> <!-- finding_search -->
        <test-method status="FAIL" signature="finding_search()[pri:0, instance:website_searcher.website_searcher_test@5faeada1]" name="finding_search" duration-ms="28" started-at="2018-07-15T23:33:56Z" finished-at="2018-07-15T23:33:56Z">
          <exception class="org.openqa.selenium.WebDriverException">
            <message>
              <![CDATA[java.net.MalformedURLException: no protocol: cnbc.com
Build info: version: '3.12.0', revision: '7c6e0b3', time: '2018-05-08T15:15:08.936Z'
System info: host: 'LPT-SKODHA.local', ip: '2601:641:300:569b:1838:54c3:28ef:b06d', os.name: 'Mac OS X', os.arch: 'x86_64', os.version: '10.12.6', java.version: '1.8.0_121'
Driver info: driver.version: HtmlUnitDriver]]>
            </message>
            <full-stacktrace>
              <![CDATA[org.openqa.selenium.WebDriverException: java.net.MalformedURLException: no protocol: cnbc.com
Build info: version: '3.12.0', revision: '7c6e0b3', time: '2018-05-08T15:15:08.936Z'
System info: host: 'LPT-SKODHA.local', ip: '2601:641:300:569b:1838:54c3:28ef:b06d', os.name: 'Mac OS X', os.arch: 'x86_64', os.version: '10.12.6', java.version: '1.8.0_121'
Driver info: driver.version: HtmlUnitDriver
at org.openqa.selenium.htmlunit.HtmlUnitDriver.get(HtmlUnitDriver.java:659)
at website_searcher.website_searcher_test.finding_search(website_searcher_test.java:93)
at sun.reflect.GeneratedMethodAccessor5.invoke(Unknown Source)
at sun.reflect.DelegatingMethodAccessorImpl.invoke(DelegatingMethodAccessorImpl.java:43)
at java.lang.reflect.Method.invoke(Method.java:498)
at org.testng.internal.MethodInvocationHelper.invokeMethod(MethodInvocationHelper.java:124)
at org.testng.internal.Invoker.invokeMethod(Invoker.java:580)
at org.testng.internal.Invoker.invokeTestMethod(Invoker.java:716)
at org.testng.internal.Invoker.invokeTestMethods(Invoker.java:988)
at org.testng.internal.TestMethodWorker.invokeTestMethods(TestMethodWorker.java:125)
at org.testng.internal.TestMethodWorker.run(TestMethodWorker.java:109)
at org.testng.internal.thread.ThreadUtil$1.call(ThreadUtil.java:52)
at java.util.concurrent.FutureTask.run(FutureTask.java:266)
at java.util.concurrent.ThreadPoolExecutor.runWorker(ThreadPoolExecutor.java:1142)
at java.util.concurrent.ThreadPoolExecutor$Worker.run(ThreadPoolExecutor.java:617)
at java.lang.Thread.run(Thread.java:745)
Caused by: java.net.MalformedURLException: no protocol: cnbc.com
at java.net.URL.<init>(URL.java:593)
at java.net.URL.<init>(URL.java:490)
at java.net.URL.<init>(URL.java:439)
at org.openqa.selenium.htmlunit.HtmlUnitDriver.get(HtmlUnitDriver.java:657)
... 15 more
]]>
            </full-stacktrace>
          </exception> <!-- org.openqa.selenium.WebDriverException -->
          <reporter-output>
          </reporter-output>
        </test-method> <!-- finding_search -->
        <test-method status="FAIL" signature="finding_search()[pri:0, instance:website_searcher.website_searcher_test@5faeada1]" name="finding_search" duration-ms="26" started-at="2018-07-15T23:33:56Z" finished-at="2018-07-15T23:33:56Z">
          <exception class="org.openqa.selenium.WebDriverException">
            <message>
              <![CDATA[java.net.MalformedURLException: no protocol: chronoengine.com
Build info: version: '3.12.0', revision: '7c6e0b3', time: '2018-05-08T15:15:08.936Z'
System info: host: 'LPT-SKODHA.local', ip: '2601:641:300:569b:1838:54c3:28ef:b06d', os.name: 'Mac OS X', os.arch: 'x86_64', os.version: '10.12.6', java.version: '1.8.0_121'
Driver info: driver.version: HtmlUnitDriver]]>
            </message>
            <full-stacktrace>
              <![CDATA[org.openqa.selenium.WebDriverException: java.net.MalformedURLException: no protocol: chronoengine.com
Build info: version: '3.12.0', revision: '7c6e0b3', time: '2018-05-08T15:15:08.936Z'
System info: host: 'LPT-SKODHA.local', ip: '2601:641:300:569b:1838:54c3:28ef:b06d', os.name: 'Mac OS X', os.arch: 'x86_64', os.version: '10.12.6', java.version: '1.8.0_121'
Driver info: driver.version: HtmlUnitDriver
at org.openqa.selenium.htmlunit.HtmlUnitDriver.get(HtmlUnitDriver.java:659)
at website_searcher.website_searcher_test.finding_search(website_searcher_test.java:93)
at sun.reflect.GeneratedMethodAccessor5.invoke(Unknown Source)
at sun.reflect.DelegatingMethodAccessorImpl.invoke(DelegatingMethodAccessorImpl.java:43)
at java.lang.reflect.Method.invoke(Method.java:498)
at org.testng.internal.MethodInvocationHelper.invokeMethod(MethodInvocationHelper.java:124)
at org.testng.internal.Invoker.invokeMethod(Invoker.java:580)
at org.testng.internal.Invoker.invokeTestMethod(Invoker.java:716)
at org.testng.internal.Invoker.invokeTestMethods(Invoker.java:988)
at org.testng.internal.TestMethodWorker.invokeTestMethods(TestMethodWorker.java:125)
at org.testng.internal.TestMethodWorker.run(TestMethodWorker.java:109)
at org.testng.internal.thread.ThreadUtil$1.call(ThreadUtil.java:52)
at java.util.concurrent.FutureTask.run(FutureTask.java:266)
at java.util.concurrent.ThreadPoolExecutor.runWorker(ThreadPoolExecutor.java:1142)
at java.util.concurrent.ThreadPoolExecutor$Worker.run(ThreadPoolExecutor.java:617)
at java.lang.Thread.run(Thread.java:745)
Caused by: java.net.MalformedURLException: no protocol: chronoengine.com
at java.net.URL.<init>(URL.java:593)
at java.net.URL.<init>(URL.java:490)
at java.net.URL.<init>(URL.java:439)
at org.openqa.selenium.htmlunit.HtmlUnitDriver.get(HtmlUnitDriver.java:657)
... 15 more
]]>
            </full-stacktrace>
          </exception> <!-- org.openqa.selenium.WebDriverException -->
          <reporter-output>
          </reporter-output>
        </test-method> <!-- finding_search -->
      </class> <!-- website_searcher.website_searcher_test -->
    </test> <!-- Default test -->
  </suite> <!-- Default suite -->
</testng-results>
