<?xml version="1.0" encoding="UTF-8"?>
<!-- Generated by org.testng.reporters.JUnitXMLReporter -->
<testsuite hostname="LPT-SKODHA.local" ignored="0" name="website_searher" tests="5" failures="0" timestamp="15 Jul 2018 21:00:23 GMT" time="5.172" errors="0">
  <testcase name="finding_search" time="3.408" classname="website_searcher.website_searcher_test"/>
  <testcase name="finding_search" time="3.893" classname="website_searcher.website_searcher_test"/>
  <testcase name="finding_search" time="4.447" classname="website_searcher.website_searcher_test"/>
  <testcase name="finding_search" time="4.771" classname="website_searcher.website_searcher_test"/>
  <testcase name="finding_search" time="5.142" classname="website_searcher.website_searcher_test"/>
</testsuite> <!-- website_searher -->
